<?xml version="1.0" encoding="UTF-8"?>
<testsuite xmlns:xsi="http://www.w3.org/2001/XMLSchema-instance" xsi:noNamespaceSchemaLocation="https://maven.apache.org/surefire/maven-surefire-plugin/xsd/surefire-test-report.xsd" name="com.atguigu.admin.TestingAStackDemo" time="0.023" tests="15" errors="0" skipped="0" failures="0">
  <properties>
    <property name="sun.desktop" value="windows"/>
    <property name="awt.toolkit" value="sun.awt.windows.WToolkit"/>
    <property name="file.encoding.pkg" value="sun.io"/>
    <property name="java.specification.version" value="1.8"/>
    <property name="sun.cpu.isalist" value="amd64"/>
    <property name="sun.jnu.encoding" value="GBK"/>
    <property name="java.class.path" value="D:\softwareWork\workspace_study\spring_boot\li\boot-05-web-admin2\target\test-classes;D:\softwareWork\workspace_study\spring_boot\li\boot-05-web-admin2\target\classes;D:\softwareWork\environment\apache\apache-maven-repository\org\springframework\boot\spring-boot-starter-thymeleaf\2.4.0\spring-boot-starter-thymeleaf-2.4.0.jar;D:\softwareWork\environment\apache\apache-maven-repository\org\springframework\boot\spring-boot-starter\2.4.0\spring-boot-starter-2.4.0.jar;D:\softwareWork\environment\apache\apache-maven-repository\org\springframework\boot\spring-boot-starter-logging\2.4.0\spring-boot-starter-logging-2.4.0.jar;D:\softwareWork\environment\apache\apache-maven-repository\ch\qos\logback\logback-classic\1.2.3\logback-classic-1.2.3.jar;D:\softwareWork\environment\apache\apache-maven-repository\ch\qos\logback\logback-core\1.2.3\logback-core-1.2.3.jar;D:\softwareWork\environment\apache\apache-maven-repository\org\apache\logging\log4j\log4j-to-slf4j\2.13.3\log4j-to-slf4j-2.13.3.jar;D:\softwareWork\environment\apache\apache-maven-repository\org\apache\logging\log4j\log4j-api\2.13.3\log4j-api-2.13.3.jar;D:\softwareWork\environment\apache\apache-maven-repository\org\slf4j\jul-to-slf4j\1.7.30\jul-to-slf4j-1.7.30.jar;D:\softwareWork\environment\apache\apache-maven-repository\jakarta\annotation\jakarta.annotation-api\1.3.5\jakarta.annotation-api-1.3.5.jar;D:\softwareWork\environment\apache\apache-maven-repository\org\yaml\snakeyaml\1.27\snakeyaml-1.27.jar;D:\softwareWork\environment\apache\apache-maven-repository\org\thymeleaf\thymeleaf-spring5\3.0.11.RELEASE\thymeleaf-spring5-3.0.11.RELEASE.jar;D:\softwareWork\environment\apache\apache-maven-repository\org\thymeleaf\thymeleaf\3.0.11.RELEASE\thymeleaf-3.0.11.RELEASE.jar;D:\softwareWork\environment\apache\apache-maven-repository\org\attoparser\attoparser\2.0.5.RELEASE\attoparser-2.0.5.RELEASE.jar;D:\softwareWork\environment\apache\apache-maven-repository\org\unbescape\unbescape\1.1.6.RELEASE\unbescape-1.1.6.RELEASE.jar;D:\softwareWork\environment\apache\apache-maven-repository\org\thymeleaf\extras\thymeleaf-extras-java8time\3.0.4.RELEASE\thymeleaf-extras-java8time-3.0.4.RELEASE.jar;D:\softwareWork\environment\apache\apache-maven-repository\org\springframework\boot\spring-boot-starter-web\2.4.0\spring-boot-starter-web-2.4.0.jar;D:\softwareWork\environment\apache\apache-maven-repository\org\springframework\boot\spring-boot-starter-json\2.4.0\spring-boot-starter-json-2.4.0.jar;D:\softwareWork\environment\apache\apache-maven-repository\com\fasterxml\jackson\core\jackson-databind\2.11.3\jackson-databind-2.11.3.jar;D:\softwareWork\environment\apache\apache-maven-repository\com\fasterxml\jackson\core\jackson-annotations\2.11.3\jackson-annotations-2.11.3.jar;D:\softwareWork\environment\apache\apache-maven-repository\com\fasterxml\jackson\core\jackson-core\2.11.3\jackson-core-2.11.3.jar;D:\softwareWork\environment\apache\apache-maven-repository\com\fasterxml\jackson\datatype\jackson-datatype-jdk8\2.11.3\jackson-datatype-jdk8-2.11.3.jar;D:\softwareWork\environment\apache\apache-maven-repository\com\fasterxml\jackson\datatype\jackson-datatype-jsr310\2.11.3\jackson-datatype-jsr310-2.11.3.jar;D:\softwareWork\environment\apache\apache-maven-repository\com\fasterxml\jackson\module\jackson-module-parameter-names\2.11.3\jackson-module-parameter-names-2.11.3.jar;D:\softwareWork\environment\apache\apache-maven-repository\org\springframework\spring-web\5.3.1\spring-web-5.3.1.jar;D:\softwareWork\environment\apache\apache-maven-repository\org\springframework\spring-beans\5.3.1\spring-beans-5.3.1.jar;D:\softwareWork\environment\apache\apache-maven-repository\org\springframework\spring-webmvc\5.3.1\spring-webmvc-5.3.1.jar;D:\softwareWork\environment\apache\apache-maven-repository\org\springframework\spring-aop\5.3.1\spring-aop-5.3.1.jar;D:\softwareWork\environment\apache\apache-maven-repository\org\springframework\spring-context\5.3.1\spring-context-5.3.1.jar;D:\softwareWork\environment\apache\apache-maven-repository\org\springframework\spring-expression\5.3.1\spring-expression-5.3.1.jar;D:\softwareWork\environment\apache\apache-maven-repository\org\springframework\boot\spring-boot-starter-undertow\2.4.0\spring-boot-starter-undertow-2.4.0.jar;D:\softwareWork\environment\apache\apache-maven-repository\io\undertow\undertow-core\2.2.2.Final\undertow-core-2.2.2.Final.jar;D:\softwareWork\environment\apache\apache-maven-repository\org\jboss\logging\jboss-logging\3.4.1.Final\jboss-logging-3.4.1.Final.jar;D:\softwareWork\environment\apache\apache-maven-repository\org\jboss\xnio\xnio-api\3.8.0.Final\xnio-api-3.8.0.Final.jar;D:\softwareWork\environment\apache\apache-maven-repository\org\wildfly\common\wildfly-common\1.5.2.Final\wildfly-common-1.5.2.Final.jar;D:\softwareWork\environment\apache\apache-maven-repository\org\wildfly\client\wildfly-client-config\1.0.1.Final\wildfly-client-config-1.0.1.Final.jar;D:\softwareWork\environment\apache\apache-maven-repository\org\jboss\xnio\xnio-nio\3.8.0.Final\xnio-nio-3.8.0.Final.jar;D:\softwareWork\environment\apache\apache-maven-repository\org\jboss\threads\jboss-threads\3.1.0.Final\jboss-threads-3.1.0.Final.jar;D:\softwareWork\environment\apache\apache-maven-repository\io\undertow\undertow-servlet\2.2.2.Final\undertow-servlet-2.2.2.Final.jar;D:\softwareWork\environment\apache\apache-maven-repository\org\jboss\spec\javax\annotation\jboss-annotations-api_1.3_spec\2.0.1.Final\jboss-annotations-api_1.3_spec-2.0.1.Final.jar;D:\softwareWork\environment\apache\apache-maven-repository\io\undertow\undertow-websockets-jsr\2.2.2.Final\undertow-websockets-jsr-2.2.2.Final.jar;D:\softwareWork\environment\apache\apache-maven-repository\org\jboss\spec\javax\websocket\jboss-websocket-api_1.1_spec\2.0.0.Final\jboss-websocket-api_1.1_spec-2.0.0.Final.jar;D:\softwareWork\environment\apache\apache-maven-repository\jakarta\servlet\jakarta.servlet-api\4.0.4\jakarta.servlet-api-4.0.4.jar;D:\softwareWork\environment\apache\apache-maven-repository\org\glassfish\jakarta.el\3.0.3\jakarta.el-3.0.3.jar;D:\softwareWork\environment\apache\apache-maven-repository\com\alibaba\druid-spring-boot-starter\1.1.17\druid-spring-boot-starter-1.1.17.jar;D:\softwareWork\environment\apache\apache-maven-repository\com\alibaba\druid\1.1.17\druid-1.1.17.jar;D:\softwareWork\environment\apache\apache-maven-repository\org\slf4j\slf4j-api\1.7.30\slf4j-api-1.7.30.jar;D:\softwareWork\environment\apache\apache-maven-repository\org\springframework\boot\spring-boot-autoconfigure\2.4.0\spring-boot-autoconfigure-2.4.0.jar;D:\softwareWork\environment\apache\apache-maven-repository\com\baomidou\mybatis-plus-boot-starter\3.4.1\mybatis-plus-boot-starter-3.4.1.jar;D:\softwareWork\environment\apache\apache-maven-repository\com\baomidou\mybatis-plus\3.4.1\mybatis-plus-3.4.1.jar;D:\softwareWork\environment\apache\apache-maven-repository\com\baomidou\mybatis-plus-extension\3.4.1\mybatis-plus-extension-3.4.1.jar;D:\softwareWork\environment\apache\apache-maven-repository\com\baomidou\mybatis-plus-core\3.4.1\mybatis-plus-core-3.4.1.jar;D:\softwareWork\environment\apache\apache-maven-repository\com\baomidou\mybatis-plus-annotation\3.4.1\mybatis-plus-annotation-3.4.1.jar;D:\softwareWork\environment\apache\apache-maven-repository\com\github\jsqlparser\jsqlparser\3.2\jsqlparser-3.2.jar;D:\softwareWork\environment\apache\apache-maven-repository\org\mybatis\mybatis\3.5.6\mybatis-3.5.6.jar;D:\softwareWork\environment\apache\apache-maven-repository\org\mybatis\mybatis-spring\2.0.5\mybatis-spring-2.0.5.jar;D:\softwareWork\environment\apache\apache-maven-repository\org\springframework\boot\spring-boot-starter-jdbc\2.4.0\spring-boot-starter-jdbc-2.4.0.jar;D:\softwareWork\environment\apache\apache-maven-repository\com\zaxxer\HikariCP\3.4.5\HikariCP-3.4.5.jar;D:\softwareWork\environment\apache\apache-maven-repository\org\springframework\spring-jdbc\5.3.1\spring-jdbc-5.3.1.jar;D:\softwareWork\environment\apache\apache-maven-repository\org\springframework\boot\spring-boot-starter-data-redis\2.4.0\spring-boot-starter-data-redis-2.4.0.jar;D:\softwareWork\environment\apache\apache-maven-repository\org\springframework\data\spring-data-redis\2.4.1\spring-data-redis-2.4.1.jar;D:\softwareWork\environment\apache\apache-maven-repository\org\springframework\data\spring-data-keyvalue\2.4.1\spring-data-keyvalue-2.4.1.jar;D:\softwareWork\environment\apache\apache-maven-repository\org\springframework\data\spring-data-commons\2.4.1\spring-data-commons-2.4.1.jar;D:\softwareWork\environment\apache\apache-maven-repository\org\springframework\spring-tx\5.3.1\spring-tx-5.3.1.jar;D:\softwareWork\environment\apache\apache-maven-repository\org\springframework\spring-oxm\5.3.1\spring-oxm-5.3.1.jar;D:\softwareWork\environment\apache\apache-maven-repository\org\springframework\spring-context-support\5.3.1\spring-context-support-5.3.1.jar;D:\softwareWork\environment\apache\apache-maven-repository\io\lettuce\lettuce-core\6.0.1.RELEASE\lettuce-core-6.0.1.RELEASE.jar;D:\softwareWork\environment\apache\apache-maven-repository\io\netty\netty-common\4.1.54.Final\netty-common-4.1.54.Final.jar;D:\softwareWork\environment\apache\apache-maven-repository\io\netty\netty-handler\4.1.54.Final\netty-handler-4.1.54.Final.jar;D:\softwareWork\environment\apache\apache-maven-repository\io\netty\netty-resolver\4.1.54.Final\netty-resolver-4.1.54.Final.jar;D:\softwareWork\environment\apache\apache-maven-repository\io\netty\netty-buffer\4.1.54.Final\netty-buffer-4.1.54.Final.jar;D:\softwareWork\environment\apache\apache-maven-repository\io\netty\netty-codec\4.1.54.Final\netty-codec-4.1.54.Final.jar;D:\softwareWork\environment\apache\apache-maven-repository\io\netty\netty-transport\4.1.54.Final\netty-transport-4.1.54.Final.jar;D:\softwareWork\environment\apache\apache-maven-repository\io\projectreactor\reactor-core\3.4.0\reactor-core-3.4.0.jar;D:\softwareWork\environment\apache\apache-maven-repository\org\reactivestreams\reactive-streams\1.0.3\reactive-streams-1.0.3.jar;D:\softwareWork\environment\apache\apache-maven-repository\redis\clients\jedis\3.3.0\jedis-3.3.0.jar;D:\softwareWork\environment\apache\apache-maven-repository\org\apache\commons\commons-pool2\2.9.0\commons-pool2-2.9.0.jar;D:\softwareWork\environment\apache\apache-maven-repository\mysql\mysql-connector-java\5.1.49\mysql-connector-java-5.1.49.jar;D:\softwareWork\environment\apache\apache-maven-repository\org\springframework\boot\spring-boot-devtools\2.4.0\spring-boot-devtools-2.4.0.jar;D:\softwareWork\environment\apache\apache-maven-repository\org\springframework\boot\spring-boot\2.4.0\spring-boot-2.4.0.jar;D:\softwareWork\environment\apache\apache-maven-repository\org\springframework\boot\spring-boot-configuration-processor\2.4.0\spring-boot-configuration-processor-2.4.0.jar;D:\softwareWork\environment\apache\apache-maven-repository\org\projectlombok\lombok\1.18.16\lombok-1.18.16.jar;D:\softwareWork\environment\apache\apache-maven-repository\org\springframework\boot\spring-boot-starter-test\2.4.0\spring-boot-starter-test-2.4.0.jar;D:\softwareWork\environment\apache\apache-maven-repository\org\springframework\boot\spring-boot-test\2.4.0\spring-boot-test-2.4.0.jar;D:\softwareWork\environment\apache\apache-maven-repository\org\springframework\boot\spring-boot-test-autoconfigure\2.4.0\spring-boot-test-autoconfigure-2.4.0.jar;D:\softwareWork\environment\apache\apache-maven-repository\com\jayway\jsonpath\json-path\2.4.0\json-path-2.4.0.jar;D:\softwareWork\environment\apache\apache-maven-repository\net\minidev\json-smart\2.3\json-smart-2.3.jar;D:\softwareWork\environment\apache\apache-maven-repository\net\minidev\accessors-smart\1.2\accessors-smart-1.2.jar;D:\softwareWork\environment\apache\apache-maven-repository\org\ow2\asm\asm\5.0.4\asm-5.0.4.jar;D:\softwareWork\environment\apache\apache-maven-repository\jakarta\xml\bind\jakarta.xml.bind-api\2.3.3\jakarta.xml.bind-api-2.3.3.jar;D:\softwareWork\environment\apache\apache-maven-repository\jakarta\activation\jakarta.activation-api\1.2.2\jakarta.activation-api-1.2.2.jar;D:\softwareWork\environment\apache\apache-maven-repository\org\assertj\assertj-core\3.18.1\assertj-core-3.18.1.jar;D:\softwareWork\environment\apache\apache-maven-repository\org\hamcrest\hamcrest\2.2\hamcrest-2.2.jar;D:\softwareWork\environment\apache\apache-maven-repository\org\junit\jupiter\junit-jupiter\5.7.0\junit-jupiter-5.7.0.jar;D:\softwareWork\environment\apache\apache-maven-repository\org\junit\jupiter\junit-jupiter-api\5.7.0\junit-jupiter-api-5.7.0.jar;D:\softwareWork\environment\apache\apache-maven-repository\org\apiguardian\apiguardian-api\1.1.0\apiguardian-api-1.1.0.jar;D:\softwareWork\environment\apache\apache-maven-repository\org\opentest4j\opentest4j\1.2.0\opentest4j-1.2.0.jar;D:\softwareWork\environment\apache\apache-maven-repository\org\junit\platform\junit-platform-commons\1.7.0\junit-platform-commons-1.7.0.jar;D:\softwareWork\environment\apache\apache-maven-repository\org\junit\jupiter\junit-jupiter-params\5.7.0\junit-jupiter-params-5.7.0.jar;D:\softwareWork\environment\apache\apache-maven-repository\org\junit\jupiter\junit-jupiter-engine\5.7.0\junit-jupiter-engine-5.7.0.jar;D:\softwareWork\environment\apache\apache-maven-repository\org\junit\platform\junit-platform-engine\1.7.0\junit-platform-engine-1.7.0.jar;D:\softwareWork\environment\apache\apache-maven-repository\org\mockito\mockito-core\3.6.0\mockito-core-3.6.0.jar;D:\softwareWork\environment\apache\apache-maven-repository\net\bytebuddy\byte-buddy\1.10.18\byte-buddy-1.10.18.jar;D:\softwareWork\environment\apache\apache-maven-repository\net\bytebuddy\byte-buddy-agent\1.10.18\byte-buddy-agent-1.10.18.jar;D:\softwareWork\environment\apache\apache-maven-repository\org\objenesis\objenesis\3.1\objenesis-3.1.jar;D:\softwareWork\environment\apache\apache-maven-repository\org\mockito\mockito-junit-jupiter\3.6.0\mockito-junit-jupiter-3.6.0.jar;D:\softwareWork\environment\apache\apache-maven-repository\org\skyscreamer\jsonassert\1.5.0\jsonassert-1.5.0.jar;D:\softwareWork\environment\apache\apache-maven-repository\com\vaadin\external\google\android-json\0.0.20131108.vaadin1\android-json-0.0.20131108.vaadin1.jar;D:\softwareWork\environment\apache\apache-maven-repository\org\springframework\spring-core\5.3.1\spring-core-5.3.1.jar;D:\softwareWork\environment\apache\apache-maven-repository\org\springframework\spring-jcl\5.3.1\spring-jcl-5.3.1.jar;D:\softwareWork\environment\apache\apache-maven-repository\org\springframework\spring-test\5.3.1\spring-test-5.3.1.jar;D:\softwareWork\environment\apache\apache-maven-repository\org\xmlunit\xmlunit-core\2.7.0\xmlunit-core-2.7.0.jar;D:\softwareWork\environment\apache\apache-maven-repository\org\springframework\boot\spring-boot-starter-actuator\2.4.0\spring-boot-starter-actuator-2.4.0.jar;D:\softwareWork\environment\apache\apache-maven-repository\org\springframework\boot\spring-boot-actuator-autoconfigure\2.4.0\spring-boot-actuator-autoconfigure-2.4.0.jar;D:\softwareWork\environment\apache\apache-maven-repository\org\springframework\boot\spring-boot-actuator\2.4.0\spring-boot-actuator-2.4.0.jar;D:\softwareWork\environment\apache\apache-maven-repository\io\micrometer\micrometer-core\1.6.1\micrometer-core-1.6.1.jar;D:\softwareWork\environment\apache\apache-maven-repository\org\hdrhistogram\HdrHistogram\2.1.12\HdrHistogram-2.1.12.jar;D:\softwareWork\environment\apache\apache-maven-repository\org\latencyutils\LatencyUtils\2.0.3\LatencyUtils-2.0.3.jar;D:\softwareWork\environment\apache\apache-maven-repository\de\codecentric\spring-boot-admin-starter-client\2.3.1\spring-boot-admin-starter-client-2.3.1.jar;D:\softwareWork\environment\apache\apache-maven-repository\de\codecentric\spring-boot-admin-client\2.3.1\spring-boot-admin-client-2.3.1.jar;"/>
    <property name="java.vm.vendor" value="Amazon.com Inc."/>
    <property name="sun.arch.data.model" value="64"/>
    <property name="user.variant" value=""/>
    <property name="java.vendor.url" value="https://aws.amazon.com/corretto/"/>
    <property name="user.timezone" value="Asia/Shanghai"/>
    <property name="java.vm.specification.version" value="1.8"/>
    <property name="os.name" value="Windows 10"/>
    <property name="user.country" value="CN"/>
    <property name="sun.java.launcher" value="SUN_STANDARD"/>
    <property name="sun.boot.library.path" value="C:\Users\李的大侠\.jdks\corretto-1.8.0_302\jre\bin"/>
    <property name="sun.java.command" value="C:\Users\李的大侠\AppData\Local\Temp\surefire4896173818048530089\surefirebooter7521969640103930311.jar C:\Users\李的大侠\AppData\Local\Temp\surefire4896173818048530089 2021-09-03T21-25-39_213-jvmRun1 surefire5366494828334684643tmp surefire_06993444427330349160tmp"/>
    <property name="surefire.test.class.path" value="D:\softwareWork\workspace_study\spring_boot\li\boot-05-web-admin2\target\test-classes;D:\softwareWork\workspace_study\spring_boot\li\boot-05-web-admin2\target\classes;D:\softwareWork\environment\apache\apache-maven-repository\org\springframework\boot\spring-boot-starter-thymeleaf\2.4.0\spring-boot-starter-thymeleaf-2.4.0.jar;D:\softwareWork\environment\apache\apache-maven-repository\org\springframework\boot\spring-boot-starter\2.4.0\spring-boot-starter-2.4.0.jar;D:\softwareWork\environment\apache\apache-maven-repository\org\springframework\boot\spring-boot-starter-logging\2.4.0\spring-boot-starter-logging-2.4.0.jar;D:\softwareWork\environment\apache\apache-maven-repository\ch\qos\logback\logback-classic\1.2.3\logback-classic-1.2.3.jar;D:\softwareWork\environment\apache\apache-maven-repository\ch\qos\logback\logback-core\1.2.3\logback-core-1.2.3.jar;D:\softwareWork\environment\apache\apache-maven-repository\org\apache\logging\log4j\log4j-to-slf4j\2.13.3\log4j-to-slf4j-2.13.3.jar;D:\softwareWork\environment\apache\apache-maven-repository\org\apache\logging\log4j\log4j-api\2.13.3\log4j-api-2.13.3.jar;D:\softwareWork\environment\apache\apache-maven-repository\org\slf4j\jul-to-slf4j\1.7.30\jul-to-slf4j-1.7.30.jar;D:\softwareWork\environment\apache\apache-maven-repository\jakarta\annotation\jakarta.annotation-api\1.3.5\jakarta.annotation-api-1.3.5.jar;D:\softwareWork\environment\apache\apache-maven-repository\org\yaml\snakeyaml\1.27\snakeyaml-1.27.jar;D:\softwareWork\environment\apache\apache-maven-repository\org\thymeleaf\thymeleaf-spring5\3.0.11.RELEASE\thymeleaf-spring5-3.0.11.RELEASE.jar;D:\softwareWork\environment\apache\apache-maven-repository\org\thymeleaf\thymeleaf\3.0.11.RELEASE\thymeleaf-3.0.11.RELEASE.jar;D:\softwareWork\environment\apache\apache-maven-repository\org\attoparser\attoparser\2.0.5.RELEASE\attoparser-2.0.5.RELEASE.jar;D:\softwareWork\environment\apache\apache-maven-repository\org\unbescape\unbescape\1.1.6.RELEASE\unbescape-1.1.6.RELEASE.jar;D:\softwareWork\environment\apache\apache-maven-repository\org\thymeleaf\extras\thymeleaf-extras-java8time\3.0.4.RELEASE\thymeleaf-extras-java8time-3.0.4.RELEASE.jar;D:\softwareWork\environment\apache\apache-maven-repository\org\springframework\boot\spring-boot-starter-web\2.4.0\spring-boot-starter-web-2.4.0.jar;D:\softwareWork\environment\apache\apache-maven-repository\org\springframework\boot\spring-boot-starter-json\2.4.0\spring-boot-starter-json-2.4.0.jar;D:\softwareWork\environment\apache\apache-maven-repository\com\fasterxml\jackson\core\jackson-databind\2.11.3\jackson-databind-2.11.3.jar;D:\softwareWork\environment\apache\apache-maven-repository\com\fasterxml\jackson\core\jackson-annotations\2.11.3\jackson-annotations-2.11.3.jar;D:\softwareWork\environment\apache\apache-maven-repository\com\fasterxml\jackson\core\jackson-core\2.11.3\jackson-core-2.11.3.jar;D:\softwareWork\environment\apache\apache-maven-repository\com\fasterxml\jackson\datatype\jackson-datatype-jdk8\2.11.3\jackson-datatype-jdk8-2.11.3.jar;D:\softwareWork\environment\apache\apache-maven-repository\com\fasterxml\jackson\datatype\jackson-datatype-jsr310\2.11.3\jackson-datatype-jsr310-2.11.3.jar;D:\softwareWork\environment\apache\apache-maven-repository\com\fasterxml\jackson\module\jackson-module-parameter-names\2.11.3\jackson-module-parameter-names-2.11.3.jar;D:\softwareWork\environment\apache\apache-maven-repository\org\springframework\spring-web\5.3.1\spring-web-5.3.1.jar;D:\softwareWork\environment\apache\apache-maven-repository\org\springframework\spring-beans\5.3.1\spring-beans-5.3.1.jar;D:\softwareWork\environment\apache\apache-maven-repository\org\springframework\spring-webmvc\5.3.1\spring-webmvc-5.3.1.jar;D:\softwareWork\environment\apache\apache-maven-repository\org\springframework\spring-aop\5.3.1\spring-aop-5.3.1.jar;D:\softwareWork\environment\apache\apache-maven-repository\org\springframework\spring-context\5.3.1\spring-context-5.3.1.jar;D:\softwareWork\environment\apache\apache-maven-repository\org\springframework\spring-expression\5.3.1\spring-expression-5.3.1.jar;D:\softwareWork\environment\apache\apache-maven-repository\org\springframework\boot\spring-boot-starter-undertow\2.4.0\spring-boot-starter-undertow-2.4.0.jar;D:\softwareWork\environment\apache\apache-maven-repository\io\undertow\undertow-core\2.2.2.Final\undertow-core-2.2.2.Final.jar;D:\softwareWork\environment\apache\apache-maven-repository\org\jboss\logging\jboss-logging\3.4.1.Final\jboss-logging-3.4.1.Final.jar;D:\softwareWork\environment\apache\apache-maven-repository\org\jboss\xnio\xnio-api\3.8.0.Final\xnio-api-3.8.0.Final.jar;D:\softwareWork\environment\apache\apache-maven-repository\org\wildfly\common\wildfly-common\1.5.2.Final\wildfly-common-1.5.2.Final.jar;D:\softwareWork\environment\apache\apache-maven-repository\org\wildfly\client\wildfly-client-config\1.0.1.Final\wildfly-client-config-1.0.1.Final.jar;D:\softwareWork\environment\apache\apache-maven-repository\org\jboss\xnio\xnio-nio\3.8.0.Final\xnio-nio-3.8.0.Final.jar;D:\softwareWork\environment\apache\apache-maven-repository\org\jboss\threads\jboss-threads\3.1.0.Final\jboss-threads-3.1.0.Final.jar;D:\softwareWork\environment\apache\apache-maven-repository\io\undertow\undertow-servlet\2.2.2.Final\undertow-servlet-2.2.2.Final.jar;D:\softwareWork\environment\apache\apache-maven-repository\org\jboss\spec\javax\annotation\jboss-annotations-api_1.3_spec\2.0.1.Final\jboss-annotations-api_1.3_spec-2.0.1.Final.jar;D:\softwareWork\environment\apache\apache-maven-repository\io\undertow\undertow-websockets-jsr\2.2.2.Final\undertow-websockets-jsr-2.2.2.Final.jar;D:\softwareWork\environment\apache\apache-maven-repository\org\jboss\spec\javax\websocket\jboss-websocket-api_1.1_spec\2.0.0.Final\jboss-websocket-api_1.1_spec-2.0.0.Final.jar;D:\softwareWork\environment\apache\apache-maven-repository\jakarta\servlet\jakarta.servlet-api\4.0.4\jakarta.servlet-api-4.0.4.jar;D:\softwareWork\environment\apache\apache-maven-repository\org\glassfish\jakarta.el\3.0.3\jakarta.el-3.0.3.jar;D:\softwareWork\environment\apache\apache-maven-repository\com\alibaba\druid-spring-boot-starter\1.1.17\druid-spring-boot-starter-1.1.17.jar;D:\softwareWork\environment\apache\apache-maven-repository\com\alibaba\druid\1.1.17\druid-1.1.17.jar;D:\softwareWork\environment\apache\apache-maven-repository\org\slf4j\slf4j-api\1.7.30\slf4j-api-1.7.30.jar;D:\softwareWork\environment\apache\apache-maven-repository\org\springframework\boot\spring-boot-autoconfigure\2.4.0\spring-boot-autoconfigure-2.4.0.jar;D:\softwareWork\environment\apache\apache-maven-repository\com\baomidou\mybatis-plus-boot-starter\3.4.1\mybatis-plus-boot-starter-3.4.1.jar;D:\softwareWork\environment\apache\apache-maven-repository\com\baomidou\mybatis-plus\3.4.1\mybatis-plus-3.4.1.jar;D:\softwareWork\environment\apache\apache-maven-repository\com\baomidou\mybatis-plus-extension\3.4.1\mybatis-plus-extension-3.4.1.jar;D:\softwareWork\environment\apache\apache-maven-repository\com\baomidou\mybatis-plus-core\3.4.1\mybatis-plus-core-3.4.1.jar;D:\softwareWork\environment\apache\apache-maven-repository\com\baomidou\mybatis-plus-annotation\3.4.1\mybatis-plus-annotation-3.4.1.jar;D:\softwareWork\environment\apache\apache-maven-repository\com\github\jsqlparser\jsqlparser\3.2\jsqlparser-3.2.jar;D:\softwareWork\environment\apache\apache-maven-repository\org\mybatis\mybatis\3.5.6\mybatis-3.5.6.jar;D:\softwareWork\environment\apache\apache-maven-repository\org\mybatis\mybatis-spring\2.0.5\mybatis-spring-2.0.5.jar;D:\softwareWork\environment\apache\apache-maven-repository\org\springframework\boot\spring-boot-starter-jdbc\2.4.0\spring-boot-starter-jdbc-2.4.0.jar;D:\softwareWork\environment\apache\apache-maven-repository\com\zaxxer\HikariCP\3.4.5\HikariCP-3.4.5.jar;D:\softwareWork\environment\apache\apache-maven-repository\org\springframework\spring-jdbc\5.3.1\spring-jdbc-5.3.1.jar;D:\softwareWork\environment\apache\apache-maven-repository\org\springframework\boot\spring-boot-starter-data-redis\2.4.0\spring-boot-starter-data-redis-2.4.0.jar;D:\softwareWork\environment\apache\apache-maven-repository\org\springframework\data\spring-data-redis\2.4.1\spring-data-redis-2.4.1.jar;D:\softwareWork\environment\apache\apache-maven-repository\org\springframework\data\spring-data-keyvalue\2.4.1\spring-data-keyvalue-2.4.1.jar;D:\softwareWork\environment\apache\apache-maven-repository\org\springframework\data\spring-data-commons\2.4.1\spring-data-commons-2.4.1.jar;D:\softwareWork\environment\apache\apache-maven-repository\org\springframework\spring-tx\5.3.1\spring-tx-5.3.1.jar;D:\softwareWork\environment\apache\apache-maven-repository\org\springframework\spring-oxm\5.3.1\spring-oxm-5.3.1.jar;D:\softwareWork\environment\apache\apache-maven-repository\org\springframework\spring-context-support\5.3.1\spring-context-support-5.3.1.jar;D:\softwareWork\environment\apache\apache-maven-repository\io\lettuce\lettuce-core\6.0.1.RELEASE\lettuce-core-6.0.1.RELEASE.jar;D:\softwareWork\environment\apache\apache-maven-repository\io\netty\netty-common\4.1.54.Final\netty-common-4.1.54.Final.jar;D:\softwareWork\environment\apache\apache-maven-repository\io\netty\netty-handler\4.1.54.Final\netty-handler-4.1.54.Final.jar;D:\softwareWork\environment\apache\apache-maven-repository\io\netty\netty-resolver\4.1.54.Final\netty-resolver-4.1.54.Final.jar;D:\softwareWork\environment\apache\apache-maven-repository\io\netty\netty-buffer\4.1.54.Final\netty-buffer-4.1.54.Final.jar;D:\softwareWork\environment\apache\apache-maven-repository\io\netty\netty-codec\4.1.54.Final\netty-codec-4.1.54.Final.jar;D:\softwareWork\environment\apache\apache-maven-repository\io\netty\netty-transport\4.1.54.Final\netty-transport-4.1.54.Final.jar;D:\softwareWork\environment\apache\apache-maven-repository\io\projectreactor\reactor-core\3.4.0\reactor-core-3.4.0.jar;D:\softwareWork\environment\apache\apache-maven-repository\org\reactivestreams\reactive-streams\1.0.3\reactive-streams-1.0.3.jar;D:\softwareWork\environment\apache\apache-maven-repository\redis\clients\jedis\3.3.0\jedis-3.3.0.jar;D:\softwareWork\environment\apache\apache-maven-repository\org\apache\commons\commons-pool2\2.9.0\commons-pool2-2.9.0.jar;D:\softwareWork\environment\apache\apache-maven-repository\mysql\mysql-connector-java\5.1.49\mysql-connector-java-5.1.49.jar;D:\softwareWork\environment\apache\apache-maven-repository\org\springframework\boot\spring-boot-devtools\2.4.0\spring-boot-devtools-2.4.0.jar;D:\softwareWork\environment\apache\apache-maven-repository\org\springframework\boot\spring-boot\2.4.0\spring-boot-2.4.0.jar;D:\softwareWork\environment\apache\apache-maven-repository\org\springframework\boot\spring-boot-configuration-processor\2.4.0\spring-boot-configuration-processor-2.4.0.jar;D:\softwareWork\environment\apache\apache-maven-repository\org\projectlombok\lombok\1.18.16\lombok-1.18.16.jar;D:\softwareWork\environment\apache\apache-maven-repository\org\springframework\boot\spring-boot-starter-test\2.4.0\spring-boot-starter-test-2.4.0.jar;D:\softwareWork\environment\apache\apache-maven-repository\org\springframework\boot\spring-boot-test\2.4.0\spring-boot-test-2.4.0.jar;D:\softwareWork\environment\apache\apache-maven-repository\org\springframework\boot\spring-boot-test-autoconfigure\2.4.0\spring-boot-test-autoconfigure-2.4.0.jar;D:\softwareWork\environment\apache\apache-maven-repository\com\jayway\jsonpath\json-path\2.4.0\json-path-2.4.0.jar;D:\softwareWork\environment\apache\apache-maven-repository\net\minidev\json-smart\2.3\json-smart-2.3.jar;D:\softwareWork\environment\apache\apache-maven-repository\net\minidev\accessors-smart\1.2\accessors-smart-1.2.jar;D:\softwareWork\environment\apache\apache-maven-repository\org\ow2\asm\asm\5.0.4\asm-5.0.4.jar;D:\softwareWork\environment\apache\apache-maven-repository\jakarta\xml\bind\jakarta.xml.bind-api\2.3.3\jakarta.xml.bind-api-2.3.3.jar;D:\softwareWork\environment\apache\apache-maven-repository\jakarta\activation\jakarta.activation-api\1.2.2\jakarta.activation-api-1.2.2.jar;D:\softwareWork\environment\apache\apache-maven-repository\org\assertj\assertj-core\3.18.1\assertj-core-3.18.1.jar;D:\softwareWork\environment\apache\apache-maven-repository\org\hamcrest\hamcrest\2.2\hamcrest-2.2.jar;D:\softwareWork\environment\apache\apache-maven-repository\org\junit\jupiter\junit-jupiter\5.7.0\junit-jupiter-5.7.0.jar;D:\softwareWork\environment\apache\apache-maven-repository\org\junit\jupiter\junit-jupiter-api\5.7.0\junit-jupiter-api-5.7.0.jar;D:\softwareWork\environment\apache\apache-maven-repository\org\apiguardian\apiguardian-api\1.1.0\apiguardian-api-1.1.0.jar;D:\softwareWork\environment\apache\apache-maven-repository\org\opentest4j\opentest4j\1.2.0\opentest4j-1.2.0.jar;D:\softwareWork\environment\apache\apache-maven-repository\org\junit\platform\junit-platform-commons\1.7.0\junit-platform-commons-1.7.0.jar;D:\softwareWork\environment\apache\apache-maven-repository\org\junit\jupiter\junit-jupiter-params\5.7.0\junit-jupiter-params-5.7.0.jar;D:\softwareWork\environment\apache\apache-maven-repository\org\junit\jupiter\junit-jupiter-engine\5.7.0\junit-jupiter-engine-5.7.0.jar;D:\softwareWork\environment\apache\apache-maven-repository\org\junit\platform\junit-platform-engine\1.7.0\junit-platform-engine-1.7.0.jar;D:\softwareWork\environment\apache\apache-maven-repository\org\mockito\mockito-core\3.6.0\mockito-core-3.6.0.jar;D:\softwareWork\environment\apache\apache-maven-repository\net\bytebuddy\byte-buddy\1.10.18\byte-buddy-1.10.18.jar;D:\softwareWork\environment\apache\apache-maven-repository\net\bytebuddy\byte-buddy-agent\1.10.18\byte-buddy-agent-1.10.18.jar;D:\softwareWork\environment\apache\apache-maven-repository\org\objenesis\objenesis\3.1\objenesis-3.1.jar;D:\softwareWork\environment\apache\apache-maven-repository\org\mockito\mockito-junit-jupiter\3.6.0\mockito-junit-jupiter-3.6.0.jar;D:\softwareWork\environment\apache\apache-maven-repository\org\skyscreamer\jsonassert\1.5.0\jsonassert-1.5.0.jar;D:\softwareWork\environment\apache\apache-maven-repository\com\vaadin\external\google\android-json\0.0.20131108.vaadin1\android-json-0.0.20131108.vaadin1.jar;D:\softwareWork\environment\apache\apache-maven-repository\org\springframework\spring-core\5.3.1\spring-core-5.3.1.jar;D:\softwareWork\environment\apache\apache-maven-repository\org\springframework\spring-jcl\5.3.1\spring-jcl-5.3.1.jar;D:\softwareWork\environment\apache\apache-maven-repository\org\springframework\spring-test\5.3.1\spring-test-5.3.1.jar;D:\softwareWork\environment\apache\apache-maven-repository\org\xmlunit\xmlunit-core\2.7.0\xmlunit-core-2.7.0.jar;D:\softwareWork\environment\apache\apache-maven-repository\org\springframework\boot\spring-boot-starter-actuator\2.4.0\spring-boot-starter-actuator-2.4.0.jar;D:\softwareWork\environment\apache\apache-maven-repository\org\springframework\boot\spring-boot-actuator-autoconfigure\2.4.0\spring-boot-actuator-autoconfigure-2.4.0.jar;D:\softwareWork\environment\apache\apache-maven-repository\org\springframework\boot\spring-boot-actuator\2.4.0\spring-boot-actuator-2.4.0.jar;D:\softwareWork\environment\apache\apache-maven-repository\io\micrometer\micrometer-core\1.6.1\micrometer-core-1.6.1.jar;D:\softwareWork\environment\apache\apache-maven-repository\org\hdrhistogram\HdrHistogram\2.1.12\HdrHistogram-2.1.12.jar;D:\softwareWork\environment\apache\apache-maven-repository\org\latencyutils\LatencyUtils\2.0.3\LatencyUtils-2.0.3.jar;D:\softwareWork\environment\apache\apache-maven-repository\de\codecentric\spring-boot-admin-starter-client\2.3.1\spring-boot-admin-starter-client-2.3.1.jar;D:\softwareWork\environment\apache\apache-maven-repository\de\codecentric\spring-boot-admin-client\2.3.1\spring-boot-admin-client-2.3.1.jar;"/>
    <property name="sun.cpu.endian" value="little"/>
    <property name="user.home" value="C:\Users\李的大侠"/>
    <property name="user.language" value="zh"/>
    <property name="java.specification.vendor" value="Oracle Corporation"/>
    <property name="java.home" value="C:\Users\李的大侠\.jdks\corretto-1.8.0_302\jre"/>
    <property name="basedir" value="D:\softwareWork\workspace_study\spring_boot\li\boot-05-web-admin2"/>
    <property name="file.separator" value="\"/>
    <property name="line.separator" value="&#10;"/>
    <property name="java.vm.specification.vendor" value="Oracle Corporation"/>
    <property name="java.specification.name" value="Java Platform API Specification"/>
    <property name="java.awt.graphicsenv" value="sun.awt.Win32GraphicsEnvironment"/>
    <property name="surefire.real.class.path" value="C:\Users\李的大侠\AppData\Local\Temp\surefire4896173818048530089\surefirebooter7521969640103930311.jar"/>
    <property name="sun.boot.class.path" value="C:\Users\李的大侠\.jdks\corretto-1.8.0_302\jre\lib\resources.jar;C:\Users\李的大侠\.jdks\corretto-1.8.0_302\jre\lib\rt.jar;C:\Users\李的大侠\.jdks\corretto-1.8.0_302\jre\lib\sunrsasign.jar;C:\Users\李的大侠\.jdks\corretto-1.8.0_302\jre\lib\jsse.jar;C:\Users\李的大侠\.jdks\corretto-1.8.0_302\jre\lib\jce.jar;C:\Users\李的大侠\.jdks\corretto-1.8.0_302\jre\lib\charsets.jar;C:\Users\李的大侠\.jdks\corretto-1.8.0_302\jre\lib\jfr.jar;C:\Users\李的大侠\.jdks\corretto-1.8.0_302\jre\classes"/>
    <property name="user.script" value=""/>
    <property name="sun.management.compiler" value="HotSpot 64-Bit Tiered Compilers"/>
    <property name="java.runtime.version" value="1.8.0_302-b08"/>
    <property name="user.name" value="李的大侠"/>
    <property name="path.separator" value=";"/>
    <property name="os.version" value="10.0"/>
    <property name="java.endorsed.dirs" value="C:\Users\李的大侠\.jdks\corretto-1.8.0_302\jre\lib\endorsed"/>
    <property name="java.runtime.name" value="OpenJDK Runtime Environment"/>
    <property name="file.encoding" value="GBK"/>
    <property name="java.vm.name" value="OpenJDK 64-Bit Server VM"/>
    <property name="localRepository" value="D:\softwareWork\environment\apache\apache-maven-repository"/>
    <property name="java.vendor.url.bug" value="https://github.com/corretto/corretto-8/issues/"/>
    <property name="java.io.tmpdir" value="C:\Users\李的大侠\AppData\Local\Temp\"/>
    <property name="idea.version" value="2021.1.1"/>
    <property name="java.version" value="1.8.0_302"/>
    <property name="user.dir" value="D:\softwareWork\workspace_study\spring_boot\li\boot-05-web-admin2"/>
    <property name="os.arch" value="amd64"/>
    <property name="java.vm.specification.name" value="Java Virtual Machine Specification"/>
    <property name="java.awt.printerjob" value="sun.awt.windows.WPrinterJob"/>
    <property name="sun.os.patch.level" value=""/>
    <property name="java.library.path" value="C:\Users\李的大侠\.jdks\corretto-1.8.0_302\jre\bin;C:\Windows\Sun\Java\bin;C:\Windows\system32;C:\Windows;D:\softwareWork\environment\oracle\oracle\product\product\11.2.0\dbhome_1\bin;C:\Program Files (x86)\Common Files\Oracle\Java\javapath;C:\Windows\system32;C:\Windows;C:\Windows\System32\Wbem;C:\Windows\System32\WindowsPowerShell\v1.0\;C:\Windows\System32\OpenSSH\;C:\Program Files (x86)\NVIDIA Corporation\PhysX\Common;C:\Program Files\NVIDIA Corporation\NVIDIA NvDLISR;D:\softwareWork\Git\cmd;C:\Program Files\TortoiseGit\bin;D:\softwareWork\environment\java\java1.8\bin;D:\softwareWork\environment\java\java1.8\jre\bin;D:\softwareWork\environment\mysql\mysql-5.6.42\bin;D:\softwareWork\environment\node\;D:\softwareWork\environment\node\node_global;D:\softwareWork\environment\apache\apache-maven-3.6.3\bin;D:\softwareWork\TortoiseSVN\bin;D:\softwareWork\environment\redis\ruby\Ruby26-x64\bin;C:\Users\李的大侠\AppData\Local\Microsoft\WindowsApps;;D:\softwareWork\JetBrains\IntelliJ IDEA 2021.1.1\bin;;D:\softwareWork\Microsoft VS Code\bin;C:\Users\李的大侠\AppData\Roaming\npm;."/>
    <property name="java.vm.info" value="mixed mode"/>
    <property name="java.vendor" value="Amazon.com Inc."/>
    <property name="java.vm.version" value="25.302-b08"/>
    <property name="java.ext.dirs" value="C:\Users\李的大侠\.jdks\corretto-1.8.0_302\jre\lib\ext;C:\Windows\Sun\Java\lib\ext"/>
    <property name="sun.io.unicode.encoding" value="UnicodeLittle"/>
    <property name="java.class.version" value="52.0"/>
  </properties>
  <testcase name="testParameterized2{String}[1]" classname="com.atguigu.admin.TestingAStackDemo" time="0.008"/>
  <testcase name="testParameterized2{String}[2]" classname="com.atguigu.admin.TestingAStackDemo" time="0"/>
  <testcase name="testParameterized2{String}[3]" classname="com.atguigu.admin.TestingAStackDemo" time="0"/>
  <testcase name="isInstantiatedWithNew" classname="com.atguigu.admin.TestingAStackDemo" time="0.001"/>
  <testcase name="testParameterized{int}[1]" classname="com.atguigu.admin.TestingAStackDemo" time="0.001"/>
  <testcase name="testParameterized{int}[2]" classname="com.atguigu.admin.TestingAStackDemo" time="0.001"/>
  <testcase name="testParameterized{int}[3]" classname="com.atguigu.admin.TestingAStackDemo" time="0"/>
  <testcase name="testParameterized{int}[4]" classname="com.atguigu.admin.TestingAStackDemo" time="0"/>
  <testcase name="testParameterized{int}[5]" classname="com.atguigu.admin.TestingAStackDemo" time="0"/>
  <testcase name="throwsExceptionWhenPeeked" classname="com.atguigu.admin.TestingAStackDemo$WhenNew" time="0"/>
  <testcase name="throwsExceptionWhenPopped" classname="com.atguigu.admin.TestingAStackDemo$WhenNew" time="0"/>
  <testcase name="isEmpty" classname="com.atguigu.admin.TestingAStackDemo$WhenNew" time="0"/>
  <testcase name="returnElementWhenPeeked" classname="com.atguigu.admin.TestingAStackDemo$WhenNew$AfterPushing" time="0.001"/>
  <testcase name="returnElementWhenPopped" classname="com.atguigu.admin.TestingAStackDemo$WhenNew$AfterPushing" time="0.001"/>
  <testcase name="isNotEmpty" classname="com.atguigu.admin.TestingAStackDemo$WhenNew$AfterPushing" time="0"/>
</testsuite>