<?xml version="1.0" encoding="UTF-8"?>
<testsuite xmlns:xsi="http://www.w3.org/2001/XMLSchema-instance" xsi:noNamespaceSchemaLocation="https://maven.apache.org/surefire/maven-surefire-plugin/xsd/surefire-test-report.xsd" name="com.atguigu.admin.Junit5Test" time="0.365" tests="15" errors="1" skipped="2" failures="3">
  <properties>
    <property name="sun.desktop" value="windows"/>
    <property name="awt.toolkit" value="sun.awt.windows.WToolkit"/>
    <property name="file.encoding.pkg" value="sun.io"/>
    <property name="java.specification.version" value="1.8"/>
    <property name="sun.cpu.isalist" value="amd64"/>
    <property name="sun.jnu.encoding" value="GBK"/>
    <property name="java.class.path" value="D:\softwareWork\workspace_study\spring_boot\li\boot-05-web-admin2\target\test-classes;D:\softwareWork\workspace_study\spring_boot\li\boot-05-web-admin2\target\classes;D:\softwareWork\environment\apache\apache-maven-repository\org\springframework\boot\spring-boot-starter-thymeleaf\2.4.0\spring-boot-starter-thymeleaf-2.4.0.jar;D:\softwareWork\environment\apache\apache-maven-repository\org\springframework\boot\spring-boot-starter\2.4.0\spring-boot-starter-2.4.0.jar;D:\softwareWork\environment\apache\apache-maven-repository\org\springframework\boot\spring-boot-starter-logging\2.4.0\spring-boot-starter-logging-2.4.0.jar;D:\softwareWork\environment\apache\apache-maven-repository\ch\qos\logback\logback-classic\1.2.3\logback-classic-1.2.3.jar;D:\softwareWork\environment\apache\apache-maven-repository\ch\qos\logback\logback-core\1.2.3\logback-core-1.2.3.jar;D:\softwareWork\environment\apache\apache-maven-repository\org\apache\logging\log4j\log4j-to-slf4j\2.13.3\log4j-to-slf4j-2.13.3.jar;D:\softwareWork\environment\apache\apache-maven-repository\org\apache\logging\log4j\log4j-api\2.13.3\log4j-api-2.13.3.jar;D:\softwareWork\environment\apache\apache-maven-repository\org\slf4j\jul-to-slf4j\1.7.30\jul-to-slf4j-1.7.30.jar;D:\softwareWork\environment\apache\apache-maven-repository\jakarta\annotation\jakarta.annotation-api\1.3.5\jakarta.annotation-api-1.3.5.jar;D:\softwareWork\environment\apache\apache-maven-repository\org\yaml\snakeyaml\1.27\snakeyaml-1.27.jar;D:\softwareWork\environment\apache\apache-maven-repository\org\thymeleaf\thymeleaf-spring5\3.0.11.RELEASE\thymeleaf-spring5-3.0.11.RELEASE.jar;D:\softwareWork\environment\apache\apache-maven-repository\org\thymeleaf\thymeleaf\3.0.11.RELEASE\thymeleaf-3.0.11.RELEASE.jar;D:\softwareWork\environment\apache\apache-maven-repository\org\attoparser\attoparser\2.0.5.RELEASE\attoparser-2.0.5.RELEASE.jar;D:\softwareWork\environment\apache\apache-maven-repository\org\unbescape\unbescape\1.1.6.RELEASE\unbescape-1.1.6.RELEASE.jar;D:\softwareWork\environment\apache\apache-maven-repository\org\thymeleaf\extras\thymeleaf-extras-java8time\3.0.4.RELEASE\thymeleaf-extras-java8time-3.0.4.RELEASE.jar;D:\softwareWork\environment\apache\apache-maven-repository\org\springframework\boot\spring-boot-starter-web\2.4.0\spring-boot-starter-web-2.4.0.jar;D:\softwareWork\environment\apache\apache-maven-repository\org\springframework\boot\spring-boot-starter-json\2.4.0\spring-boot-starter-json-2.4.0.jar;D:\softwareWork\environment\apache\apache-maven-repository\com\fasterxml\jackson\core\jackson-databind\2.11.3\jackson-databind-2.11.3.jar;D:\softwareWork\environment\apache\apache-maven-repository\com\fasterxml\jackson\core\jackson-annotations\2.11.3\jackson-annotations-2.11.3.jar;D:\softwareWork\environment\apache\apache-maven-repository\com\fasterxml\jackson\core\jackson-core\2.11.3\jackson-core-2.11.3.jar;D:\softwareWork\environment\apache\apache-maven-repository\com\fasterxml\jackson\datatype\jackson-datatype-jdk8\2.11.3\jackson-datatype-jdk8-2.11.3.jar;D:\softwareWork\environment\apache\apache-maven-repository\com\fasterxml\jackson\datatype\jackson-datatype-jsr310\2.11.3\jackson-datatype-jsr310-2.11.3.jar;D:\softwareWork\environment\apache\apache-maven-repository\com\fasterxml\jackson\module\jackson-module-parameter-names\2.11.3\jackson-module-parameter-names-2.11.3.jar;D:\softwareWork\environment\apache\apache-maven-repository\org\springframework\spring-web\5.3.1\spring-web-5.3.1.jar;D:\softwareWork\environment\apache\apache-maven-repository\org\springframework\spring-beans\5.3.1\spring-beans-5.3.1.jar;D:\softwareWork\environment\apache\apache-maven-repository\org\springframework\spring-webmvc\5.3.1\spring-webmvc-5.3.1.jar;D:\softwareWork\environment\apache\apache-maven-repository\org\springframework\spring-aop\5.3.1\spring-aop-5.3.1.jar;D:\softwareWork\environment\apache\apache-maven-repository\org\springframework\spring-context\5.3.1\spring-context-5.3.1.jar;D:\softwareWork\environment\apache\apache-maven-repository\org\springframework\spring-expression\5.3.1\spring-expression-5.3.1.jar;D:\softwareWork\environment\apache\apache-maven-repository\org\springframework\boot\spring-boot-starter-undertow\2.4.0\spring-boot-starter-undertow-2.4.0.jar;D:\softwareWork\environment\apache\apache-maven-repository\io\undertow\undertow-core\2.2.2.Final\undertow-core-2.2.2.Final.jar;D:\softwareWork\environment\apache\apache-maven-repository\org\jboss\logging\jboss-logging\3.4.1.Final\jboss-logging-3.4.1.Final.jar;D:\softwareWork\environment\apache\apache-maven-repository\org\jboss\xnio\xnio-api\3.8.0.Final\xnio-api-3.8.0.Final.jar;D:\softwareWork\environment\apache\apache-maven-repository\org\wildfly\common\wildfly-common\1.5.2.Final\wildfly-common-1.5.2.Final.jar;D:\softwareWork\environment\apache\apache-maven-repository\org\wildfly\client\wildfly-client-config\1.0.1.Final\wildfly-client-config-1.0.1.Final.jar;D:\softwareWork\environment\apache\apache-maven-repository\org\jboss\xnio\xnio-nio\3.8.0.Final\xnio-nio-3.8.0.Final.jar;D:\softwareWork\environment\apache\apache-maven-repository\org\jboss\threads\jboss-threads\3.1.0.Final\jboss-threads-3.1.0.Final.jar;D:\softwareWork\environment\apache\apache-maven-repository\io\undertow\undertow-servlet\2.2.2.Final\undertow-servlet-2.2.2.Final.jar;D:\softwareWork\environment\apache\apache-maven-repository\org\jboss\spec\javax\annotation\jboss-annotations-api_1.3_spec\2.0.1.Final\jboss-annotations-api_1.3_spec-2.0.1.Final.jar;D:\softwareWork\environment\apache\apache-maven-repository\io\undertow\undertow-websockets-jsr\2.2.2.Final\undertow-websockets-jsr-2.2.2.Final.jar;D:\softwareWork\environment\apache\apache-maven-repository\org\jboss\spec\javax\websocket\jboss-websocket-api_1.1_spec\2.0.0.Final\jboss-websocket-api_1.1_spec-2.0.0.Final.jar;D:\softwareWork\environment\apache\apache-maven-repository\jakarta\servlet\jakarta.servlet-api\4.0.4\jakarta.servlet-api-4.0.4.jar;D:\softwareWork\environment\apache\apache-maven-repository\org\glassfish\jakarta.el\3.0.3\jakarta.el-3.0.3.jar;D:\softwareWork\environment\apache\apache-maven-repository\com\alibaba\druid-spring-boot-starter\1.1.17\druid-spring-boot-starter-1.1.17.jar;D:\softwareWork\environment\apache\apache-maven-repository\com\alibaba\druid\1.1.17\druid-1.1.17.jar;D:\softwareWork\environment\apache\apache-maven-repository\org\slf4j\slf4j-api\1.7.30\slf4j-api-1.7.30.jar;D:\softwareWork\environment\apache\apache-maven-repository\org\springframework\boot\spring-boot-autoconfigure\2.4.0\spring-boot-autoconfigure-2.4.0.jar;D:\softwareWork\environment\apache\apache-maven-repository\com\baomidou\mybatis-plus-boot-starter\3.4.1\mybatis-plus-boot-starter-3.4.1.jar;D:\softwareWork\environment\apache\apache-maven-repository\com\baomidou\mybatis-plus\3.4.1\mybatis-plus-3.4.1.jar;D:\softwareWork\environment\apache\apache-maven-repository\com\baomidou\mybatis-plus-extension\3.4.1\mybatis-plus-extension-3.4.1.jar;D:\softwareWork\environment\apache\apache-maven-repository\com\baomidou\mybatis-plus-core\3.4.1\mybatis-plus-core-3.4.1.jar;D:\softwareWork\environment\apache\apache-maven-repository\com\baomidou\mybatis-plus-annotation\3.4.1\mybatis-plus-annotation-3.4.1.jar;D:\softwareWork\environment\apache\apache-maven-repository\com\github\jsqlparser\jsqlparser\3.2\jsqlparser-3.2.jar;D:\softwareWork\environment\apache\apache-maven-repository\org\mybatis\mybatis\3.5.6\mybatis-3.5.6.jar;D:\softwareWork\environment\apache\apache-maven-repository\org\mybatis\mybatis-spring\2.0.5\mybatis-spring-2.0.5.jar;D:\softwareWork\environment\apache\apache-maven-repository\org\springframework\boot\spring-boot-starter-jdbc\2.4.0\spring-boot-starter-jdbc-2.4.0.jar;D:\softwareWork\environment\apache\apache-maven-repository\com\zaxxer\HikariCP\3.4.5\HikariCP-3.4.5.jar;D:\softwareWork\environment\apache\apache-maven-repository\org\springframework\spring-jdbc\5.3.1\spring-jdbc-5.3.1.jar;D:\softwareWork\environment\apache\apache-maven-repository\org\springframework\boot\spring-boot-starter-data-redis\2.4.0\spring-boot-starter-data-redis-2.4.0.jar;D:\softwareWork\environment\apache\apache-maven-repository\org\springframework\data\spring-data-redis\2.4.1\spring-data-redis-2.4.1.jar;D:\softwareWork\environment\apache\apache-maven-repository\org\springframework\data\spring-data-keyvalue\2.4.1\spring-data-keyvalue-2.4.1.jar;D:\softwareWork\environment\apache\apache-maven-repository\org\springframework\data\spring-data-commons\2.4.1\spring-data-commons-2.4.1.jar;D:\softwareWork\environment\apache\apache-maven-repository\org\springframework\spring-tx\5.3.1\spring-tx-5.3.1.jar;D:\softwareWork\environment\apache\apache-maven-repository\org\springframework\spring-oxm\5.3.1\spring-oxm-5.3.1.jar;D:\softwareWork\environment\apache\apache-maven-repository\org\springframework\spring-context-support\5.3.1\spring-context-support-5.3.1.jar;D:\softwareWork\environment\apache\apache-maven-repository\io\lettuce\lettuce-core\6.0.1.RELEASE\lettuce-core-6.0.1.RELEASE.jar;D:\softwareWork\environment\apache\apache-maven-repository\io\netty\netty-common\4.1.54.Final\netty-common-4.1.54.Final.jar;D:\softwareWork\environment\apache\apache-maven-repository\io\netty\netty-handler\4.1.54.Final\netty-handler-4.1.54.Final.jar;D:\softwareWork\environment\apache\apache-maven-repository\io\netty\netty-resolver\4.1.54.Final\netty-resolver-4.1.54.Final.jar;D:\softwareWork\environment\apache\apache-maven-repository\io\netty\netty-buffer\4.1.54.Final\netty-buffer-4.1.54.Final.jar;D:\softwareWork\environment\apache\apache-maven-repository\io\netty\netty-codec\4.1.54.Final\netty-codec-4.1.54.Final.jar;D:\softwareWork\environment\apache\apache-maven-repository\io\netty\netty-transport\4.1.54.Final\netty-transport-4.1.54.Final.jar;D:\softwareWork\environment\apache\apache-maven-repository\io\projectreactor\reactor-core\3.4.0\reactor-core-3.4.0.jar;D:\softwareWork\environment\apache\apache-maven-repository\org\reactivestreams\reactive-streams\1.0.3\reactive-streams-1.0.3.jar;D:\softwareWork\environment\apache\apache-maven-repository\redis\clients\jedis\3.3.0\jedis-3.3.0.jar;D:\softwareWork\environment\apache\apache-maven-repository\org\apache\commons\commons-pool2\2.9.0\commons-pool2-2.9.0.jar;D:\softwareWork\environment\apache\apache-maven-repository\mysql\mysql-connector-java\5.1.49\mysql-connector-java-5.1.49.jar;D:\softwareWork\environment\apache\apache-maven-repository\org\springframework\boot\spring-boot-devtools\2.4.0\spring-boot-devtools-2.4.0.jar;D:\softwareWork\environment\apache\apache-maven-repository\org\springframework\boot\spring-boot\2.4.0\spring-boot-2.4.0.jar;D:\softwareWork\environment\apache\apache-maven-repository\org\springframework\boot\spring-boot-configuration-processor\2.4.0\spring-boot-configuration-processor-2.4.0.jar;D:\softwareWork\environment\apache\apache-maven-repository\org\projectlombok\lombok\1.18.16\lombok-1.18.16.jar;D:\softwareWork\environment\apache\apache-maven-repository\org\springframework\boot\spring-boot-starter-test\2.4.0\spring-boot-starter-test-2.4.0.jar;D:\softwareWork\environment\apache\apache-maven-repository\org\springframework\boot\spring-boot-test\2.4.0\spring-boot-test-2.4.0.jar;D:\softwareWork\environment\apache\apache-maven-repository\org\springframework\boot\spring-boot-test-autoconfigure\2.4.0\spring-boot-test-autoconfigure-2.4.0.jar;D:\softwareWork\environment\apache\apache-maven-repository\com\jayway\jsonpath\json-path\2.4.0\json-path-2.4.0.jar;D:\softwareWork\environment\apache\apache-maven-repository\net\minidev\json-smart\2.3\json-smart-2.3.jar;D:\softwareWork\environment\apache\apache-maven-repository\net\minidev\accessors-smart\1.2\accessors-smart-1.2.jar;D:\softwareWork\environment\apache\apache-maven-repository\org\ow2\asm\asm\5.0.4\asm-5.0.4.jar;D:\softwareWork\environment\apache\apache-maven-repository\jakarta\xml\bind\jakarta.xml.bind-api\2.3.3\jakarta.xml.bind-api-2.3.3.jar;D:\softwareWork\environment\apache\apache-maven-repository\jakarta\activation\jakarta.activation-api\1.2.2\jakarta.activation-api-1.2.2.jar;D:\softwareWork\environment\apache\apache-maven-repository\org\assertj\assertj-core\3.18.1\assertj-core-3.18.1.jar;D:\softwareWork\environment\apache\apache-maven-repository\org\hamcrest\hamcrest\2.2\hamcrest-2.2.jar;D:\softwareWork\environment\apache\apache-maven-repository\org\junit\jupiter\junit-jupiter\5.7.0\junit-jupiter-5.7.0.jar;D:\softwareWork\environment\apache\apache-maven-repository\org\junit\jupiter\junit-jupiter-api\5.7.0\junit-jupiter-api-5.7.0.jar;D:\softwareWork\environment\apache\apache-maven-repository\org\apiguardian\apiguardian-api\1.1.0\apiguardian-api-1.1.0.jar;D:\softwareWork\environment\apache\apache-maven-repository\org\opentest4j\opentest4j\1.2.0\opentest4j-1.2.0.jar;D:\softwareWork\environment\apache\apache-maven-repository\org\junit\platform\junit-platform-commons\1.7.0\junit-platform-commons-1.7.0.jar;D:\softwareWork\environment\apache\apache-maven-repository\org\junit\jupiter\junit-jupiter-params\5.7.0\junit-jupiter-params-5.7.0.jar;D:\softwareWork\environment\apache\apache-maven-repository\org\junit\jupiter\junit-jupiter-engine\5.7.0\junit-jupiter-engine-5.7.0.jar;D:\softwareWork\environment\apache\apache-maven-repository\org\junit\platform\junit-platform-engine\1.7.0\junit-platform-engine-1.7.0.jar;D:\softwareWork\environment\apache\apache-maven-repository\org\mockito\mockito-core\3.6.0\mockito-core-3.6.0.jar;D:\softwareWork\environment\apache\apache-maven-repository\net\bytebuddy\byte-buddy\1.10.18\byte-buddy-1.10.18.jar;D:\softwareWork\environment\apache\apache-maven-repository\net\bytebuddy\byte-buddy-agent\1.10.18\byte-buddy-agent-1.10.18.jar;D:\softwareWork\environment\apache\apache-maven-repository\org\objenesis\objenesis\3.1\objenesis-3.1.jar;D:\softwareWork\environment\apache\apache-maven-repository\org\mockito\mockito-junit-jupiter\3.6.0\mockito-junit-jupiter-3.6.0.jar;D:\softwareWork\environment\apache\apache-maven-repository\org\skyscreamer\jsonassert\1.5.0\jsonassert-1.5.0.jar;D:\softwareWork\environment\apache\apache-maven-repository\com\vaadin\external\google\android-json\0.0.20131108.vaadin1\android-json-0.0.20131108.vaadin1.jar;D:\softwareWork\environment\apache\apache-maven-repository\org\springframework\spring-core\5.3.1\spring-core-5.3.1.jar;D:\softwareWork\environment\apache\apache-maven-repository\org\springframework\spring-jcl\5.3.1\spring-jcl-5.3.1.jar;D:\softwareWork\environment\apache\apache-maven-repository\org\springframework\spring-test\5.3.1\spring-test-5.3.1.jar;D:\softwareWork\environment\apache\apache-maven-repository\org\xmlunit\xmlunit-core\2.7.0\xmlunit-core-2.7.0.jar;D:\softwareWork\environment\apache\apache-maven-repository\org\springframework\boot\spring-boot-starter-actuator\2.4.0\spring-boot-starter-actuator-2.4.0.jar;D:\softwareWork\environment\apache\apache-maven-repository\org\springframework\boot\spring-boot-actuator-autoconfigure\2.4.0\spring-boot-actuator-autoconfigure-2.4.0.jar;D:\softwareWork\environment\apache\apache-maven-repository\org\springframework\boot\spring-boot-actuator\2.4.0\spring-boot-actuator-2.4.0.jar;D:\softwareWork\environment\apache\apache-maven-repository\io\micrometer\micrometer-core\1.6.1\micrometer-core-1.6.1.jar;D:\softwareWork\environment\apache\apache-maven-repository\org\hdrhistogram\HdrHistogram\2.1.12\HdrHistogram-2.1.12.jar;D:\softwareWork\environment\apache\apache-maven-repository\org\latencyutils\LatencyUtils\2.0.3\LatencyUtils-2.0.3.jar;D:\softwareWork\environment\apache\apache-maven-repository\de\codecentric\spring-boot-admin-starter-client\2.3.1\spring-boot-admin-starter-client-2.3.1.jar;D:\softwareWork\environment\apache\apache-maven-repository\de\codecentric\spring-boot-admin-client\2.3.1\spring-boot-admin-client-2.3.1.jar;"/>
    <property name="java.vm.vendor" value="Amazon.com Inc."/>
    <property name="sun.arch.data.model" value="64"/>
    <property name="user.variant" value=""/>
    <property name="java.vendor.url" value="https://aws.amazon.com/corretto/"/>
    <property name="user.timezone" value="Asia/Shanghai"/>
    <property name="java.vm.specification.version" value="1.8"/>
    <property name="os.name" value="Windows 10"/>
    <property name="user.country" value="CN"/>
    <property name="sun.java.launcher" value="SUN_STANDARD"/>
    <property name="sun.boot.library.path" value="C:\Users\李的大侠\.jdks\corretto-1.8.0_302\jre\bin"/>
    <property name="sun.java.command" value="C:\Users\李的大侠\AppData\Local\Temp\surefire4896173818048530089\surefirebooter7521969640103930311.jar C:\Users\李的大侠\AppData\Local\Temp\surefire4896173818048530089 2021-09-03T21-25-39_213-jvmRun1 surefire5366494828334684643tmp surefire_06993444427330349160tmp"/>
    <property name="surefire.test.class.path" value="D:\softwareWork\workspace_study\spring_boot\li\boot-05-web-admin2\target\test-classes;D:\softwareWork\workspace_study\spring_boot\li\boot-05-web-admin2\target\classes;D:\softwareWork\environment\apache\apache-maven-repository\org\springframework\boot\spring-boot-starter-thymeleaf\2.4.0\spring-boot-starter-thymeleaf-2.4.0.jar;D:\softwareWork\environment\apache\apache-maven-repository\org\springframework\boot\spring-boot-starter\2.4.0\spring-boot-starter-2.4.0.jar;D:\softwareWork\environment\apache\apache-maven-repository\org\springframework\boot\spring-boot-starter-logging\2.4.0\spring-boot-starter-logging-2.4.0.jar;D:\softwareWork\environment\apache\apache-maven-repository\ch\qos\logback\logback-classic\1.2.3\logback-classic-1.2.3.jar;D:\softwareWork\environment\apache\apache-maven-repository\ch\qos\logback\logback-core\1.2.3\logback-core-1.2.3.jar;D:\softwareWork\environment\apache\apache-maven-repository\org\apache\logging\log4j\log4j-to-slf4j\2.13.3\log4j-to-slf4j-2.13.3.jar;D:\softwareWork\environment\apache\apache-maven-repository\org\apache\logging\log4j\log4j-api\2.13.3\log4j-api-2.13.3.jar;D:\softwareWork\environment\apache\apache-maven-repository\org\slf4j\jul-to-slf4j\1.7.30\jul-to-slf4j-1.7.30.jar;D:\softwareWork\environment\apache\apache-maven-repository\jakarta\annotation\jakarta.annotation-api\1.3.5\jakarta.annotation-api-1.3.5.jar;D:\softwareWork\environment\apache\apache-maven-repository\org\yaml\snakeyaml\1.27\snakeyaml-1.27.jar;D:\softwareWork\environment\apache\apache-maven-repository\org\thymeleaf\thymeleaf-spring5\3.0.11.RELEASE\thymeleaf-spring5-3.0.11.RELEASE.jar;D:\softwareWork\environment\apache\apache-maven-repository\org\thymeleaf\thymeleaf\3.0.11.RELEASE\thymeleaf-3.0.11.RELEASE.jar;D:\softwareWork\environment\apache\apache-maven-repository\org\attoparser\attoparser\2.0.5.RELEASE\attoparser-2.0.5.RELEASE.jar;D:\softwareWork\environment\apache\apache-maven-repository\org\unbescape\unbescape\1.1.6.RELEASE\unbescape-1.1.6.RELEASE.jar;D:\softwareWork\environment\apache\apache-maven-repository\org\thymeleaf\extras\thymeleaf-extras-java8time\3.0.4.RELEASE\thymeleaf-extras-java8time-3.0.4.RELEASE.jar;D:\softwareWork\environment\apache\apache-maven-repository\org\springframework\boot\spring-boot-starter-web\2.4.0\spring-boot-starter-web-2.4.0.jar;D:\softwareWork\environment\apache\apache-maven-repository\org\springframework\boot\spring-boot-starter-json\2.4.0\spring-boot-starter-json-2.4.0.jar;D:\softwareWork\environment\apache\apache-maven-repository\com\fasterxml\jackson\core\jackson-databind\2.11.3\jackson-databind-2.11.3.jar;D:\softwareWork\environment\apache\apache-maven-repository\com\fasterxml\jackson\core\jackson-annotations\2.11.3\jackson-annotations-2.11.3.jar;D:\softwareWork\environment\apache\apache-maven-repository\com\fasterxml\jackson\core\jackson-core\2.11.3\jackson-core-2.11.3.jar;D:\softwareWork\environment\apache\apache-maven-repository\com\fasterxml\jackson\datatype\jackson-datatype-jdk8\2.11.3\jackson-datatype-jdk8-2.11.3.jar;D:\softwareWork\environment\apache\apache-maven-repository\com\fasterxml\jackson\datatype\jackson-datatype-jsr310\2.11.3\jackson-datatype-jsr310-2.11.3.jar;D:\softwareWork\environment\apache\apache-maven-repository\com\fasterxml\jackson\module\jackson-module-parameter-names\2.11.3\jackson-module-parameter-names-2.11.3.jar;D:\softwareWork\environment\apache\apache-maven-repository\org\springframework\spring-web\5.3.1\spring-web-5.3.1.jar;D:\softwareWork\environment\apache\apache-maven-repository\org\springframework\spring-beans\5.3.1\spring-beans-5.3.1.jar;D:\softwareWork\environment\apache\apache-maven-repository\org\springframework\spring-webmvc\5.3.1\spring-webmvc-5.3.1.jar;D:\softwareWork\environment\apache\apache-maven-repository\org\springframework\spring-aop\5.3.1\spring-aop-5.3.1.jar;D:\softwareWork\environment\apache\apache-maven-repository\org\springframework\spring-context\5.3.1\spring-context-5.3.1.jar;D:\softwareWork\environment\apache\apache-maven-repository\org\springframework\spring-expression\5.3.1\spring-expression-5.3.1.jar;D:\softwareWork\environment\apache\apache-maven-repository\org\springframework\boot\spring-boot-starter-undertow\2.4.0\spring-boot-starter-undertow-2.4.0.jar;D:\softwareWork\environment\apache\apache-maven-repository\io\undertow\undertow-core\2.2.2.Final\undertow-core-2.2.2.Final.jar;D:\softwareWork\environment\apache\apache-maven-repository\org\jboss\logging\jboss-logging\3.4.1.Final\jboss-logging-3.4.1.Final.jar;D:\softwareWork\environment\apache\apache-maven-repository\org\jboss\xnio\xnio-api\3.8.0.Final\xnio-api-3.8.0.Final.jar;D:\softwareWork\environment\apache\apache-maven-repository\org\wildfly\common\wildfly-common\1.5.2.Final\wildfly-common-1.5.2.Final.jar;D:\softwareWork\environment\apache\apache-maven-repository\org\wildfly\client\wildfly-client-config\1.0.1.Final\wildfly-client-config-1.0.1.Final.jar;D:\softwareWork\environment\apache\apache-maven-repository\org\jboss\xnio\xnio-nio\3.8.0.Final\xnio-nio-3.8.0.Final.jar;D:\softwareWork\environment\apache\apache-maven-repository\org\jboss\threads\jboss-threads\3.1.0.Final\jboss-threads-3.1.0.Final.jar;D:\softwareWork\environment\apache\apache-maven-repository\io\undertow\undertow-servlet\2.2.2.Final\undertow-servlet-2.2.2.Final.jar;D:\softwareWork\environment\apache\apache-maven-repository\org\jboss\spec\javax\annotation\jboss-annotations-api_1.3_spec\2.0.1.Final\jboss-annotations-api_1.3_spec-2.0.1.Final.jar;D:\softwareWork\environment\apache\apache-maven-repository\io\undertow\undertow-websockets-jsr\2.2.2.Final\undertow-websockets-jsr-2.2.2.Final.jar;D:\softwareWork\environment\apache\apache-maven-repository\org\jboss\spec\javax\websocket\jboss-websocket-api_1.1_spec\2.0.0.Final\jboss-websocket-api_1.1_spec-2.0.0.Final.jar;D:\softwareWork\environment\apache\apache-maven-repository\jakarta\servlet\jakarta.servlet-api\4.0.4\jakarta.servlet-api-4.0.4.jar;D:\softwareWork\environment\apache\apache-maven-repository\org\glassfish\jakarta.el\3.0.3\jakarta.el-3.0.3.jar;D:\softwareWork\environment\apache\apache-maven-repository\com\alibaba\druid-spring-boot-starter\1.1.17\druid-spring-boot-starter-1.1.17.jar;D:\softwareWork\environment\apache\apache-maven-repository\com\alibaba\druid\1.1.17\druid-1.1.17.jar;D:\softwareWork\environment\apache\apache-maven-repository\org\slf4j\slf4j-api\1.7.30\slf4j-api-1.7.30.jar;D:\softwareWork\environment\apache\apache-maven-repository\org\springframework\boot\spring-boot-autoconfigure\2.4.0\spring-boot-autoconfigure-2.4.0.jar;D:\softwareWork\environment\apache\apache-maven-repository\com\baomidou\mybatis-plus-boot-starter\3.4.1\mybatis-plus-boot-starter-3.4.1.jar;D:\softwareWork\environment\apache\apache-maven-repository\com\baomidou\mybatis-plus\3.4.1\mybatis-plus-3.4.1.jar;D:\softwareWork\environment\apache\apache-maven-repository\com\baomidou\mybatis-plus-extension\3.4.1\mybatis-plus-extension-3.4.1.jar;D:\softwareWork\environment\apache\apache-maven-repository\com\baomidou\mybatis-plus-core\3.4.1\mybatis-plus-core-3.4.1.jar;D:\softwareWork\environment\apache\apache-maven-repository\com\baomidou\mybatis-plus-annotation\3.4.1\mybatis-plus-annotation-3.4.1.jar;D:\softwareWork\environment\apache\apache-maven-repository\com\github\jsqlparser\jsqlparser\3.2\jsqlparser-3.2.jar;D:\softwareWork\environment\apache\apache-maven-repository\org\mybatis\mybatis\3.5.6\mybatis-3.5.6.jar;D:\softwareWork\environment\apache\apache-maven-repository\org\mybatis\mybatis-spring\2.0.5\mybatis-spring-2.0.5.jar;D:\softwareWork\environment\apache\apache-maven-repository\org\springframework\boot\spring-boot-starter-jdbc\2.4.0\spring-boot-starter-jdbc-2.4.0.jar;D:\softwareWork\environment\apache\apache-maven-repository\com\zaxxer\HikariCP\3.4.5\HikariCP-3.4.5.jar;D:\softwareWork\environment\apache\apache-maven-repository\org\springframework\spring-jdbc\5.3.1\spring-jdbc-5.3.1.jar;D:\softwareWork\environment\apache\apache-maven-repository\org\springframework\boot\spring-boot-starter-data-redis\2.4.0\spring-boot-starter-data-redis-2.4.0.jar;D:\softwareWork\environment\apache\apache-maven-repository\org\springframework\data\spring-data-redis\2.4.1\spring-data-redis-2.4.1.jar;D:\softwareWork\environment\apache\apache-maven-repository\org\springframework\data\spring-data-keyvalue\2.4.1\spring-data-keyvalue-2.4.1.jar;D:\softwareWork\environment\apache\apache-maven-repository\org\springframework\data\spring-data-commons\2.4.1\spring-data-commons-2.4.1.jar;D:\softwareWork\environment\apache\apache-maven-repository\org\springframework\spring-tx\5.3.1\spring-tx-5.3.1.jar;D:\softwareWork\environment\apache\apache-maven-repository\org\springframework\spring-oxm\5.3.1\spring-oxm-5.3.1.jar;D:\softwareWork\environment\apache\apache-maven-repository\org\springframework\spring-context-support\5.3.1\spring-context-support-5.3.1.jar;D:\softwareWork\environment\apache\apache-maven-repository\io\lettuce\lettuce-core\6.0.1.RELEASE\lettuce-core-6.0.1.RELEASE.jar;D:\softwareWork\environment\apache\apache-maven-repository\io\netty\netty-common\4.1.54.Final\netty-common-4.1.54.Final.jar;D:\softwareWork\environment\apache\apache-maven-repository\io\netty\netty-handler\4.1.54.Final\netty-handler-4.1.54.Final.jar;D:\softwareWork\environment\apache\apache-maven-repository\io\netty\netty-resolver\4.1.54.Final\netty-resolver-4.1.54.Final.jar;D:\softwareWork\environment\apache\apache-maven-repository\io\netty\netty-buffer\4.1.54.Final\netty-buffer-4.1.54.Final.jar;D:\softwareWork\environment\apache\apache-maven-repository\io\netty\netty-codec\4.1.54.Final\netty-codec-4.1.54.Final.jar;D:\softwareWork\environment\apache\apache-maven-repository\io\netty\netty-transport\4.1.54.Final\netty-transport-4.1.54.Final.jar;D:\softwareWork\environment\apache\apache-maven-repository\io\projectreactor\reactor-core\3.4.0\reactor-core-3.4.0.jar;D:\softwareWork\environment\apache\apache-maven-repository\org\reactivestreams\reactive-streams\1.0.3\reactive-streams-1.0.3.jar;D:\softwareWork\environment\apache\apache-maven-repository\redis\clients\jedis\3.3.0\jedis-3.3.0.jar;D:\softwareWork\environment\apache\apache-maven-repository\org\apache\commons\commons-pool2\2.9.0\commons-pool2-2.9.0.jar;D:\softwareWork\environment\apache\apache-maven-repository\mysql\mysql-connector-java\5.1.49\mysql-connector-java-5.1.49.jar;D:\softwareWork\environment\apache\apache-maven-repository\org\springframework\boot\spring-boot-devtools\2.4.0\spring-boot-devtools-2.4.0.jar;D:\softwareWork\environment\apache\apache-maven-repository\org\springframework\boot\spring-boot\2.4.0\spring-boot-2.4.0.jar;D:\softwareWork\environment\apache\apache-maven-repository\org\springframework\boot\spring-boot-configuration-processor\2.4.0\spring-boot-configuration-processor-2.4.0.jar;D:\softwareWork\environment\apache\apache-maven-repository\org\projectlombok\lombok\1.18.16\lombok-1.18.16.jar;D:\softwareWork\environment\apache\apache-maven-repository\org\springframework\boot\spring-boot-starter-test\2.4.0\spring-boot-starter-test-2.4.0.jar;D:\softwareWork\environment\apache\apache-maven-repository\org\springframework\boot\spring-boot-test\2.4.0\spring-boot-test-2.4.0.jar;D:\softwareWork\environment\apache\apache-maven-repository\org\springframework\boot\spring-boot-test-autoconfigure\2.4.0\spring-boot-test-autoconfigure-2.4.0.jar;D:\softwareWork\environment\apache\apache-maven-repository\com\jayway\jsonpath\json-path\2.4.0\json-path-2.4.0.jar;D:\softwareWork\environment\apache\apache-maven-repository\net\minidev\json-smart\2.3\json-smart-2.3.jar;D:\softwareWork\environment\apache\apache-maven-repository\net\minidev\accessors-smart\1.2\accessors-smart-1.2.jar;D:\softwareWork\environment\apache\apache-maven-repository\org\ow2\asm\asm\5.0.4\asm-5.0.4.jar;D:\softwareWork\environment\apache\apache-maven-repository\jakarta\xml\bind\jakarta.xml.bind-api\2.3.3\jakarta.xml.bind-api-2.3.3.jar;D:\softwareWork\environment\apache\apache-maven-repository\jakarta\activation\jakarta.activation-api\1.2.2\jakarta.activation-api-1.2.2.jar;D:\softwareWork\environment\apache\apache-maven-repository\org\assertj\assertj-core\3.18.1\assertj-core-3.18.1.jar;D:\softwareWork\environment\apache\apache-maven-repository\org\hamcrest\hamcrest\2.2\hamcrest-2.2.jar;D:\softwareWork\environment\apache\apache-maven-repository\org\junit\jupiter\junit-jupiter\5.7.0\junit-jupiter-5.7.0.jar;D:\softwareWork\environment\apache\apache-maven-repository\org\junit\jupiter\junit-jupiter-api\5.7.0\junit-jupiter-api-5.7.0.jar;D:\softwareWork\environment\apache\apache-maven-repository\org\apiguardian\apiguardian-api\1.1.0\apiguardian-api-1.1.0.jar;D:\softwareWork\environment\apache\apache-maven-repository\org\opentest4j\opentest4j\1.2.0\opentest4j-1.2.0.jar;D:\softwareWork\environment\apache\apache-maven-repository\org\junit\platform\junit-platform-commons\1.7.0\junit-platform-commons-1.7.0.jar;D:\softwareWork\environment\apache\apache-maven-repository\org\junit\jupiter\junit-jupiter-params\5.7.0\junit-jupiter-params-5.7.0.jar;D:\softwareWork\environment\apache\apache-maven-repository\org\junit\jupiter\junit-jupiter-engine\5.7.0\junit-jupiter-engine-5.7.0.jar;D:\softwareWork\environment\apache\apache-maven-repository\org\junit\platform\junit-platform-engine\1.7.0\junit-platform-engine-1.7.0.jar;D:\softwareWork\environment\apache\apache-maven-repository\org\mockito\mockito-core\3.6.0\mockito-core-3.6.0.jar;D:\softwareWork\environment\apache\apache-maven-repository\net\bytebuddy\byte-buddy\1.10.18\byte-buddy-1.10.18.jar;D:\softwareWork\environment\apache\apache-maven-repository\net\bytebuddy\byte-buddy-agent\1.10.18\byte-buddy-agent-1.10.18.jar;D:\softwareWork\environment\apache\apache-maven-repository\org\objenesis\objenesis\3.1\objenesis-3.1.jar;D:\softwareWork\environment\apache\apache-maven-repository\org\mockito\mockito-junit-jupiter\3.6.0\mockito-junit-jupiter-3.6.0.jar;D:\softwareWork\environment\apache\apache-maven-repository\org\skyscreamer\jsonassert\1.5.0\jsonassert-1.5.0.jar;D:\softwareWork\environment\apache\apache-maven-repository\com\vaadin\external\google\android-json\0.0.20131108.vaadin1\android-json-0.0.20131108.vaadin1.jar;D:\softwareWork\environment\apache\apache-maven-repository\org\springframework\spring-core\5.3.1\spring-core-5.3.1.jar;D:\softwareWork\environment\apache\apache-maven-repository\org\springframework\spring-jcl\5.3.1\spring-jcl-5.3.1.jar;D:\softwareWork\environment\apache\apache-maven-repository\org\springframework\spring-test\5.3.1\spring-test-5.3.1.jar;D:\softwareWork\environment\apache\apache-maven-repository\org\xmlunit\xmlunit-core\2.7.0\xmlunit-core-2.7.0.jar;D:\softwareWork\environment\apache\apache-maven-repository\org\springframework\boot\spring-boot-starter-actuator\2.4.0\spring-boot-starter-actuator-2.4.0.jar;D:\softwareWork\environment\apache\apache-maven-repository\org\springframework\boot\spring-boot-actuator-autoconfigure\2.4.0\spring-boot-actuator-autoconfigure-2.4.0.jar;D:\softwareWork\environment\apache\apache-maven-repository\org\springframework\boot\spring-boot-actuator\2.4.0\spring-boot-actuator-2.4.0.jar;D:\softwareWork\environment\apache\apache-maven-repository\io\micrometer\micrometer-core\1.6.1\micrometer-core-1.6.1.jar;D:\softwareWork\environment\apache\apache-maven-repository\org\hdrhistogram\HdrHistogram\2.1.12\HdrHistogram-2.1.12.jar;D:\softwareWork\environment\apache\apache-maven-repository\org\latencyutils\LatencyUtils\2.0.3\LatencyUtils-2.0.3.jar;D:\softwareWork\environment\apache\apache-maven-repository\de\codecentric\spring-boot-admin-starter-client\2.3.1\spring-boot-admin-starter-client-2.3.1.jar;D:\softwareWork\environment\apache\apache-maven-repository\de\codecentric\spring-boot-admin-client\2.3.1\spring-boot-admin-client-2.3.1.jar;"/>
    <property name="sun.cpu.endian" value="little"/>
    <property name="user.home" value="C:\Users\李的大侠"/>
    <property name="user.language" value="zh"/>
    <property name="java.specification.vendor" value="Oracle Corporation"/>
    <property name="java.home" value="C:\Users\李的大侠\.jdks\corretto-1.8.0_302\jre"/>
    <property name="basedir" value="D:\softwareWork\workspace_study\spring_boot\li\boot-05-web-admin2"/>
    <property name="file.separator" value="\"/>
    <property name="line.separator" value="&#10;"/>
    <property name="java.vm.specification.vendor" value="Oracle Corporation"/>
    <property name="java.specification.name" value="Java Platform API Specification"/>
    <property name="java.awt.graphicsenv" value="sun.awt.Win32GraphicsEnvironment"/>
    <property name="surefire.real.class.path" value="C:\Users\李的大侠\AppData\Local\Temp\surefire4896173818048530089\surefirebooter7521969640103930311.jar"/>
    <property name="sun.boot.class.path" value="C:\Users\李的大侠\.jdks\corretto-1.8.0_302\jre\lib\resources.jar;C:\Users\李的大侠\.jdks\corretto-1.8.0_302\jre\lib\rt.jar;C:\Users\李的大侠\.jdks\corretto-1.8.0_302\jre\lib\sunrsasign.jar;C:\Users\李的大侠\.jdks\corretto-1.8.0_302\jre\lib\jsse.jar;C:\Users\李的大侠\.jdks\corretto-1.8.0_302\jre\lib\jce.jar;C:\Users\李的大侠\.jdks\corretto-1.8.0_302\jre\lib\charsets.jar;C:\Users\李的大侠\.jdks\corretto-1.8.0_302\jre\lib\jfr.jar;C:\Users\李的大侠\.jdks\corretto-1.8.0_302\jre\classes"/>
    <property name="user.script" value=""/>
    <property name="sun.management.compiler" value="HotSpot 64-Bit Tiered Compilers"/>
    <property name="java.runtime.version" value="1.8.0_302-b08"/>
    <property name="user.name" value="李的大侠"/>
    <property name="path.separator" value=";"/>
    <property name="os.version" value="10.0"/>
    <property name="java.endorsed.dirs" value="C:\Users\李的大侠\.jdks\corretto-1.8.0_302\jre\lib\endorsed"/>
    <property name="java.runtime.name" value="OpenJDK Runtime Environment"/>
    <property name="file.encoding" value="GBK"/>
    <property name="java.vm.name" value="OpenJDK 64-Bit Server VM"/>
    <property name="localRepository" value="D:\softwareWork\environment\apache\apache-maven-repository"/>
    <property name="java.vendor.url.bug" value="https://github.com/corretto/corretto-8/issues/"/>
    <property name="java.io.tmpdir" value="C:\Users\李的大侠\AppData\Local\Temp\"/>
    <property name="idea.version" value="2021.1.1"/>
    <property name="java.version" value="1.8.0_302"/>
    <property name="user.dir" value="D:\softwareWork\workspace_study\spring_boot\li\boot-05-web-admin2"/>
    <property name="os.arch" value="amd64"/>
    <property name="java.vm.specification.name" value="Java Virtual Machine Specification"/>
    <property name="java.awt.printerjob" value="sun.awt.windows.WPrinterJob"/>
    <property name="sun.os.patch.level" value=""/>
    <property name="java.library.path" value="C:\Users\李的大侠\.jdks\corretto-1.8.0_302\jre\bin;C:\Windows\Sun\Java\bin;C:\Windows\system32;C:\Windows;D:\softwareWork\environment\oracle\oracle\product\product\11.2.0\dbhome_1\bin;C:\Program Files (x86)\Common Files\Oracle\Java\javapath;C:\Windows\system32;C:\Windows;C:\Windows\System32\Wbem;C:\Windows\System32\WindowsPowerShell\v1.0\;C:\Windows\System32\OpenSSH\;C:\Program Files (x86)\NVIDIA Corporation\PhysX\Common;C:\Program Files\NVIDIA Corporation\NVIDIA NvDLISR;D:\softwareWork\Git\cmd;C:\Program Files\TortoiseGit\bin;D:\softwareWork\environment\java\java1.8\bin;D:\softwareWork\environment\java\java1.8\jre\bin;D:\softwareWork\environment\mysql\mysql-5.6.42\bin;D:\softwareWork\environment\node\;D:\softwareWork\environment\node\node_global;D:\softwareWork\environment\apache\apache-maven-3.6.3\bin;D:\softwareWork\TortoiseSVN\bin;D:\softwareWork\environment\redis\ruby\Ruby26-x64\bin;C:\Users\李的大侠\AppData\Local\Microsoft\WindowsApps;;D:\softwareWork\JetBrains\IntelliJ IDEA 2021.1.1\bin;;D:\softwareWork\Microsoft VS Code\bin;C:\Users\李的大侠\AppData\Roaming\npm;."/>
    <property name="java.vm.info" value="mixed mode"/>
    <property name="java.vendor" value="Amazon.com Inc."/>
    <property name="java.vm.version" value="25.302-b08"/>
    <property name="java.ext.dirs" value="C:\Users\李的大侠\.jdks\corretto-1.8.0_302\jre\lib\ext;C:\Windows\Sun\Java\lib\ext"/>
    <property name="sun.io.unicode.encoding" value="UnicodeLittle"/>
    <property name="java.class.version" value="52.0"/>
  </properties>
  <testcase name="testException" classname="com.atguigu.admin.Junit5Test" time="0">
    <failure message="业务逻辑居然正常运行？ ==&gt; Expected java.lang.ArithmeticException to be thrown, but nothing was thrown." type="org.opentest4j.AssertionFailedError">org.opentest4j.AssertionFailedError: 业务逻辑居然正常运行？ ==> Expected java.lang.ArithmeticException to be thrown, but nothing was thrown.
	at com.atguigu.admin.Junit5Test.testException(Junit5Test.java:81)
</failure>
    <system-out><![CDATA[2021-09-03 21:25:44.069  INFO 29804 --- [           main] .b.t.c.SpringBootTestContextBootstrapper : Neither @ContextConfiguration nor @ContextHierarchy found for test class [com.atguigu.admin.Junit5Test], using SpringBootContextLoader
2021-09-03 21:25:44.069  INFO 29804 --- [           main] o.s.t.c.support.AbstractContextLoader    : Could not detect default resource locations for test class [com.atguigu.admin.Junit5Test]: no resource found for suffixes {-context.xml, Context.groovy}.
2021-09-03 21:25:44.070  INFO 29804 --- [           main] t.c.s.AnnotationConfigContextLoaderUtils : Could not detect default configuration classes for test class [com.atguigu.admin.Junit5Test]: Junit5Test does not declare any static, non-private, non-final, nested classes annotated with @Configuration.
2021-09-03 21:25:44.071  INFO 29804 --- [           main] .b.t.c.SpringBootTestContextBootstrapper : Found @SpringBootConfiguration com.atguigu.admin.Boot05WebAdminApplication for test class com.atguigu.admin.Junit5Test
2021-09-03 21:25:44.075  INFO 29804 --- [           main] .b.t.c.SpringBootTestContextBootstrapper : Loaded default TestExecutionListener class names from location [META-INF/spring.factories]: [org.springframework.boot.test.mock.mockito.MockitoTestExecutionListener, org.springframework.boot.test.mock.mockito.ResetMocksTestExecutionListener, org.springframework.boot.test.autoconfigure.restdocs.RestDocsTestExecutionListener, org.springframework.boot.test.autoconfigure.web.client.MockRestServiceServerResetTestExecutionListener, org.springframework.boot.test.autoconfigure.web.servlet.MockMvcPrintOnlyOnFailureTestExecutionListener, org.springframework.boot.test.autoconfigure.web.servlet.WebDriverTestExecutionListener, org.springframework.boot.test.autoconfigure.webservices.client.MockWebServiceServerTestExecutionListener, org.springframework.test.context.web.ServletTestExecutionListener, org.springframework.test.context.support.DirtiesContextBeforeModesTestExecutionListener, org.springframework.test.context.support.DependencyInjectionTestExecutionListener, org.springframework.test.context.support.DirtiesContextTestExecutionListener, org.springframework.test.context.transaction.TransactionalTestExecutionListener, org.springframework.test.context.jdbc.SqlScriptsTestExecutionListener, org.springframework.test.context.event.EventPublishingTestExecutionListener]
2021-09-03 21:25:44.075  INFO 29804 --- [           main] .b.t.c.SpringBootTestContextBootstrapper : Using TestExecutionListeners: [org.springframework.test.context.web.ServletTestExecutionListener@36c07c75, org.springframework.test.context.support.DirtiesContextBeforeModesTestExecutionListener@6750e381, org.springframework.boot.test.mock.mockito.MockitoTestExecutionListener@5d850a25, org.springframework.boot.test.autoconfigure.SpringBootDependencyInjectionTestExecutionListener@b022551, org.springframework.test.context.support.DirtiesContextTestExecutionListener@3e14d390, org.springframework.test.context.transaction.TransactionalTestExecutionListener@5eb87338, org.springframework.test.context.jdbc.SqlScriptsTestExecutionListener@2b999ee8, org.springframework.test.context.event.EventPublishingTestExecutionListener@31ab1e67, org.springframework.boot.test.mock.mockito.ResetMocksTestExecutionListener@29bbc391, org.springframework.boot.test.autoconfigure.restdocs.RestDocsTestExecutionListener@3487442d, org.springframework.boot.test.autoconfigure.web.client.MockRestServiceServerResetTestExecutionListener@530ee28b, org.springframework.boot.test.autoconfigure.web.servlet.MockMvcPrintOnlyOnFailureTestExecutionListener@3a3f96ab, org.springframework.boot.test.autoconfigure.web.servlet.WebDriverTestExecutionListener@4def7d36, org.springframework.boot.test.autoconfigure.webservices.client.MockWebServiceServerTestExecutionListener@43c7fe8a]
所有测试就要开始了...
测试就要开始了...
测试结束了...
]]></system-out>
  </testcase>
  <testcase name="testTimeout" classname="com.atguigu.admin.Junit5Test" time="0.31">
    <error message="testTimeout() timed out after 500 milliseconds" type="java.util.concurrent.TimeoutException">java.util.concurrent.TimeoutException: testTimeout() timed out after 500 milliseconds
</error>
    <system-out><![CDATA[测试就要开始了...
测试结束了...
]]></system-out>
  </testcase>
  <testcase name="testFail" classname="com.atguigu.admin.Junit5Test" time="0.002"/>
  <testcase name="testassumptions" classname="com.atguigu.admin.Junit5Test" time="0">
    <skipped message="Assumption failed: 结果不是true" type="org.opentest4j.TestAbortedException">org.opentest4j.TestAbortedException: Assumption failed: 结果不是true
	at com.atguigu.admin.Junit5Test.testassumptions(Junit5Test.java:35)
</skipped>
    <system-out><![CDATA[测试就要开始了...
测试结束了...
]]></system-out>
  </testcase>
  <testcase name="all" classname="com.atguigu.admin.Junit5Test" time="0.006">
    <failure message="test (1 failure)&#10;	org.opentest4j.AssertionFailedError: 结果不是1 ==&gt; expected: &lt;1&gt; but was: &lt;2&gt;" type="org.opentest4j.MultipleFailuresError"><![CDATA[org.opentest4j.MultipleFailuresError: 
test (1 failure)
	org.opentest4j.AssertionFailedError: 结果不是1 ==> expected: <1> but was: <2>
	at com.atguigu.admin.Junit5Test.all(Junit5Test.java:69)
]]></failure>
    <system-out><![CDATA[测试就要开始了...
测试结束了...
]]></system-out>
  </testcase>
  <testcase name="array" classname="com.atguigu.admin.Junit5Test" time="0.003"/>
  <testcase name="test2" classname="com.atguigu.admin.Junit5Test" time="0">
    <skipped message="void com.atguigu.admin.Junit5Test.test2() is @Disabled"/>
  </testcase>
  <testcase name="test3" classname="com.atguigu.admin.Junit5Test" time="0.002"/>
  <testcase name="test3[1]" classname="com.atguigu.admin.Junit5Test" time="0.003"/>
  <testcase name="test3[2]" classname="com.atguigu.admin.Junit5Test" time="0.003"/>
  <testcase name="test3[3]" classname="com.atguigu.admin.Junit5Test" time="0.002"/>
  <testcase name="test3[4]" classname="com.atguigu.admin.Junit5Test" time="0.002"/>
  <testcase name="test3[5]" classname="com.atguigu.admin.Junit5Test" time="0.002"/>
  <testcase name="testDisplayName" classname="com.atguigu.admin.Junit5Test" time="0.002"/>
  <testcase name="testSimpleAssertions" classname="com.atguigu.admin.Junit5Test" time="0.002">
    <failure message="业务逻辑计算失败 ==&gt; expected: &lt;6&gt; but was: &lt;5&gt;" type="org.opentest4j.AssertionFailedError"><![CDATA[org.opentest4j.AssertionFailedError: 业务逻辑计算失败 ==> expected: <6> but was: <5>
	at com.atguigu.admin.Junit5Test.testSimpleAssertions(Junit5Test.java:50)
]]></failure>
    <system-out><![CDATA[测试就要开始了...
测试结束了...
]]></system-out>
  </testcase>
</testsuite>