<?xml version="1.0" encoding="UTF-8"?>
<testsuite xmlns:xsi="http://www.w3.org/2001/XMLSchema-instance" xsi:noNamespaceSchemaLocation="https://maven.apache.org/surefire/maven-surefire-plugin/xsd/surefire-test-report.xsd" name="com.li.boot05.Boot05AdminserverApplicationTests" time="3.028" tests="1" errors="0" skipped="0" failures="0">
  <properties>
    <property name="sun.desktop" value="windows"/>
    <property name="awt.toolkit" value="sun.awt.windows.WToolkit"/>
    <property name="file.encoding.pkg" value="sun.io"/>
    <property name="java.specification.version" value="1.8"/>
    <property name="sun.cpu.isalist" value="amd64"/>
    <property name="sun.jnu.encoding" value="GBK"/>
    <property name="java.class.path" value="D:\softwareWork\workspace_study\spring_boot\li\boot-05-adminserver\target\test-classes;D:\softwareWork\workspace_study\spring_boot\li\boot-05-adminserver\target\classes;D:\softwareWork\environment\apache\apache-maven-repository\org\springframework\boot\spring-boot-starter-web\2.5.4\spring-boot-starter-web-2.5.4.jar;D:\softwareWork\environment\apache\apache-maven-repository\org\springframework\boot\spring-boot-starter\2.5.4\spring-boot-starter-2.5.4.jar;D:\softwareWork\environment\apache\apache-maven-repository\org\springframework\boot\spring-boot\2.5.4\spring-boot-2.5.4.jar;D:\softwareWork\environment\apache\apache-maven-repository\org\springframework\boot\spring-boot-autoconfigure\2.5.4\spring-boot-autoconfigure-2.5.4.jar;D:\softwareWork\environment\apache\apache-maven-repository\org\springframework\boot\spring-boot-starter-logging\2.5.4\spring-boot-starter-logging-2.5.4.jar;D:\softwareWork\environment\apache\apache-maven-repository\ch\qos\logback\logback-classic\1.2.5\logback-classic-1.2.5.jar;D:\softwareWork\environment\apache\apache-maven-repository\ch\qos\logback\logback-core\1.2.5\logback-core-1.2.5.jar;D:\softwareWork\environment\apache\apache-maven-repository\org\apache\logging\log4j\log4j-to-slf4j\2.14.1\log4j-to-slf4j-2.14.1.jar;D:\softwareWork\environment\apache\apache-maven-repository\org\apache\logging\log4j\log4j-api\2.14.1\log4j-api-2.14.1.jar;D:\softwareWork\environment\apache\apache-maven-repository\org\slf4j\jul-to-slf4j\1.7.32\jul-to-slf4j-1.7.32.jar;D:\softwareWork\environment\apache\apache-maven-repository\jakarta\annotation\jakarta.annotation-api\1.3.5\jakarta.annotation-api-1.3.5.jar;D:\softwareWork\environment\apache\apache-maven-repository\org\yaml\snakeyaml\1.28\snakeyaml-1.28.jar;D:\softwareWork\environment\apache\apache-maven-repository\org\springframework\boot\spring-boot-starter-json\2.5.4\spring-boot-starter-json-2.5.4.jar;D:\softwareWork\environment\apache\apache-maven-repository\com\fasterxml\jackson\core\jackson-databind\2.12.4\jackson-databind-2.12.4.jar;D:\softwareWork\environment\apache\apache-maven-repository\com\fasterxml\jackson\core\jackson-annotations\2.12.4\jackson-annotations-2.12.4.jar;D:\softwareWork\environment\apache\apache-maven-repository\com\fasterxml\jackson\core\jackson-core\2.12.4\jackson-core-2.12.4.jar;D:\softwareWork\environment\apache\apache-maven-repository\com\fasterxml\jackson\datatype\jackson-datatype-jdk8\2.12.4\jackson-datatype-jdk8-2.12.4.jar;D:\softwareWork\environment\apache\apache-maven-repository\com\fasterxml\jackson\datatype\jackson-datatype-jsr310\2.12.4\jackson-datatype-jsr310-2.12.4.jar;D:\softwareWork\environment\apache\apache-maven-repository\com\fasterxml\jackson\module\jackson-module-parameter-names\2.12.4\jackson-module-parameter-names-2.12.4.jar;D:\softwareWork\environment\apache\apache-maven-repository\org\springframework\boot\spring-boot-starter-tomcat\2.5.4\spring-boot-starter-tomcat-2.5.4.jar;D:\softwareWork\environment\apache\apache-maven-repository\org\apache\tomcat\embed\tomcat-embed-core\9.0.52\tomcat-embed-core-9.0.52.jar;D:\softwareWork\environment\apache\apache-maven-repository\org\apache\tomcat\embed\tomcat-embed-el\9.0.52\tomcat-embed-el-9.0.52.jar;D:\softwareWork\environment\apache\apache-maven-repository\org\apache\tomcat\embed\tomcat-embed-websocket\9.0.52\tomcat-embed-websocket-9.0.52.jar;D:\softwareWork\environment\apache\apache-maven-repository\org\springframework\spring-web\5.3.9\spring-web-5.3.9.jar;D:\softwareWork\environment\apache\apache-maven-repository\org\springframework\spring-beans\5.3.9\spring-beans-5.3.9.jar;D:\softwareWork\environment\apache\apache-maven-repository\org\springframework\spring-webmvc\5.3.9\spring-webmvc-5.3.9.jar;D:\softwareWork\environment\apache\apache-maven-repository\org\springframework\spring-aop\5.3.9\spring-aop-5.3.9.jar;D:\softwareWork\environment\apache\apache-maven-repository\org\springframework\spring-context\5.3.9\spring-context-5.3.9.jar;D:\softwareWork\environment\apache\apache-maven-repository\org\springframework\spring-expression\5.3.9\spring-expression-5.3.9.jar;D:\softwareWork\environment\apache\apache-maven-repository\org\springframework\boot\spring-boot-starter-test\2.5.4\spring-boot-starter-test-2.5.4.jar;D:\softwareWork\environment\apache\apache-maven-repository\org\springframework\boot\spring-boot-test\2.5.4\spring-boot-test-2.5.4.jar;D:\softwareWork\environment\apache\apache-maven-repository\org\springframework\boot\spring-boot-test-autoconfigure\2.5.4\spring-boot-test-autoconfigure-2.5.4.jar;D:\softwareWork\environment\apache\apache-maven-repository\com\jayway\jsonpath\json-path\2.5.0\json-path-2.5.0.jar;D:\softwareWork\environment\apache\apache-maven-repository\net\minidev\json-smart\2.4.7\json-smart-2.4.7.jar;D:\softwareWork\environment\apache\apache-maven-repository\net\minidev\accessors-smart\2.4.7\accessors-smart-2.4.7.jar;D:\softwareWork\environment\apache\apache-maven-repository\org\ow2\asm\asm\9.1\asm-9.1.jar;D:\softwareWork\environment\apache\apache-maven-repository\org\slf4j\slf4j-api\1.7.32\slf4j-api-1.7.32.jar;D:\softwareWork\environment\apache\apache-maven-repository\jakarta\xml\bind\jakarta.xml.bind-api\2.3.3\jakarta.xml.bind-api-2.3.3.jar;D:\softwareWork\environment\apache\apache-maven-repository\jakarta\activation\jakarta.activation-api\1.2.2\jakarta.activation-api-1.2.2.jar;D:\softwareWork\environment\apache\apache-maven-repository\org\assertj\assertj-core\3.19.0\assertj-core-3.19.0.jar;D:\softwareWork\environment\apache\apache-maven-repository\org\hamcrest\hamcrest\2.2\hamcrest-2.2.jar;D:\softwareWork\environment\apache\apache-maven-repository\org\junit\jupiter\junit-jupiter\5.7.2\junit-jupiter-5.7.2.jar;D:\softwareWork\environment\apache\apache-maven-repository\org\junit\jupiter\junit-jupiter-api\5.7.2\junit-jupiter-api-5.7.2.jar;D:\softwareWork\environment\apache\apache-maven-repository\org\apiguardian\apiguardian-api\1.1.0\apiguardian-api-1.1.0.jar;D:\softwareWork\environment\apache\apache-maven-repository\org\opentest4j\opentest4j\1.2.0\opentest4j-1.2.0.jar;D:\softwareWork\environment\apache\apache-maven-repository\org\junit\platform\junit-platform-commons\1.7.2\junit-platform-commons-1.7.2.jar;D:\softwareWork\environment\apache\apache-maven-repository\org\junit\jupiter\junit-jupiter-params\5.7.2\junit-jupiter-params-5.7.2.jar;D:\softwareWork\environment\apache\apache-maven-repository\org\junit\jupiter\junit-jupiter-engine\5.7.2\junit-jupiter-engine-5.7.2.jar;D:\softwareWork\environment\apache\apache-maven-repository\org\junit\platform\junit-platform-engine\1.7.2\junit-platform-engine-1.7.2.jar;D:\softwareWork\environment\apache\apache-maven-repository\org\mockito\mockito-core\3.9.0\mockito-core-3.9.0.jar;D:\softwareWork\environment\apache\apache-maven-repository\net\bytebuddy\byte-buddy\1.10.22\byte-buddy-1.10.22.jar;D:\softwareWork\environment\apache\apache-maven-repository\net\bytebuddy\byte-buddy-agent\1.10.22\byte-buddy-agent-1.10.22.jar;D:\softwareWork\environment\apache\apache-maven-repository\org\objenesis\objenesis\3.2\objenesis-3.2.jar;D:\softwareWork\environment\apache\apache-maven-repository\org\mockito\mockito-junit-jupiter\3.9.0\mockito-junit-jupiter-3.9.0.jar;D:\softwareWork\environment\apache\apache-maven-repository\org\skyscreamer\jsonassert\1.5.0\jsonassert-1.5.0.jar;D:\softwareWork\environment\apache\apache-maven-repository\com\vaadin\external\google\android-json\0.0.20131108.vaadin1\android-json-0.0.20131108.vaadin1.jar;D:\softwareWork\environment\apache\apache-maven-repository\org\springframework\spring-core\5.3.9\spring-core-5.3.9.jar;D:\softwareWork\environment\apache\apache-maven-repository\org\springframework\spring-jcl\5.3.9\spring-jcl-5.3.9.jar;D:\softwareWork\environment\apache\apache-maven-repository\org\springframework\spring-test\5.3.9\spring-test-5.3.9.jar;D:\softwareWork\environment\apache\apache-maven-repository\org\xmlunit\xmlunit-core\2.8.2\xmlunit-core-2.8.2.jar;D:\softwareWork\environment\apache\apache-maven-repository\de\codecentric\spring-boot-admin-starter-server\2.4.3\spring-boot-admin-starter-server-2.4.3.jar;D:\softwareWork\environment\apache\apache-maven-repository\de\codecentric\spring-boot-admin-server\2.4.3\spring-boot-admin-server-2.4.3.jar;D:\softwareWork\environment\apache\apache-maven-repository\org\springframework\boot\spring-boot-starter-webflux\2.5.4\spring-boot-starter-webflux-2.5.4.jar;D:\softwareWork\environment\apache\apache-maven-repository\org\springframework\boot\spring-boot-starter-reactor-netty\2.5.4\spring-boot-starter-reactor-netty-2.5.4.jar;D:\softwareWork\environment\apache\apache-maven-repository\io\projectreactor\netty\reactor-netty-http\1.0.10\reactor-netty-http-1.0.10.jar;D:\softwareWork\environment\apache\apache-maven-repository\io\netty\netty-codec-http\4.1.67.Final\netty-codec-http-4.1.67.Final.jar;D:\softwareWork\environment\apache\apache-maven-repository\io\netty\netty-common\4.1.67.Final\netty-common-4.1.67.Final.jar;D:\softwareWork\environment\apache\apache-maven-repository\io\netty\netty-buffer\4.1.67.Final\netty-buffer-4.1.67.Final.jar;D:\softwareWork\environment\apache\apache-maven-repository\io\netty\netty-transport\4.1.67.Final\netty-transport-4.1.67.Final.jar;D:\softwareWork\environment\apache\apache-maven-repository\io\netty\netty-codec\4.1.67.Final\netty-codec-4.1.67.Final.jar;D:\softwareWork\environment\apache\apache-maven-repository\io\netty\netty-handler\4.1.67.Final\netty-handler-4.1.67.Final.jar;D:\softwareWork\environment\apache\apache-maven-repository\io\netty\netty-codec-http2\4.1.67.Final\netty-codec-http2-4.1.67.Final.jar;D:\softwareWork\environment\apache\apache-maven-repository\io\netty\netty-resolver-dns\4.1.67.Final\netty-resolver-dns-4.1.67.Final.jar;D:\softwareWork\environment\apache\apache-maven-repository\io\netty\netty-resolver\4.1.67.Final\netty-resolver-4.1.67.Final.jar;D:\softwareWork\environment\apache\apache-maven-repository\io\netty\netty-codec-dns\4.1.67.Final\netty-codec-dns-4.1.67.Final.jar;D:\softwareWork\environment\apache\apache-maven-repository\io\netty\netty-resolver-dns-native-macos\4.1.67.Final\netty-resolver-dns-native-macos-4.1.67.Final-osx-x86_64.jar;D:\softwareWork\environment\apache\apache-maven-repository\io\netty\netty-transport-native-unix-common\4.1.67.Final\netty-transport-native-unix-common-4.1.67.Final.jar;D:\softwareWork\environment\apache\apache-maven-repository\io\netty\netty-transport-native-epoll\4.1.67.Final\netty-transport-native-epoll-4.1.67.Final-linux-x86_64.jar;D:\softwareWork\environment\apache\apache-maven-repository\io\projectreactor\netty\reactor-netty-core\1.0.10\reactor-netty-core-1.0.10.jar;D:\softwareWork\environment\apache\apache-maven-repository\io\netty\netty-handler-proxy\4.1.67.Final\netty-handler-proxy-4.1.67.Final.jar;D:\softwareWork\environment\apache\apache-maven-repository\io\netty\netty-codec-socks\4.1.67.Final\netty-codec-socks-4.1.67.Final.jar;D:\softwareWork\environment\apache\apache-maven-repository\org\springframework\spring-webflux\5.3.9\spring-webflux-5.3.9.jar;D:\softwareWork\environment\apache\apache-maven-repository\org\springframework\boot\spring-boot-starter-thymeleaf\2.5.4\spring-boot-starter-thymeleaf-2.5.4.jar;D:\softwareWork\environment\apache\apache-maven-repository\org\thymeleaf\thymeleaf-spring5\3.0.12.RELEASE\thymeleaf-spring5-3.0.12.RELEASE.jar;D:\softwareWork\environment\apache\apache-maven-repository\org\thymeleaf\thymeleaf\3.0.12.RELEASE\thymeleaf-3.0.12.RELEASE.jar;D:\softwareWork\environment\apache\apache-maven-repository\org\attoparser\attoparser\2.0.5.RELEASE\attoparser-2.0.5.RELEASE.jar;D:\softwareWork\environment\apache\apache-maven-repository\org\unbescape\unbescape\1.1.6.RELEASE\unbescape-1.1.6.RELEASE.jar;D:\softwareWork\environment\apache\apache-maven-repository\org\thymeleaf\extras\thymeleaf-extras-java8time\3.0.4.RELEASE\thymeleaf-extras-java8time-3.0.4.RELEASE.jar;D:\softwareWork\environment\apache\apache-maven-repository\org\springframework\boot\spring-boot-starter-actuator\2.5.4\spring-boot-starter-actuator-2.5.4.jar;D:\softwareWork\environment\apache\apache-maven-repository\org\springframework\boot\spring-boot-actuator-autoconfigure\2.5.4\spring-boot-actuator-autoconfigure-2.5.4.jar;D:\softwareWork\environment\apache\apache-maven-repository\org\springframework\boot\spring-boot-actuator\2.5.4\spring-boot-actuator-2.5.4.jar;D:\softwareWork\environment\apache\apache-maven-repository\io\micrometer\micrometer-core\1.7.3\micrometer-core-1.7.3.jar;D:\softwareWork\environment\apache\apache-maven-repository\org\hdrhistogram\HdrHistogram\2.1.12\HdrHistogram-2.1.12.jar;D:\softwareWork\environment\apache\apache-maven-repository\org\latencyutils\LatencyUtils\2.0.3\LatencyUtils-2.0.3.jar;D:\softwareWork\environment\apache\apache-maven-repository\org\apache\httpcomponents\httpclient\4.5.13\httpclient-4.5.13.jar;D:\softwareWork\environment\apache\apache-maven-repository\org\apache\httpcomponents\httpcore\4.4.14\httpcore-4.4.14.jar;D:\softwareWork\environment\apache\apache-maven-repository\commons-codec\commons-codec\1.15\commons-codec-1.15.jar;D:\softwareWork\environment\apache\apache-maven-repository\io\projectreactor\addons\reactor-extra\3.4.4\reactor-extra-3.4.4.jar;D:\softwareWork\environment\apache\apache-maven-repository\io\projectreactor\reactor-core\3.4.9\reactor-core-3.4.9.jar;D:\softwareWork\environment\apache\apache-maven-repository\org\reactivestreams\reactive-streams\1.0.3\reactive-streams-1.0.3.jar;D:\softwareWork\environment\apache\apache-maven-repository\de\codecentric\spring-boot-admin-server-ui\2.4.3\spring-boot-admin-server-ui-2.4.3.jar;D:\softwareWork\environment\apache\apache-maven-repository\de\codecentric\spring-boot-admin-server-cloud\2.4.3\spring-boot-admin-server-cloud-2.4.3.jar;"/>
    <property name="java.vm.vendor" value="Amazon.com Inc."/>
    <property name="sun.arch.data.model" value="64"/>
    <property name="user.variant" value=""/>
    <property name="java.vendor.url" value="https://aws.amazon.com/corretto/"/>
    <property name="user.timezone" value="Asia/Shanghai"/>
    <property name="java.vm.specification.version" value="1.8"/>
    <property name="os.name" value="Windows 10"/>
    <property name="user.country" value="CN"/>
    <property name="sun.java.launcher" value="SUN_STANDARD"/>
    <property name="sun.boot.library.path" value="C:\Users\李的大侠\.jdks\corretto-1.8.0_302\jre\bin"/>
    <property name="sun.java.command" value="C:\Users\李的大侠\AppData\Local\Temp\surefire3756515301424415329\surefirebooter8586772524818024734.jar C:\Users\李的大侠\AppData\Local\Temp\surefire3756515301424415329 2021-09-03T22-05-08_196-jvmRun1 surefire9064521528060865018tmp surefire_04393616975479254498tmp"/>
    <property name="surefire.test.class.path" value="D:\softwareWork\workspace_study\spring_boot\li\boot-05-adminserver\target\test-classes;D:\softwareWork\workspace_study\spring_boot\li\boot-05-adminserver\target\classes;D:\softwareWork\environment\apache\apache-maven-repository\org\springframework\boot\spring-boot-starter-web\2.5.4\spring-boot-starter-web-2.5.4.jar;D:\softwareWork\environment\apache\apache-maven-repository\org\springframework\boot\spring-boot-starter\2.5.4\spring-boot-starter-2.5.4.jar;D:\softwareWork\environment\apache\apache-maven-repository\org\springframework\boot\spring-boot\2.5.4\spring-boot-2.5.4.jar;D:\softwareWork\environment\apache\apache-maven-repository\org\springframework\boot\spring-boot-autoconfigure\2.5.4\spring-boot-autoconfigure-2.5.4.jar;D:\softwareWork\environment\apache\apache-maven-repository\org\springframework\boot\spring-boot-starter-logging\2.5.4\spring-boot-starter-logging-2.5.4.jar;D:\softwareWork\environment\apache\apache-maven-repository\ch\qos\logback\logback-classic\1.2.5\logback-classic-1.2.5.jar;D:\softwareWork\environment\apache\apache-maven-repository\ch\qos\logback\logback-core\1.2.5\logback-core-1.2.5.jar;D:\softwareWork\environment\apache\apache-maven-repository\org\apache\logging\log4j\log4j-to-slf4j\2.14.1\log4j-to-slf4j-2.14.1.jar;D:\softwareWork\environment\apache\apache-maven-repository\org\apache\logging\log4j\log4j-api\2.14.1\log4j-api-2.14.1.jar;D:\softwareWork\environment\apache\apache-maven-repository\org\slf4j\jul-to-slf4j\1.7.32\jul-to-slf4j-1.7.32.jar;D:\softwareWork\environment\apache\apache-maven-repository\jakarta\annotation\jakarta.annotation-api\1.3.5\jakarta.annotation-api-1.3.5.jar;D:\softwareWork\environment\apache\apache-maven-repository\org\yaml\snakeyaml\1.28\snakeyaml-1.28.jar;D:\softwareWork\environment\apache\apache-maven-repository\org\springframework\boot\spring-boot-starter-json\2.5.4\spring-boot-starter-json-2.5.4.jar;D:\softwareWork\environment\apache\apache-maven-repository\com\fasterxml\jackson\core\jackson-databind\2.12.4\jackson-databind-2.12.4.jar;D:\softwareWork\environment\apache\apache-maven-repository\com\fasterxml\jackson\core\jackson-annotations\2.12.4\jackson-annotations-2.12.4.jar;D:\softwareWork\environment\apache\apache-maven-repository\com\fasterxml\jackson\core\jackson-core\2.12.4\jackson-core-2.12.4.jar;D:\softwareWork\environment\apache\apache-maven-repository\com\fasterxml\jackson\datatype\jackson-datatype-jdk8\2.12.4\jackson-datatype-jdk8-2.12.4.jar;D:\softwareWork\environment\apache\apache-maven-repository\com\fasterxml\jackson\datatype\jackson-datatype-jsr310\2.12.4\jackson-datatype-jsr310-2.12.4.jar;D:\softwareWork\environment\apache\apache-maven-repository\com\fasterxml\jackson\module\jackson-module-parameter-names\2.12.4\jackson-module-parameter-names-2.12.4.jar;D:\softwareWork\environment\apache\apache-maven-repository\org\springframework\boot\spring-boot-starter-tomcat\2.5.4\spring-boot-starter-tomcat-2.5.4.jar;D:\softwareWork\environment\apache\apache-maven-repository\org\apache\tomcat\embed\tomcat-embed-core\9.0.52\tomcat-embed-core-9.0.52.jar;D:\softwareWork\environment\apache\apache-maven-repository\org\apache\tomcat\embed\tomcat-embed-el\9.0.52\tomcat-embed-el-9.0.52.jar;D:\softwareWork\environment\apache\apache-maven-repository\org\apache\tomcat\embed\tomcat-embed-websocket\9.0.52\tomcat-embed-websocket-9.0.52.jar;D:\softwareWork\environment\apache\apache-maven-repository\org\springframework\spring-web\5.3.9\spring-web-5.3.9.jar;D:\softwareWork\environment\apache\apache-maven-repository\org\springframework\spring-beans\5.3.9\spring-beans-5.3.9.jar;D:\softwareWork\environment\apache\apache-maven-repository\org\springframework\spring-webmvc\5.3.9\spring-webmvc-5.3.9.jar;D:\softwareWork\environment\apache\apache-maven-repository\org\springframework\spring-aop\5.3.9\spring-aop-5.3.9.jar;D:\softwareWork\environment\apache\apache-maven-repository\org\springframework\spring-context\5.3.9\spring-context-5.3.9.jar;D:\softwareWork\environment\apache\apache-maven-repository\org\springframework\spring-expression\5.3.9\spring-expression-5.3.9.jar;D:\softwareWork\environment\apache\apache-maven-repository\org\springframework\boot\spring-boot-starter-test\2.5.4\spring-boot-starter-test-2.5.4.jar;D:\softwareWork\environment\apache\apache-maven-repository\org\springframework\boot\spring-boot-test\2.5.4\spring-boot-test-2.5.4.jar;D:\softwareWork\environment\apache\apache-maven-repository\org\springframework\boot\spring-boot-test-autoconfigure\2.5.4\spring-boot-test-autoconfigure-2.5.4.jar;D:\softwareWork\environment\apache\apache-maven-repository\com\jayway\jsonpath\json-path\2.5.0\json-path-2.5.0.jar;D:\softwareWork\environment\apache\apache-maven-repository\net\minidev\json-smart\2.4.7\json-smart-2.4.7.jar;D:\softwareWork\environment\apache\apache-maven-repository\net\minidev\accessors-smart\2.4.7\accessors-smart-2.4.7.jar;D:\softwareWork\environment\apache\apache-maven-repository\org\ow2\asm\asm\9.1\asm-9.1.jar;D:\softwareWork\environment\apache\apache-maven-repository\org\slf4j\slf4j-api\1.7.32\slf4j-api-1.7.32.jar;D:\softwareWork\environment\apache\apache-maven-repository\jakarta\xml\bind\jakarta.xml.bind-api\2.3.3\jakarta.xml.bind-api-2.3.3.jar;D:\softwareWork\environment\apache\apache-maven-repository\jakarta\activation\jakarta.activation-api\1.2.2\jakarta.activation-api-1.2.2.jar;D:\softwareWork\environment\apache\apache-maven-repository\org\assertj\assertj-core\3.19.0\assertj-core-3.19.0.jar;D:\softwareWork\environment\apache\apache-maven-repository\org\hamcrest\hamcrest\2.2\hamcrest-2.2.jar;D:\softwareWork\environment\apache\apache-maven-repository\org\junit\jupiter\junit-jupiter\5.7.2\junit-jupiter-5.7.2.jar;D:\softwareWork\environment\apache\apache-maven-repository\org\junit\jupiter\junit-jupiter-api\5.7.2\junit-jupiter-api-5.7.2.jar;D:\softwareWork\environment\apache\apache-maven-repository\org\apiguardian\apiguardian-api\1.1.0\apiguardian-api-1.1.0.jar;D:\softwareWork\environment\apache\apache-maven-repository\org\opentest4j\opentest4j\1.2.0\opentest4j-1.2.0.jar;D:\softwareWork\environment\apache\apache-maven-repository\org\junit\platform\junit-platform-commons\1.7.2\junit-platform-commons-1.7.2.jar;D:\softwareWork\environment\apache\apache-maven-repository\org\junit\jupiter\junit-jupiter-params\5.7.2\junit-jupiter-params-5.7.2.jar;D:\softwareWork\environment\apache\apache-maven-repository\org\junit\jupiter\junit-jupiter-engine\5.7.2\junit-jupiter-engine-5.7.2.jar;D:\softwareWork\environment\apache\apache-maven-repository\org\junit\platform\junit-platform-engine\1.7.2\junit-platform-engine-1.7.2.jar;D:\softwareWork\environment\apache\apache-maven-repository\org\mockito\mockito-core\3.9.0\mockito-core-3.9.0.jar;D:\softwareWork\environment\apache\apache-maven-repository\net\bytebuddy\byte-buddy\1.10.22\byte-buddy-1.10.22.jar;D:\softwareWork\environment\apache\apache-maven-repository\net\bytebuddy\byte-buddy-agent\1.10.22\byte-buddy-agent-1.10.22.jar;D:\softwareWork\environment\apache\apache-maven-repository\org\objenesis\objenesis\3.2\objenesis-3.2.jar;D:\softwareWork\environment\apache\apache-maven-repository\org\mockito\mockito-junit-jupiter\3.9.0\mockito-junit-jupiter-3.9.0.jar;D:\softwareWork\environment\apache\apache-maven-repository\org\skyscreamer\jsonassert\1.5.0\jsonassert-1.5.0.jar;D:\softwareWork\environment\apache\apache-maven-repository\com\vaadin\external\google\android-json\0.0.20131108.vaadin1\android-json-0.0.20131108.vaadin1.jar;D:\softwareWork\environment\apache\apache-maven-repository\org\springframework\spring-core\5.3.9\spring-core-5.3.9.jar;D:\softwareWork\environment\apache\apache-maven-repository\org\springframework\spring-jcl\5.3.9\spring-jcl-5.3.9.jar;D:\softwareWork\environment\apache\apache-maven-repository\org\springframework\spring-test\5.3.9\spring-test-5.3.9.jar;D:\softwareWork\environment\apache\apache-maven-repository\org\xmlunit\xmlunit-core\2.8.2\xmlunit-core-2.8.2.jar;D:\softwareWork\environment\apache\apache-maven-repository\de\codecentric\spring-boot-admin-starter-server\2.4.3\spring-boot-admin-starter-server-2.4.3.jar;D:\softwareWork\environment\apache\apache-maven-repository\de\codecentric\spring-boot-admin-server\2.4.3\spring-boot-admin-server-2.4.3.jar;D:\softwareWork\environment\apache\apache-maven-repository\org\springframework\boot\spring-boot-starter-webflux\2.5.4\spring-boot-starter-webflux-2.5.4.jar;D:\softwareWork\environment\apache\apache-maven-repository\org\springframework\boot\spring-boot-starter-reactor-netty\2.5.4\spring-boot-starter-reactor-netty-2.5.4.jar;D:\softwareWork\environment\apache\apache-maven-repository\io\projectreactor\netty\reactor-netty-http\1.0.10\reactor-netty-http-1.0.10.jar;D:\softwareWork\environment\apache\apache-maven-repository\io\netty\netty-codec-http\4.1.67.Final\netty-codec-http-4.1.67.Final.jar;D:\softwareWork\environment\apache\apache-maven-repository\io\netty\netty-common\4.1.67.Final\netty-common-4.1.67.Final.jar;D:\softwareWork\environment\apache\apache-maven-repository\io\netty\netty-buffer\4.1.67.Final\netty-buffer-4.1.67.Final.jar;D:\softwareWork\environment\apache\apache-maven-repository\io\netty\netty-transport\4.1.67.Final\netty-transport-4.1.67.Final.jar;D:\softwareWork\environment\apache\apache-maven-repository\io\netty\netty-codec\4.1.67.Final\netty-codec-4.1.67.Final.jar;D:\softwareWork\environment\apache\apache-maven-repository\io\netty\netty-handler\4.1.67.Final\netty-handler-4.1.67.Final.jar;D:\softwareWork\environment\apache\apache-maven-repository\io\netty\netty-codec-http2\4.1.67.Final\netty-codec-http2-4.1.67.Final.jar;D:\softwareWork\environment\apache\apache-maven-repository\io\netty\netty-resolver-dns\4.1.67.Final\netty-resolver-dns-4.1.67.Final.jar;D:\softwareWork\environment\apache\apache-maven-repository\io\netty\netty-resolver\4.1.67.Final\netty-resolver-4.1.67.Final.jar;D:\softwareWork\environment\apache\apache-maven-repository\io\netty\netty-codec-dns\4.1.67.Final\netty-codec-dns-4.1.67.Final.jar;D:\softwareWork\environment\apache\apache-maven-repository\io\netty\netty-resolver-dns-native-macos\4.1.67.Final\netty-resolver-dns-native-macos-4.1.67.Final-osx-x86_64.jar;D:\softwareWork\environment\apache\apache-maven-repository\io\netty\netty-transport-native-unix-common\4.1.67.Final\netty-transport-native-unix-common-4.1.67.Final.jar;D:\softwareWork\environment\apache\apache-maven-repository\io\netty\netty-transport-native-epoll\4.1.67.Final\netty-transport-native-epoll-4.1.67.Final-linux-x86_64.jar;D:\softwareWork\environment\apache\apache-maven-repository\io\projectreactor\netty\reactor-netty-core\1.0.10\reactor-netty-core-1.0.10.jar;D:\softwareWork\environment\apache\apache-maven-repository\io\netty\netty-handler-proxy\4.1.67.Final\netty-handler-proxy-4.1.67.Final.jar;D:\softwareWork\environment\apache\apache-maven-repository\io\netty\netty-codec-socks\4.1.67.Final\netty-codec-socks-4.1.67.Final.jar;D:\softwareWork\environment\apache\apache-maven-repository\org\springframework\spring-webflux\5.3.9\spring-webflux-5.3.9.jar;D:\softwareWork\environment\apache\apache-maven-repository\org\springframework\boot\spring-boot-starter-thymeleaf\2.5.4\spring-boot-starter-thymeleaf-2.5.4.jar;D:\softwareWork\environment\apache\apache-maven-repository\org\thymeleaf\thymeleaf-spring5\3.0.12.RELEASE\thymeleaf-spring5-3.0.12.RELEASE.jar;D:\softwareWork\environment\apache\apache-maven-repository\org\thymeleaf\thymeleaf\3.0.12.RELEASE\thymeleaf-3.0.12.RELEASE.jar;D:\softwareWork\environment\apache\apache-maven-repository\org\attoparser\attoparser\2.0.5.RELEASE\attoparser-2.0.5.RELEASE.jar;D:\softwareWork\environment\apache\apache-maven-repository\org\unbescape\unbescape\1.1.6.RELEASE\unbescape-1.1.6.RELEASE.jar;D:\softwareWork\environment\apache\apache-maven-repository\org\thymeleaf\extras\thymeleaf-extras-java8time\3.0.4.RELEASE\thymeleaf-extras-java8time-3.0.4.RELEASE.jar;D:\softwareWork\environment\apache\apache-maven-repository\org\springframework\boot\spring-boot-starter-actuator\2.5.4\spring-boot-starter-actuator-2.5.4.jar;D:\softwareWork\environment\apache\apache-maven-repository\org\springframework\boot\spring-boot-actuator-autoconfigure\2.5.4\spring-boot-actuator-autoconfigure-2.5.4.jar;D:\softwareWork\environment\apache\apache-maven-repository\org\springframework\boot\spring-boot-actuator\2.5.4\spring-boot-actuator-2.5.4.jar;D:\softwareWork\environment\apache\apache-maven-repository\io\micrometer\micrometer-core\1.7.3\micrometer-core-1.7.3.jar;D:\softwareWork\environment\apache\apache-maven-repository\org\hdrhistogram\HdrHistogram\2.1.12\HdrHistogram-2.1.12.jar;D:\softwareWork\environment\apache\apache-maven-repository\org\latencyutils\LatencyUtils\2.0.3\LatencyUtils-2.0.3.jar;D:\softwareWork\environment\apache\apache-maven-repository\org\apache\httpcomponents\httpclient\4.5.13\httpclient-4.5.13.jar;D:\softwareWork\environment\apache\apache-maven-repository\org\apache\httpcomponents\httpcore\4.4.14\httpcore-4.4.14.jar;D:\softwareWork\environment\apache\apache-maven-repository\commons-codec\commons-codec\1.15\commons-codec-1.15.jar;D:\softwareWork\environment\apache\apache-maven-repository\io\projectreactor\addons\reactor-extra\3.4.4\reactor-extra-3.4.4.jar;D:\softwareWork\environment\apache\apache-maven-repository\io\projectreactor\reactor-core\3.4.9\reactor-core-3.4.9.jar;D:\softwareWork\environment\apache\apache-maven-repository\org\reactivestreams\reactive-streams\1.0.3\reactive-streams-1.0.3.jar;D:\softwareWork\environment\apache\apache-maven-repository\de\codecentric\spring-boot-admin-server-ui\2.4.3\spring-boot-admin-server-ui-2.4.3.jar;D:\softwareWork\environment\apache\apache-maven-repository\de\codecentric\spring-boot-admin-server-cloud\2.4.3\spring-boot-admin-server-cloud-2.4.3.jar;"/>
    <property name="sun.cpu.endian" value="little"/>
    <property name="user.home" value="C:\Users\李的大侠"/>
    <property name="user.language" value="zh"/>
    <property name="java.specification.vendor" value="Oracle Corporation"/>
    <property name="java.home" value="C:\Users\李的大侠\.jdks\corretto-1.8.0_302\jre"/>
    <property name="basedir" value="D:\softwareWork\workspace_study\spring_boot\li\boot-05-adminserver"/>
    <property name="file.separator" value="\"/>
    <property name="line.separator" value="&#10;"/>
    <property name="java.vm.specification.vendor" value="Oracle Corporation"/>
    <property name="java.specification.name" value="Java Platform API Specification"/>
    <property name="java.awt.graphicsenv" value="sun.awt.Win32GraphicsEnvironment"/>
    <property name="surefire.real.class.path" value="C:\Users\李的大侠\AppData\Local\Temp\surefire3756515301424415329\surefirebooter8586772524818024734.jar"/>
    <property name="sun.boot.class.path" value="C:\Users\李的大侠\.jdks\corretto-1.8.0_302\jre\lib\resources.jar;C:\Users\李的大侠\.jdks\corretto-1.8.0_302\jre\lib\rt.jar;C:\Users\李的大侠\.jdks\corretto-1.8.0_302\jre\lib\sunrsasign.jar;C:\Users\李的大侠\.jdks\corretto-1.8.0_302\jre\lib\jsse.jar;C:\Users\李的大侠\.jdks\corretto-1.8.0_302\jre\lib\jce.jar;C:\Users\李的大侠\.jdks\corretto-1.8.0_302\jre\lib\charsets.jar;C:\Users\李的大侠\.jdks\corretto-1.8.0_302\jre\lib\jfr.jar;C:\Users\李的大侠\.jdks\corretto-1.8.0_302\jre\classes"/>
    <property name="user.script" value=""/>
    <property name="sun.management.compiler" value="HotSpot 64-Bit Tiered Compilers"/>
    <property name="java.runtime.version" value="1.8.0_302-b08"/>
    <property name="user.name" value="李的大侠"/>
    <property name="path.separator" value=";"/>
    <property name="os.version" value="10.0"/>
    <property name="java.endorsed.dirs" value="C:\Users\李的大侠\.jdks\corretto-1.8.0_302\jre\lib\endorsed"/>
    <property name="java.runtime.name" value="OpenJDK Runtime Environment"/>
    <property name="file.encoding" value="GBK"/>
    <property name="java.vm.name" value="OpenJDK 64-Bit Server VM"/>
    <property name="localRepository" value="D:\softwareWork\environment\apache\apache-maven-repository"/>
    <property name="java.vendor.url.bug" value="https://github.com/corretto/corretto-8/issues/"/>
    <property name="java.io.tmpdir" value="C:\Users\李的大侠\AppData\Local\Temp\"/>
    <property name="idea.version" value="2021.1.1"/>
    <property name="java.version" value="1.8.0_302"/>
    <property name="user.dir" value="D:\softwareWork\workspace_study\spring_boot\li\boot-05-adminserver"/>
    <property name="os.arch" value="amd64"/>
    <property name="java.vm.specification.name" value="Java Virtual Machine Specification"/>
    <property name="java.awt.printerjob" value="sun.awt.windows.WPrinterJob"/>
    <property name="sun.os.patch.level" value=""/>
    <property name="java.library.path" value="C:\Users\李的大侠\.jdks\corretto-1.8.0_302\jre\bin;C:\Windows\Sun\Java\bin;C:\Windows\system32;C:\Windows;D:\softwareWork\environment\oracle\oracle\product\product\11.2.0\dbhome_1\bin;C:\Program Files (x86)\Common Files\Oracle\Java\javapath;C:\Windows\system32;C:\Windows;C:\Windows\System32\Wbem;C:\Windows\System32\WindowsPowerShell\v1.0\;C:\Windows\System32\OpenSSH\;C:\Program Files (x86)\NVIDIA Corporation\PhysX\Common;C:\Program Files\NVIDIA Corporation\NVIDIA NvDLISR;D:\softwareWork\Git\cmd;C:\Program Files\TortoiseGit\bin;D:\softwareWork\environment\java\java1.8\bin;D:\softwareWork\environment\java\java1.8\jre\bin;D:\softwareWork\environment\mysql\mysql-5.6.42\bin;D:\softwareWork\environment\node\;D:\softwareWork\environment\node\node_global;D:\softwareWork\environment\apache\apache-maven-3.6.3\bin;D:\softwareWork\TortoiseSVN\bin;D:\softwareWork\environment\redis\ruby\Ruby26-x64\bin;C:\Users\李的大侠\AppData\Local\Microsoft\WindowsApps;;D:\softwareWork\JetBrains\IntelliJ IDEA 2021.1.1\bin;;D:\softwareWork\Microsoft VS Code\bin;C:\Users\李的大侠\AppData\Roaming\npm;."/>
    <property name="java.vm.info" value="mixed mode"/>
    <property name="java.vendor" value="Amazon.com Inc."/>
    <property name="java.vm.version" value="25.302-b08"/>
    <property name="java.ext.dirs" value="C:\Users\李的大侠\.jdks\corretto-1.8.0_302\jre\lib\ext;C:\Windows\Sun\Java\lib\ext"/>
    <property name="sun.io.unicode.encoding" value="UnicodeLittle"/>
    <property name="java.class.version" value="52.0"/>
  </properties>
  <testcase name="contextLoads" classname="com.li.boot05.Boot05AdminserverApplicationTests" time="0.157"/>
</testsuite>