<?xml version="1.0" encoding="UTF-8"?>
<testsuite xmlns:xsi="http://www.w3.org/2001/XMLSchema-instance" xsi:noNamespaceSchemaLocation="https://maven.apache.org/surefire/maven-surefire-plugin/xsd/surefire-test-report.xsd" name="com.li.admin.Boot05WebAdminApplicationTests" time="1.644" tests="1" errors="1" skipped="0" failures="0">
  <properties>
    <property name="sun.desktop" value="windows"/>
    <property name="awt.toolkit" value="sun.awt.windows.WToolkit"/>
    <property name="file.encoding.pkg" value="sun.io"/>
    <property name="java.specification.version" value="1.8"/>
    <property name="sun.cpu.isalist" value="amd64"/>
    <property name="sun.jnu.encoding" value="GBK"/>
    <property name="java.class.path" value="D:\softwareWork\workspace_study\spring_boot\li\boot-05-web-admin\target\test-classes;D:\softwareWork\workspace_study\spring_boot\li\boot-05-web-admin\target\classes;D:\softwareWork\environment\apache\apache-maven-repository\org\springframework\boot\spring-boot-starter-thymeleaf\2.5.4\spring-boot-starter-thymeleaf-2.5.4.jar;D:\softwareWork\environment\apache\apache-maven-repository\org\springframework\boot\spring-boot-starter\2.5.4\spring-boot-starter-2.5.4.jar;D:\softwareWork\environment\apache\apache-maven-repository\org\springframework\boot\spring-boot-starter-logging\2.5.4\spring-boot-starter-logging-2.5.4.jar;D:\softwareWork\environment\apache\apache-maven-repository\ch\qos\logback\logback-classic\1.2.5\logback-classic-1.2.5.jar;D:\softwareWork\environment\apache\apache-maven-repository\ch\qos\logback\logback-core\1.2.5\logback-core-1.2.5.jar;D:\softwareWork\environment\apache\apache-maven-repository\org\apache\logging\log4j\log4j-to-slf4j\2.14.1\log4j-to-slf4j-2.14.1.jar;D:\softwareWork\environment\apache\apache-maven-repository\org\apache\logging\log4j\log4j-api\2.14.1\log4j-api-2.14.1.jar;D:\softwareWork\environment\apache\apache-maven-repository\org\slf4j\jul-to-slf4j\1.7.32\jul-to-slf4j-1.7.32.jar;D:\softwareWork\environment\apache\apache-maven-repository\jakarta\annotation\jakarta.annotation-api\1.3.5\jakarta.annotation-api-1.3.5.jar;D:\softwareWork\environment\apache\apache-maven-repository\org\yaml\snakeyaml\1.28\snakeyaml-1.28.jar;D:\softwareWork\environment\apache\apache-maven-repository\org\thymeleaf\thymeleaf-spring5\3.0.12.RELEASE\thymeleaf-spring5-3.0.12.RELEASE.jar;D:\softwareWork\environment\apache\apache-maven-repository\org\thymeleaf\thymeleaf\3.0.12.RELEASE\thymeleaf-3.0.12.RELEASE.jar;D:\softwareWork\environment\apache\apache-maven-repository\org\attoparser\attoparser\2.0.5.RELEASE\attoparser-2.0.5.RELEASE.jar;D:\softwareWork\environment\apache\apache-maven-repository\org\unbescape\unbescape\1.1.6.RELEASE\unbescape-1.1.6.RELEASE.jar;D:\softwareWork\environment\apache\apache-maven-repository\org\slf4j\slf4j-api\1.7.32\slf4j-api-1.7.32.jar;D:\softwareWork\environment\apache\apache-maven-repository\org\thymeleaf\extras\thymeleaf-extras-java8time\3.0.4.RELEASE\thymeleaf-extras-java8time-3.0.4.RELEASE.jar;D:\softwareWork\environment\apache\apache-maven-repository\org\springframework\boot\spring-boot-starter-web\2.5.4\spring-boot-starter-web-2.5.4.jar;D:\softwareWork\environment\apache\apache-maven-repository\org\springframework\boot\spring-boot-starter-json\2.5.4\spring-boot-starter-json-2.5.4.jar;D:\softwareWork\environment\apache\apache-maven-repository\com\fasterxml\jackson\core\jackson-databind\2.12.4\jackson-databind-2.12.4.jar;D:\softwareWork\environment\apache\apache-maven-repository\com\fasterxml\jackson\core\jackson-annotations\2.12.4\jackson-annotations-2.12.4.jar;D:\softwareWork\environment\apache\apache-maven-repository\com\fasterxml\jackson\core\jackson-core\2.12.4\jackson-core-2.12.4.jar;D:\softwareWork\environment\apache\apache-maven-repository\com\fasterxml\jackson\datatype\jackson-datatype-jdk8\2.12.4\jackson-datatype-jdk8-2.12.4.jar;D:\softwareWork\environment\apache\apache-maven-repository\com\fasterxml\jackson\datatype\jackson-datatype-jsr310\2.12.4\jackson-datatype-jsr310-2.12.4.jar;D:\softwareWork\environment\apache\apache-maven-repository\com\fasterxml\jackson\module\jackson-module-parameter-names\2.12.4\jackson-module-parameter-names-2.12.4.jar;D:\softwareWork\environment\apache\apache-maven-repository\org\springframework\boot\spring-boot-starter-tomcat\2.5.4\spring-boot-starter-tomcat-2.5.4.jar;D:\softwareWork\environment\apache\apache-maven-repository\org\apache\tomcat\embed\tomcat-embed-core\9.0.52\tomcat-embed-core-9.0.52.jar;D:\softwareWork\environment\apache\apache-maven-repository\org\apache\tomcat\embed\tomcat-embed-el\9.0.52\tomcat-embed-el-9.0.52.jar;D:\softwareWork\environment\apache\apache-maven-repository\org\apache\tomcat\embed\tomcat-embed-websocket\9.0.52\tomcat-embed-websocket-9.0.52.jar;D:\softwareWork\environment\apache\apache-maven-repository\org\springframework\spring-web\5.3.9\spring-web-5.3.9.jar;D:\softwareWork\environment\apache\apache-maven-repository\org\springframework\spring-beans\5.3.9\spring-beans-5.3.9.jar;D:\softwareWork\environment\apache\apache-maven-repository\org\springframework\spring-webmvc\5.3.9\spring-webmvc-5.3.9.jar;D:\softwareWork\environment\apache\apache-maven-repository\org\springframework\spring-aop\5.3.9\spring-aop-5.3.9.jar;D:\softwareWork\environment\apache\apache-maven-repository\org\springframework\spring-context\5.3.9\spring-context-5.3.9.jar;D:\softwareWork\environment\apache\apache-maven-repository\org\springframework\spring-expression\5.3.9\spring-expression-5.3.9.jar;D:\softwareWork\environment\apache\apache-maven-repository\org\springframework\boot\spring-boot-devtools\2.5.4\spring-boot-devtools-2.5.4.jar;D:\softwareWork\environment\apache\apache-maven-repository\org\springframework\boot\spring-boot\2.5.4\spring-boot-2.5.4.jar;D:\softwareWork\environment\apache\apache-maven-repository\org\springframework\boot\spring-boot-autoconfigure\2.5.4\spring-boot-autoconfigure-2.5.4.jar;D:\softwareWork\environment\apache\apache-maven-repository\org\springframework\boot\spring-boot-configuration-processor\2.5.4\spring-boot-configuration-processor-2.5.4.jar;D:\softwareWork\environment\apache\apache-maven-repository\org\projectlombok\lombok\1.18.20\lombok-1.18.20.jar;D:\softwareWork\environment\apache\apache-maven-repository\org\springframework\boot\spring-boot-starter-test\2.5.4\spring-boot-starter-test-2.5.4.jar;D:\softwareWork\environment\apache\apache-maven-repository\org\springframework\boot\spring-boot-test\2.5.4\spring-boot-test-2.5.4.jar;D:\softwareWork\environment\apache\apache-maven-repository\org\springframework\boot\spring-boot-test-autoconfigure\2.5.4\spring-boot-test-autoconfigure-2.5.4.jar;D:\softwareWork\environment\apache\apache-maven-repository\com\jayway\jsonpath\json-path\2.5.0\json-path-2.5.0.jar;D:\softwareWork\environment\apache\apache-maven-repository\net\minidev\json-smart\2.4.7\json-smart-2.4.7.jar;D:\softwareWork\environment\apache\apache-maven-repository\net\minidev\accessors-smart\2.4.7\accessors-smart-2.4.7.jar;D:\softwareWork\environment\apache\apache-maven-repository\org\ow2\asm\asm\9.1\asm-9.1.jar;D:\softwareWork\environment\apache\apache-maven-repository\jakarta\xml\bind\jakarta.xml.bind-api\2.3.3\jakarta.xml.bind-api-2.3.3.jar;D:\softwareWork\environment\apache\apache-maven-repository\jakarta\activation\jakarta.activation-api\1.2.2\jakarta.activation-api-1.2.2.jar;D:\softwareWork\environment\apache\apache-maven-repository\org\assertj\assertj-core\3.19.0\assertj-core-3.19.0.jar;D:\softwareWork\environment\apache\apache-maven-repository\org\hamcrest\hamcrest\2.2\hamcrest-2.2.jar;D:\softwareWork\environment\apache\apache-maven-repository\org\junit\jupiter\junit-jupiter\5.7.2\junit-jupiter-5.7.2.jar;D:\softwareWork\environment\apache\apache-maven-repository\org\junit\jupiter\junit-jupiter-api\5.7.2\junit-jupiter-api-5.7.2.jar;D:\softwareWork\environment\apache\apache-maven-repository\org\apiguardian\apiguardian-api\1.1.0\apiguardian-api-1.1.0.jar;D:\softwareWork\environment\apache\apache-maven-repository\org\opentest4j\opentest4j\1.2.0\opentest4j-1.2.0.jar;D:\softwareWork\environment\apache\apache-maven-repository\org\junit\platform\junit-platform-commons\1.7.2\junit-platform-commons-1.7.2.jar;D:\softwareWork\environment\apache\apache-maven-repository\org\junit\jupiter\junit-jupiter-params\5.7.2\junit-jupiter-params-5.7.2.jar;D:\softwareWork\environment\apache\apache-maven-repository\org\junit\jupiter\junit-jupiter-engine\5.7.2\junit-jupiter-engine-5.7.2.jar;D:\softwareWork\environment\apache\apache-maven-repository\org\junit\platform\junit-platform-engine\1.7.2\junit-platform-engine-1.7.2.jar;D:\softwareWork\environment\apache\apache-maven-repository\org\mockito\mockito-core\3.9.0\mockito-core-3.9.0.jar;D:\softwareWork\environment\apache\apache-maven-repository\net\bytebuddy\byte-buddy\1.10.22\byte-buddy-1.10.22.jar;D:\softwareWork\environment\apache\apache-maven-repository\net\bytebuddy\byte-buddy-agent\1.10.22\byte-buddy-agent-1.10.22.jar;D:\softwareWork\environment\apache\apache-maven-repository\org\objenesis\objenesis\3.2\objenesis-3.2.jar;D:\softwareWork\environment\apache\apache-maven-repository\org\mockito\mockito-junit-jupiter\3.9.0\mockito-junit-jupiter-3.9.0.jar;D:\softwareWork\environment\apache\apache-maven-repository\org\skyscreamer\jsonassert\1.5.0\jsonassert-1.5.0.jar;D:\softwareWork\environment\apache\apache-maven-repository\com\vaadin\external\google\android-json\0.0.20131108.vaadin1\android-json-0.0.20131108.vaadin1.jar;D:\softwareWork\environment\apache\apache-maven-repository\org\springframework\spring-core\5.3.9\spring-core-5.3.9.jar;D:\softwareWork\environment\apache\apache-maven-repository\org\springframework\spring-jcl\5.3.9\spring-jcl-5.3.9.jar;D:\softwareWork\environment\apache\apache-maven-repository\org\springframework\spring-test\5.3.9\spring-test-5.3.9.jar;D:\softwareWork\environment\apache\apache-maven-repository\org\xmlunit\xmlunit-core\2.8.2\xmlunit-core-2.8.2.jar;D:\softwareWork\environment\apache\apache-maven-repository\com\baomidou\mybatis-plus-boot-starter\3.4.1\mybatis-plus-boot-starter-3.4.1.jar;D:\softwareWork\environment\apache\apache-maven-repository\com\baomidou\mybatis-plus\3.4.1\mybatis-plus-3.4.1.jar;D:\softwareWork\environment\apache\apache-maven-repository\com\baomidou\mybatis-plus-extension\3.4.1\mybatis-plus-extension-3.4.1.jar;D:\softwareWork\environment\apache\apache-maven-repository\com\baomidou\mybatis-plus-core\3.4.1\mybatis-plus-core-3.4.1.jar;D:\softwareWork\environment\apache\apache-maven-repository\com\baomidou\mybatis-plus-annotation\3.4.1\mybatis-plus-annotation-3.4.1.jar;D:\softwareWork\environment\apache\apache-maven-repository\com\github\jsqlparser\jsqlparser\3.2\jsqlparser-3.2.jar;D:\softwareWork\environment\apache\apache-maven-repository\org\mybatis\mybatis\3.5.6\mybatis-3.5.6.jar;D:\softwareWork\environment\apache\apache-maven-repository\org\mybatis\mybatis-spring\2.0.5\mybatis-spring-2.0.5.jar;D:\softwareWork\environment\apache\apache-maven-repository\org\springframework\boot\spring-boot-starter-jdbc\2.5.4\spring-boot-starter-jdbc-2.5.4.jar;D:\softwareWork\environment\apache\apache-maven-repository\com\zaxxer\HikariCP\4.0.3\HikariCP-4.0.3.jar;D:\softwareWork\environment\apache\apache-maven-repository\org\springframework\spring-jdbc\5.3.9\spring-jdbc-5.3.9.jar;D:\softwareWork\environment\apache\apache-maven-repository\org\springframework\spring-tx\5.3.9\spring-tx-5.3.9.jar;"/>
    <property name="java.vm.vendor" value="Amazon.com Inc."/>
    <property name="sun.arch.data.model" value="64"/>
    <property name="user.variant" value=""/>
    <property name="java.vendor.url" value="https://aws.amazon.com/corretto/"/>
    <property name="user.timezone" value="Asia/Shanghai"/>
    <property name="java.vm.specification.version" value="1.8"/>
    <property name="os.name" value="Windows 10"/>
    <property name="user.country" value="CN"/>
    <property name="sun.java.launcher" value="SUN_STANDARD"/>
    <property name="sun.boot.library.path" value="C:\Users\李的大侠\.jdks\corretto-1.8.0_302\jre\bin"/>
    <property name="sun.java.command" value="C:\Users\李的大侠\AppData\Local\Temp\surefire5320897435873023736\surefirebooter6068560184826488598.jar C:\Users\李的大侠\AppData\Local\Temp\surefire5320897435873023736 2021-08-31T20-28-36_087-jvmRun1 surefire7097825554116766049tmp surefire_08083511480703966523tmp"/>
    <property name="surefire.test.class.path" value="D:\softwareWork\workspace_study\spring_boot\li\boot-05-web-admin\target\test-classes;D:\softwareWork\workspace_study\spring_boot\li\boot-05-web-admin\target\classes;D:\softwareWork\environment\apache\apache-maven-repository\org\springframework\boot\spring-boot-starter-thymeleaf\2.5.4\spring-boot-starter-thymeleaf-2.5.4.jar;D:\softwareWork\environment\apache\apache-maven-repository\org\springframework\boot\spring-boot-starter\2.5.4\spring-boot-starter-2.5.4.jar;D:\softwareWork\environment\apache\apache-maven-repository\org\springframework\boot\spring-boot-starter-logging\2.5.4\spring-boot-starter-logging-2.5.4.jar;D:\softwareWork\environment\apache\apache-maven-repository\ch\qos\logback\logback-classic\1.2.5\logback-classic-1.2.5.jar;D:\softwareWork\environment\apache\apache-maven-repository\ch\qos\logback\logback-core\1.2.5\logback-core-1.2.5.jar;D:\softwareWork\environment\apache\apache-maven-repository\org\apache\logging\log4j\log4j-to-slf4j\2.14.1\log4j-to-slf4j-2.14.1.jar;D:\softwareWork\environment\apache\apache-maven-repository\org\apache\logging\log4j\log4j-api\2.14.1\log4j-api-2.14.1.jar;D:\softwareWork\environment\apache\apache-maven-repository\org\slf4j\jul-to-slf4j\1.7.32\jul-to-slf4j-1.7.32.jar;D:\softwareWork\environment\apache\apache-maven-repository\jakarta\annotation\jakarta.annotation-api\1.3.5\jakarta.annotation-api-1.3.5.jar;D:\softwareWork\environment\apache\apache-maven-repository\org\yaml\snakeyaml\1.28\snakeyaml-1.28.jar;D:\softwareWork\environment\apache\apache-maven-repository\org\thymeleaf\thymeleaf-spring5\3.0.12.RELEASE\thymeleaf-spring5-3.0.12.RELEASE.jar;D:\softwareWork\environment\apache\apache-maven-repository\org\thymeleaf\thymeleaf\3.0.12.RELEASE\thymeleaf-3.0.12.RELEASE.jar;D:\softwareWork\environment\apache\apache-maven-repository\org\attoparser\attoparser\2.0.5.RELEASE\attoparser-2.0.5.RELEASE.jar;D:\softwareWork\environment\apache\apache-maven-repository\org\unbescape\unbescape\1.1.6.RELEASE\unbescape-1.1.6.RELEASE.jar;D:\softwareWork\environment\apache\apache-maven-repository\org\slf4j\slf4j-api\1.7.32\slf4j-api-1.7.32.jar;D:\softwareWork\environment\apache\apache-maven-repository\org\thymeleaf\extras\thymeleaf-extras-java8time\3.0.4.RELEASE\thymeleaf-extras-java8time-3.0.4.RELEASE.jar;D:\softwareWork\environment\apache\apache-maven-repository\org\springframework\boot\spring-boot-starter-web\2.5.4\spring-boot-starter-web-2.5.4.jar;D:\softwareWork\environment\apache\apache-maven-repository\org\springframework\boot\spring-boot-starter-json\2.5.4\spring-boot-starter-json-2.5.4.jar;D:\softwareWork\environment\apache\apache-maven-repository\com\fasterxml\jackson\core\jackson-databind\2.12.4\jackson-databind-2.12.4.jar;D:\softwareWork\environment\apache\apache-maven-repository\com\fasterxml\jackson\core\jackson-annotations\2.12.4\jackson-annotations-2.12.4.jar;D:\softwareWork\environment\apache\apache-maven-repository\com\fasterxml\jackson\core\jackson-core\2.12.4\jackson-core-2.12.4.jar;D:\softwareWork\environment\apache\apache-maven-repository\com\fasterxml\jackson\datatype\jackson-datatype-jdk8\2.12.4\jackson-datatype-jdk8-2.12.4.jar;D:\softwareWork\environment\apache\apache-maven-repository\com\fasterxml\jackson\datatype\jackson-datatype-jsr310\2.12.4\jackson-datatype-jsr310-2.12.4.jar;D:\softwareWork\environment\apache\apache-maven-repository\com\fasterxml\jackson\module\jackson-module-parameter-names\2.12.4\jackson-module-parameter-names-2.12.4.jar;D:\softwareWork\environment\apache\apache-maven-repository\org\springframework\boot\spring-boot-starter-tomcat\2.5.4\spring-boot-starter-tomcat-2.5.4.jar;D:\softwareWork\environment\apache\apache-maven-repository\org\apache\tomcat\embed\tomcat-embed-core\9.0.52\tomcat-embed-core-9.0.52.jar;D:\softwareWork\environment\apache\apache-maven-repository\org\apache\tomcat\embed\tomcat-embed-el\9.0.52\tomcat-embed-el-9.0.52.jar;D:\softwareWork\environment\apache\apache-maven-repository\org\apache\tomcat\embed\tomcat-embed-websocket\9.0.52\tomcat-embed-websocket-9.0.52.jar;D:\softwareWork\environment\apache\apache-maven-repository\org\springframework\spring-web\5.3.9\spring-web-5.3.9.jar;D:\softwareWork\environment\apache\apache-maven-repository\org\springframework\spring-beans\5.3.9\spring-beans-5.3.9.jar;D:\softwareWork\environment\apache\apache-maven-repository\org\springframework\spring-webmvc\5.3.9\spring-webmvc-5.3.9.jar;D:\softwareWork\environment\apache\apache-maven-repository\org\springframework\spring-aop\5.3.9\spring-aop-5.3.9.jar;D:\softwareWork\environment\apache\apache-maven-repository\org\springframework\spring-context\5.3.9\spring-context-5.3.9.jar;D:\softwareWork\environment\apache\apache-maven-repository\org\springframework\spring-expression\5.3.9\spring-expression-5.3.9.jar;D:\softwareWork\environment\apache\apache-maven-repository\org\springframework\boot\spring-boot-devtools\2.5.4\spring-boot-devtools-2.5.4.jar;D:\softwareWork\environment\apache\apache-maven-repository\org\springframework\boot\spring-boot\2.5.4\spring-boot-2.5.4.jar;D:\softwareWork\environment\apache\apache-maven-repository\org\springframework\boot\spring-boot-autoconfigure\2.5.4\spring-boot-autoconfigure-2.5.4.jar;D:\softwareWork\environment\apache\apache-maven-repository\org\springframework\boot\spring-boot-configuration-processor\2.5.4\spring-boot-configuration-processor-2.5.4.jar;D:\softwareWork\environment\apache\apache-maven-repository\org\projectlombok\lombok\1.18.20\lombok-1.18.20.jar;D:\softwareWork\environment\apache\apache-maven-repository\org\springframework\boot\spring-boot-starter-test\2.5.4\spring-boot-starter-test-2.5.4.jar;D:\softwareWork\environment\apache\apache-maven-repository\org\springframework\boot\spring-boot-test\2.5.4\spring-boot-test-2.5.4.jar;D:\softwareWork\environment\apache\apache-maven-repository\org\springframework\boot\spring-boot-test-autoconfigure\2.5.4\spring-boot-test-autoconfigure-2.5.4.jar;D:\softwareWork\environment\apache\apache-maven-repository\com\jayway\jsonpath\json-path\2.5.0\json-path-2.5.0.jar;D:\softwareWork\environment\apache\apache-maven-repository\net\minidev\json-smart\2.4.7\json-smart-2.4.7.jar;D:\softwareWork\environment\apache\apache-maven-repository\net\minidev\accessors-smart\2.4.7\accessors-smart-2.4.7.jar;D:\softwareWork\environment\apache\apache-maven-repository\org\ow2\asm\asm\9.1\asm-9.1.jar;D:\softwareWork\environment\apache\apache-maven-repository\jakarta\xml\bind\jakarta.xml.bind-api\2.3.3\jakarta.xml.bind-api-2.3.3.jar;D:\softwareWork\environment\apache\apache-maven-repository\jakarta\activation\jakarta.activation-api\1.2.2\jakarta.activation-api-1.2.2.jar;D:\softwareWork\environment\apache\apache-maven-repository\org\assertj\assertj-core\3.19.0\assertj-core-3.19.0.jar;D:\softwareWork\environment\apache\apache-maven-repository\org\hamcrest\hamcrest\2.2\hamcrest-2.2.jar;D:\softwareWork\environment\apache\apache-maven-repository\org\junit\jupiter\junit-jupiter\5.7.2\junit-jupiter-5.7.2.jar;D:\softwareWork\environment\apache\apache-maven-repository\org\junit\jupiter\junit-jupiter-api\5.7.2\junit-jupiter-api-5.7.2.jar;D:\softwareWork\environment\apache\apache-maven-repository\org\apiguardian\apiguardian-api\1.1.0\apiguardian-api-1.1.0.jar;D:\softwareWork\environment\apache\apache-maven-repository\org\opentest4j\opentest4j\1.2.0\opentest4j-1.2.0.jar;D:\softwareWork\environment\apache\apache-maven-repository\org\junit\platform\junit-platform-commons\1.7.2\junit-platform-commons-1.7.2.jar;D:\softwareWork\environment\apache\apache-maven-repository\org\junit\jupiter\junit-jupiter-params\5.7.2\junit-jupiter-params-5.7.2.jar;D:\softwareWork\environment\apache\apache-maven-repository\org\junit\jupiter\junit-jupiter-engine\5.7.2\junit-jupiter-engine-5.7.2.jar;D:\softwareWork\environment\apache\apache-maven-repository\org\junit\platform\junit-platform-engine\1.7.2\junit-platform-engine-1.7.2.jar;D:\softwareWork\environment\apache\apache-maven-repository\org\mockito\mockito-core\3.9.0\mockito-core-3.9.0.jar;D:\softwareWork\environment\apache\apache-maven-repository\net\bytebuddy\byte-buddy\1.10.22\byte-buddy-1.10.22.jar;D:\softwareWork\environment\apache\apache-maven-repository\net\bytebuddy\byte-buddy-agent\1.10.22\byte-buddy-agent-1.10.22.jar;D:\softwareWork\environment\apache\apache-maven-repository\org\objenesis\objenesis\3.2\objenesis-3.2.jar;D:\softwareWork\environment\apache\apache-maven-repository\org\mockito\mockito-junit-jupiter\3.9.0\mockito-junit-jupiter-3.9.0.jar;D:\softwareWork\environment\apache\apache-maven-repository\org\skyscreamer\jsonassert\1.5.0\jsonassert-1.5.0.jar;D:\softwareWork\environment\apache\apache-maven-repository\com\vaadin\external\google\android-json\0.0.20131108.vaadin1\android-json-0.0.20131108.vaadin1.jar;D:\softwareWork\environment\apache\apache-maven-repository\org\springframework\spring-core\5.3.9\spring-core-5.3.9.jar;D:\softwareWork\environment\apache\apache-maven-repository\org\springframework\spring-jcl\5.3.9\spring-jcl-5.3.9.jar;D:\softwareWork\environment\apache\apache-maven-repository\org\springframework\spring-test\5.3.9\spring-test-5.3.9.jar;D:\softwareWork\environment\apache\apache-maven-repository\org\xmlunit\xmlunit-core\2.8.2\xmlunit-core-2.8.2.jar;D:\softwareWork\environment\apache\apache-maven-repository\com\baomidou\mybatis-plus-boot-starter\3.4.1\mybatis-plus-boot-starter-3.4.1.jar;D:\softwareWork\environment\apache\apache-maven-repository\com\baomidou\mybatis-plus\3.4.1\mybatis-plus-3.4.1.jar;D:\softwareWork\environment\apache\apache-maven-repository\com\baomidou\mybatis-plus-extension\3.4.1\mybatis-plus-extension-3.4.1.jar;D:\softwareWork\environment\apache\apache-maven-repository\com\baomidou\mybatis-plus-core\3.4.1\mybatis-plus-core-3.4.1.jar;D:\softwareWork\environment\apache\apache-maven-repository\com\baomidou\mybatis-plus-annotation\3.4.1\mybatis-plus-annotation-3.4.1.jar;D:\softwareWork\environment\apache\apache-maven-repository\com\github\jsqlparser\jsqlparser\3.2\jsqlparser-3.2.jar;D:\softwareWork\environment\apache\apache-maven-repository\org\mybatis\mybatis\3.5.6\mybatis-3.5.6.jar;D:\softwareWork\environment\apache\apache-maven-repository\org\mybatis\mybatis-spring\2.0.5\mybatis-spring-2.0.5.jar;D:\softwareWork\environment\apache\apache-maven-repository\org\springframework\boot\spring-boot-starter-jdbc\2.5.4\spring-boot-starter-jdbc-2.5.4.jar;D:\softwareWork\environment\apache\apache-maven-repository\com\zaxxer\HikariCP\4.0.3\HikariCP-4.0.3.jar;D:\softwareWork\environment\apache\apache-maven-repository\org\springframework\spring-jdbc\5.3.9\spring-jdbc-5.3.9.jar;D:\softwareWork\environment\apache\apache-maven-repository\org\springframework\spring-tx\5.3.9\spring-tx-5.3.9.jar;"/>
    <property name="sun.cpu.endian" value="little"/>
    <property name="user.home" value="C:\Users\李的大侠"/>
    <property name="user.language" value="zh"/>
    <property name="java.specification.vendor" value="Oracle Corporation"/>
    <property name="java.home" value="C:\Users\李的大侠\.jdks\corretto-1.8.0_302\jre"/>
    <property name="basedir" value="D:\softwareWork\workspace_study\spring_boot\li\boot-05-web-admin"/>
    <property name="file.separator" value="\"/>
    <property name="line.separator" value="&#10;"/>
    <property name="java.vm.specification.vendor" value="Oracle Corporation"/>
    <property name="java.specification.name" value="Java Platform API Specification"/>
    <property name="java.awt.graphicsenv" value="sun.awt.Win32GraphicsEnvironment"/>
    <property name="surefire.real.class.path" value="C:\Users\李的大侠\AppData\Local\Temp\surefire5320897435873023736\surefirebooter6068560184826488598.jar"/>
    <property name="sun.boot.class.path" value="C:\Users\李的大侠\.jdks\corretto-1.8.0_302\jre\lib\resources.jar;C:\Users\李的大侠\.jdks\corretto-1.8.0_302\jre\lib\rt.jar;C:\Users\李的大侠\.jdks\corretto-1.8.0_302\jre\lib\sunrsasign.jar;C:\Users\李的大侠\.jdks\corretto-1.8.0_302\jre\lib\jsse.jar;C:\Users\李的大侠\.jdks\corretto-1.8.0_302\jre\lib\jce.jar;C:\Users\李的大侠\.jdks\corretto-1.8.0_302\jre\lib\charsets.jar;C:\Users\李的大侠\.jdks\corretto-1.8.0_302\jre\lib\jfr.jar;C:\Users\李的大侠\.jdks\corretto-1.8.0_302\jre\classes"/>
    <property name="user.script" value=""/>
    <property name="sun.management.compiler" value="HotSpot 64-Bit Tiered Compilers"/>
    <property name="java.runtime.version" value="1.8.0_302-b08"/>
    <property name="user.name" value="李的大侠"/>
    <property name="path.separator" value=";"/>
    <property name="os.version" value="10.0"/>
    <property name="java.endorsed.dirs" value="C:\Users\李的大侠\.jdks\corretto-1.8.0_302\jre\lib\endorsed"/>
    <property name="java.runtime.name" value="OpenJDK Runtime Environment"/>
    <property name="file.encoding" value="GBK"/>
    <property name="java.vm.name" value="OpenJDK 64-Bit Server VM"/>
    <property name="localRepository" value="D:\softwareWork\environment\apache\apache-maven-repository"/>
    <property name="java.vendor.url.bug" value="https://github.com/corretto/corretto-8/issues/"/>
    <property name="java.io.tmpdir" value="C:\Users\李的大侠\AppData\Local\Temp\"/>
    <property name="idea.version" value="2021.1.1"/>
    <property name="java.version" value="1.8.0_302"/>
    <property name="user.dir" value="D:\softwareWork\workspace_study\spring_boot\li\boot-05-web-admin"/>
    <property name="os.arch" value="amd64"/>
    <property name="java.vm.specification.name" value="Java Virtual Machine Specification"/>
    <property name="java.awt.printerjob" value="sun.awt.windows.WPrinterJob"/>
    <property name="sun.os.patch.level" value=""/>
    <property name="java.library.path" value="C:\Users\李的大侠\.jdks\corretto-1.8.0_302\jre\bin;C:\Windows\Sun\Java\bin;C:\Windows\system32;C:\Windows;D:\softwareWork\environment\oracle\oracle\product\product\11.2.0\dbhome_1\bin;C:\Program Files (x86)\Common Files\Oracle\Java\javapath;C:\Windows\system32;C:\Windows;C:\Windows\System32\Wbem;C:\Windows\System32\WindowsPowerShell\v1.0\;C:\Windows\System32\OpenSSH\;C:\Program Files (x86)\NVIDIA Corporation\PhysX\Common;C:\Program Files\NVIDIA Corporation\NVIDIA NvDLISR;D:\softwareWork\Git\cmd;C:\Program Files\TortoiseGit\bin;D:\softwareWork\environment\java\java1.8\bin;D:\softwareWork\environment\java\java1.8\jre\bin;D:\softwareWork\environment\mysql\mysql-5.6.42\bin;D:\softwareWork\environment\node\;D:\softwareWork\environment\node\node_global;D:\softwareWork\environment\apache\apache-maven-3.6.3\bin;D:\softwareWork\TortoiseSVN\bin;D:\softwareWork\environment\redis\ruby\Ruby26-x64\bin;C:\Users\李的大侠\AppData\Local\Microsoft\WindowsApps;;D:\softwareWork\JetBrains\IntelliJ IDEA 2021.1.1\bin;;D:\softwareWork\Microsoft VS Code\bin;C:\Users\李的大侠\AppData\Roaming\npm;."/>
    <property name="java.vm.info" value="mixed mode"/>
    <property name="java.vendor" value="Amazon.com Inc."/>
    <property name="java.vm.version" value="25.302-b08"/>
    <property name="java.ext.dirs" value="C:\Users\李的大侠\.jdks\corretto-1.8.0_302\jre\lib\ext;C:\Windows\Sun\Java\lib\ext"/>
    <property name="sun.io.unicode.encoding" value="UnicodeLittle"/>
    <property name="java.class.version" value="52.0"/>
  </properties>
  <testcase name="contextLoads" classname="com.li.admin.Boot05WebAdminApplicationTests" time="0.001">
    <error message="Failed to load ApplicationContext" type="java.lang.IllegalStateException">java.lang.IllegalStateException: Failed to load ApplicationContext
Caused by: org.springframework.beans.factory.BeanCreationException: Error creating bean with name 'dataSource' defined in class path resource [org/springframework/boot/autoconfigure/jdbc/DataSourceConfiguration$Hikari.class]: Bean instantiation via factory method failed; nested exception is org.springframework.beans.BeanInstantiationException: Failed to instantiate [com.zaxxer.hikari.HikariDataSource]: Factory method 'dataSource' threw exception; nested exception is org.springframework.boot.autoconfigure.jdbc.DataSourceProperties$DataSourceBeanCreationException: Failed to determine a suitable driver class
Caused by: org.springframework.beans.BeanInstantiationException: Failed to instantiate [com.zaxxer.hikari.HikariDataSource]: Factory method 'dataSource' threw exception; nested exception is org.springframework.boot.autoconfigure.jdbc.DataSourceProperties$DataSourceBeanCreationException: Failed to determine a suitable driver class
Caused by: org.springframework.boot.autoconfigure.jdbc.DataSourceProperties$DataSourceBeanCreationException: Failed to determine a suitable driver class
</error>
    <system-out><![CDATA[20:28:36.713 [main] DEBUG org.springframework.test.context.BootstrapUtils - Instantiating CacheAwareContextLoaderDelegate from class [org.springframework.test.context.cache.DefaultCacheAwareContextLoaderDelegate]
20:28:36.723 [main] DEBUG org.springframework.test.context.BootstrapUtils - Instantiating BootstrapContext using constructor [public org.springframework.test.context.support.DefaultBootstrapContext(java.lang.Class,org.springframework.test.context.CacheAwareContextLoaderDelegate)]
20:28:36.748 [main] DEBUG org.springframework.test.context.BootstrapUtils - Instantiating TestContextBootstrapper for test class [com.li.admin.Boot05WebAdminApplicationTests] from class [org.springframework.boot.test.context.SpringBootTestContextBootstrapper]
20:28:36.757 [main] INFO org.springframework.boot.test.context.SpringBootTestContextBootstrapper - Neither @ContextConfiguration nor @ContextHierarchy found for test class [com.li.admin.Boot05WebAdminApplicationTests], using SpringBootContextLoader
20:28:36.760 [main] DEBUG org.springframework.test.context.support.AbstractContextLoader - Did not detect default resource location for test class [com.li.admin.Boot05WebAdminApplicationTests]: class path resource [com/li/admin/Boot05WebAdminApplicationTests-context.xml] does not exist
20:28:36.760 [main] DEBUG org.springframework.test.context.support.AbstractContextLoader - Did not detect default resource location for test class [com.li.admin.Boot05WebAdminApplicationTests]: class path resource [com/li/admin/Boot05WebAdminApplicationTestsContext.groovy] does not exist
20:28:36.761 [main] INFO org.springframework.test.context.support.AbstractContextLoader - Could not detect default resource locations for test class [com.li.admin.Boot05WebAdminApplicationTests]: no resource found for suffixes {-context.xml, Context.groovy}.
20:28:36.761 [main] INFO org.springframework.test.context.support.AnnotationConfigContextLoaderUtils - Could not detect default configuration classes for test class [com.li.admin.Boot05WebAdminApplicationTests]: Boot05WebAdminApplicationTests does not declare any static, non-private, non-final, nested classes annotated with @Configuration.
20:28:36.793 [main] DEBUG org.springframework.test.context.support.ActiveProfilesUtils - Could not find an 'annotation declaring class' for annotation type [org.springframework.test.context.ActiveProfiles] and class [com.li.admin.Boot05WebAdminApplicationTests]
20:28:36.836 [main] DEBUG org.springframework.context.annotation.ClassPathScanningCandidateComponentProvider - Identified candidate component class: file [D:\softwareWork\workspace_study\spring_boot\li\boot-05-web-admin\target\classes\com\li\admin\Boot05WebAdminApplication.class]
20:28:36.838 [main] INFO org.springframework.boot.test.context.SpringBootTestContextBootstrapper - Found @SpringBootConfiguration com.li.admin.Boot05WebAdminApplication for test class com.li.admin.Boot05WebAdminApplicationTests
20:28:36.912 [main] DEBUG org.springframework.boot.test.context.SpringBootTestContextBootstrapper - @TestExecutionListeners is not present for class [com.li.admin.Boot05WebAdminApplicationTests]: using defaults.
20:28:36.913 [main] INFO org.springframework.boot.test.context.SpringBootTestContextBootstrapper - Loaded default TestExecutionListener class names from location [META-INF/spring.factories]: [org.springframework.boot.test.mock.mockito.MockitoTestExecutionListener, org.springframework.boot.test.mock.mockito.ResetMocksTestExecutionListener, org.springframework.boot.test.autoconfigure.restdocs.RestDocsTestExecutionListener, org.springframework.boot.test.autoconfigure.web.client.MockRestServiceServerResetTestExecutionListener, org.springframework.boot.test.autoconfigure.web.servlet.MockMvcPrintOnlyOnFailureTestExecutionListener, org.springframework.boot.test.autoconfigure.web.servlet.WebDriverTestExecutionListener, org.springframework.boot.test.autoconfigure.webservices.client.MockWebServiceServerTestExecutionListener, org.springframework.test.context.web.ServletTestExecutionListener, org.springframework.test.context.support.DirtiesContextBeforeModesTestExecutionListener, org.springframework.test.context.event.ApplicationEventsTestExecutionListener, org.springframework.test.context.support.DependencyInjectionTestExecutionListener, org.springframework.test.context.support.DirtiesContextTestExecutionListener, org.springframework.test.context.transaction.TransactionalTestExecutionListener, org.springframework.test.context.jdbc.SqlScriptsTestExecutionListener, org.springframework.test.context.event.EventPublishingTestExecutionListener]
20:28:36.927 [main] INFO org.springframework.boot.test.context.SpringBootTestContextBootstrapper - Using TestExecutionListeners: [org.springframework.test.context.web.ServletTestExecutionListener@54422e18, org.springframework.test.context.support.DirtiesContextBeforeModesTestExecutionListener@117159c0, org.springframework.test.context.event.ApplicationEventsTestExecutionListener@3e27ba32, org.springframework.boot.test.mock.mockito.MockitoTestExecutionListener@7ef82753, org.springframework.boot.test.autoconfigure.SpringBootDependencyInjectionTestExecutionListener@3b0fe47a, org.springframework.test.context.support.DirtiesContextTestExecutionListener@202b0582, org.springframework.test.context.transaction.TransactionalTestExecutionListener@235ecd9f, org.springframework.test.context.jdbc.SqlScriptsTestExecutionListener@1ca3b418, org.springframework.test.context.event.EventPublishingTestExecutionListener@58cbafc2, org.springframework.boot.test.mock.mockito.ResetMocksTestExecutionListener@2034b64c, org.springframework.boot.test.autoconfigure.restdocs.RestDocsTestExecutionListener@75d3a5e0, org.springframework.boot.test.autoconfigure.web.client.MockRestServiceServerResetTestExecutionListener@74d1dc36, org.springframework.boot.test.autoconfigure.web.servlet.MockMvcPrintOnlyOnFailureTestExecutionListener@7161d8d1, org.springframework.boot.test.autoconfigure.web.servlet.WebDriverTestExecutionListener@74e28667, org.springframework.boot.test.autoconfigure.webservices.client.MockWebServiceServerTestExecutionListener@1cf6d1be]
20:28:36.930 [main] DEBUG org.springframework.test.context.support.AbstractDirtiesContextTestExecutionListener - Before test class: context [DefaultTestContext@1c5920df testClass = Boot05WebAdminApplicationTests, testInstance = [null], testMethod = [null], testException = [null], mergedContextConfiguration = [WebMergedContextConfiguration@17f9d882 testClass = Boot05WebAdminApplicationTests, locations = '{}', classes = '{class com.li.admin.Boot05WebAdminApplication}', contextInitializerClasses = '[]', activeProfiles = '{}', propertySourceLocations = '{}', propertySourceProperties = '{org.springframework.boot.test.context.SpringBootTestContextBootstrapper=true}', contextCustomizers = set[org.springframework.boot.test.context.filter.ExcludeFilterContextCustomizer@68999068, org.springframework.boot.test.json.DuplicateJsonObjectContextCustomizerFactory$DuplicateJsonObjectContextCustomizer@243c4f91, org.springframework.boot.test.mock.mockito.MockitoContextCustomizer@0, org.springframework.boot.test.web.client.TestRestTemplateContextCustomizer@402bba4f, org.springframework.boot.test.autoconfigure.actuate.metrics.MetricsExportContextCustomizerFactory$DisableMetricExportContextCustomizer@61862a7f, org.springframework.boot.test.autoconfigure.properties.PropertyMappingContextCustomizer@0, org.springframework.boot.test.autoconfigure.web.servlet.WebDriverContextCustomizerFactory$Customizer@694abbdc, org.springframework.boot.test.context.SpringBootTestArgs@1, org.springframework.boot.test.context.SpringBootTestWebEnvironment@675d3402], resourceBasePath = 'src/main/webapp', contextLoader = 'org.springframework.boot.test.context.SpringBootContextLoader', parent = [null]], attributes = map['org.springframework.test.context.web.ServletTestExecutionListener.activateListener' -> true]], class annotated with @DirtiesContext [false] with mode [null].
20:28:36.956 [main] DEBUG org.springframework.test.context.support.TestPropertySourceUtils - Adding inlined properties to environment: {spring.jmx.enabled=false, org.springframework.boot.test.context.SpringBootTestContextBootstrapper=true}

  .   ____          _            __ _ _
 /\\ / ___'_ __ _ _(_)_ __  __ _ \ \ \ \
( ( )\___ | '_ | '_| | '_ \/ _` | \ \ \ \
 \\/  ___)| |_)| | | | | || (_| |  ) ) ) )
  '  |____| .__|_| |_|_| |_\__, | / / / /
 =========|_|==============|___/=/_/_/_/
 :: Spring Boot ::                (v2.5.4)

2021-08-31 20:28:37.135  INFO 23868 --- [           main] c.l.a.Boot05WebAdminApplicationTests     : Starting Boot05WebAdminApplicationTests using Java 1.8.0_302 on LAPTOP-B6MTOETG with PID 23868 (started by 李的大侠 in D:\softwareWork\workspace_study\spring_boot\li\boot-05-web-admin)
2021-08-31 20:28:37.136  INFO 23868 --- [           main] c.l.a.Boot05WebAdminApplicationTests     : No active profile set, falling back to default profiles: default
2021-08-31 20:28:37.590  WARN 23868 --- [           main] o.m.s.mapper.ClassPathMapperScanner      : No MyBatis mapper was found in '[com.li.admin]' package. Please check your configuration.
2021-08-31 20:28:38.266  WARN 23868 --- [           main] o.s.w.c.s.GenericWebApplicationContext   : Exception encountered during context initialization - cancelling refresh attempt: org.springframework.beans.factory.BeanCreationException: Error creating bean with name 'dataSource' defined in class path resource [org/springframework/boot/autoconfigure/jdbc/DataSourceConfiguration$Hikari.class]: Bean instantiation via factory method failed; nested exception is org.springframework.beans.BeanInstantiationException: Failed to instantiate [com.zaxxer.hikari.HikariDataSource]: Factory method 'dataSource' threw exception; nested exception is org.springframework.boot.autoconfigure.jdbc.DataSourceProperties$DataSourceBeanCreationException: Failed to determine a suitable driver class
2021-08-31 20:28:38.276  INFO 23868 --- [           main] ConditionEvaluationReportLoggingListener : 

Error starting ApplicationContext. To display the conditions report re-run your application with 'debug' enabled.
2021-08-31 20:28:38.291 ERROR 23868 --- [           main] o.s.b.d.LoggingFailureAnalysisReporter   : 

***************************
APPLICATION FAILED TO START
***************************

Description:

Failed to configure a DataSource: 'url' attribute is not specified and no embedded datasource could be configured.

Reason: Failed to determine a suitable driver class


Action:

Consider the following:
	If you want an embedded database (H2, HSQL or Derby), please put it on the classpath.
	If you have database settings to be loaded from a particular profile you may need to activate it (no profiles are currently active).

2021-08-31 20:28:38.296 ERROR 23868 --- [           main] o.s.test.context.TestContextManager      : Caught exception while allowing TestExecutionListener [org.springframework.test.context.web.ServletTestExecutionListener@54422e18] to prepare test instance [com.li.admin.Boot05WebAdminApplicationTests@680a66dd]

java.lang.IllegalStateException: Failed to load ApplicationContext
	at org.springframework.test.context.cache.DefaultCacheAwareContextLoaderDelegate.loadContext(DefaultCacheAwareContextLoaderDelegate.java:132) ~[spring-test-5.3.9.jar:5.3.9]
	at org.springframework.test.context.support.DefaultTestContext.getApplicationContext(DefaultTestContext.java:124) ~[spring-test-5.3.9.jar:5.3.9]
	at org.springframework.test.context.web.ServletTestExecutionListener.setUpRequestContextIfNecessary(ServletTestExecutionListener.java:190) ~[spring-test-5.3.9.jar:5.3.9]
	at org.springframework.test.context.web.ServletTestExecutionListener.prepareTestInstance(ServletTestExecutionListener.java:132) ~[spring-test-5.3.9.jar:5.3.9]
	at org.springframework.test.context.TestContextManager.prepareTestInstance(TestContextManager.java:244) ~[spring-test-5.3.9.jar:5.3.9]
	at org.springframework.test.context.junit.jupiter.SpringExtension.postProcessTestInstance(SpringExtension.java:138) [spring-test-5.3.9.jar:5.3.9]
	at org.junit.jupiter.engine.descriptor.ClassBasedTestDescriptor.lambda$invokeTestInstancePostProcessors$6(ClassBasedTestDescriptor.java:350) [junit-jupiter-engine-5.7.2.jar:5.7.2]
	at org.junit.jupiter.engine.descriptor.ClassBasedTestDescriptor.executeAndMaskThrowable(ClassBasedTestDescriptor.java:355) [junit-jupiter-engine-5.7.2.jar:5.7.2]
	at org.junit.jupiter.engine.descriptor.ClassBasedTestDescriptor.lambda$invokeTestInstancePostProcessors$7(ClassBasedTestDescriptor.java:350) [junit-jupiter-engine-5.7.2.jar:5.7.2]
	at java.util.stream.ReferencePipeline$3$1.accept(ReferencePipeline.java:193) ~[na:na]
	at java.util.stream.ReferencePipeline$2$1.accept(ReferencePipeline.java:175) ~[na:na]
	at java.util.ArrayList$ArrayListSpliterator.forEachRemaining(ArrayList.java:1384) ~[na:na]
	at java.util.stream.AbstractPipeline.copyInto(AbstractPipeline.java:482) ~[na:na]
	at java.util.stream.AbstractPipeline.wrapAndCopyInto(AbstractPipeline.java:472) ~[na:na]
	at java.util.stream.StreamSpliterators$WrappingSpliterator.forEachRemaining(StreamSpliterators.java:313) ~[na:na]
	at java.util.stream.Streams$ConcatSpliterator.forEachRemaining(Streams.java:743) ~[na:na]
	at java.util.stream.Streams$ConcatSpliterator.forEachRemaining(Streams.java:742) ~[na:na]
	at java.util.stream.ReferencePipeline$Head.forEach(ReferencePipeline.java:647) ~[na:na]
	at org.junit.jupiter.engine.descriptor.ClassBasedTestDescriptor.invokeTestInstancePostProcessors(ClassBasedTestDescriptor.java:349) [junit-jupiter-engine-5.7.2.jar:5.7.2]
	at org.junit.jupiter.engine.descriptor.ClassBasedTestDescriptor.lambda$instantiateAndPostProcessTestInstance$4(ClassBasedTestDescriptor.java:270) [junit-jupiter-engine-5.7.2.jar:5.7.2]
	at org.junit.platform.engine.support.hierarchical.ThrowableCollector.execute(ThrowableCollector.java:73) ~[junit-platform-engine-1.7.2.jar:1.7.2]
	at org.junit.jupiter.engine.descriptor.ClassBasedTestDescriptor.instantiateAndPostProcessTestInstance(ClassBasedTestDescriptor.java:269) [junit-jupiter-engine-5.7.2.jar:5.7.2]
	at org.junit.jupiter.engine.descriptor.ClassBasedTestDescriptor.lambda$testInstancesProvider$2(ClassBasedTestDescriptor.java:259) [junit-jupiter-engine-5.7.2.jar:5.7.2]
	at java.util.Optional.orElseGet(Optional.java:267) ~[na:na]
	at org.junit.jupiter.engine.descriptor.ClassBasedTestDescriptor.lambda$testInstancesProvider$3(ClassBasedTestDescriptor.java:258) [junit-jupiter-engine-5.7.2.jar:5.7.2]
	at org.junit.jupiter.engine.execution.TestInstancesProvider.getTestInstances(TestInstancesProvider.java:31) ~[junit-jupiter-engine-5.7.2.jar:5.7.2]
	at org.junit.jupiter.engine.descriptor.TestMethodTestDescriptor.lambda$prepare$0(TestMethodTestDescriptor.java:101) ~[junit-jupiter-engine-5.7.2.jar:5.7.2]
	at org.junit.platform.engine.support.hierarchical.ThrowableCollector.execute(ThrowableCollector.java:73) ~[junit-platform-engine-1.7.2.jar:1.7.2]
	at org.junit.jupiter.engine.descriptor.TestMethodTestDescriptor.prepare(TestMethodTestDescriptor.java:100) ~[junit-jupiter-engine-5.7.2.jar:5.7.2]
	at org.junit.jupiter.engine.descriptor.TestMethodTestDescriptor.prepare(TestMethodTestDescriptor.java:65) ~[junit-jupiter-engine-5.7.2.jar:5.7.2]
	at org.junit.platform.engine.support.hierarchical.NodeTestTask.lambda$prepare$1(NodeTestTask.java:111) ~[junit-platform-engine-1.7.2.jar:1.7.2]
	at org.junit.platform.engine.support.hierarchical.ThrowableCollector.execute(ThrowableCollector.java:73) ~[junit-platform-engine-1.7.2.jar:1.7.2]
	at org.junit.platform.engine.support.hierarchical.NodeTestTask.prepare(NodeTestTask.java:111) ~[junit-platform-engine-1.7.2.jar:1.7.2]
	at org.junit.platform.engine.support.hierarchical.NodeTestTask.execute(NodeTestTask.java:79) ~[junit-platform-engine-1.7.2.jar:1.7.2]
	at java.util.ArrayList.forEach(ArrayList.java:1259) ~[na:na]
	at org.junit.platform.engine.support.hierarchical.SameThreadHierarchicalTestExecutorService.invokeAll(SameThreadHierarchicalTestExecutorService.java:38) ~[junit-platform-engine-1.7.2.jar:1.7.2]
	at org.junit.platform.engine.support.hierarchical.NodeTestTask.lambda$executeRecursively$5(NodeTestTask.java:143) ~[junit-platform-engine-1.7.2.jar:1.7.2]
	at org.junit.platform.engine.support.hierarchical.ThrowableCollector.execute(ThrowableCollector.java:73) ~[junit-platform-engine-1.7.2.jar:1.7.2]
	at org.junit.platform.engine.support.hierarchical.NodeTestTask.lambda$executeRecursively$7(NodeTestTask.java:129) ~[junit-platform-engine-1.7.2.jar:1.7.2]
	at org.junit.platform.engine.support.hierarchical.Node.around(Node.java:137) ~[junit-platform-engine-1.7.2.jar:1.7.2]
	at org.junit.platform.engine.support.hierarchical.NodeTestTask.lambda$executeRecursively$8(NodeTestTask.java:127) ~[junit-platform-engine-1.7.2.jar:1.7.2]
	at org.junit.platform.engine.support.hierarchical.ThrowableCollector.execute(ThrowableCollector.java:73) ~[junit-platform-engine-1.7.2.jar:1.7.2]
	at org.junit.platform.engine.support.hierarchical.NodeTestTask.executeRecursively(NodeTestTask.java:126) ~[junit-platform-engine-1.7.2.jar:1.7.2]
	at org.junit.platform.engine.support.hierarchical.NodeTestTask.execute(NodeTestTask.java:84) ~[junit-platform-engine-1.7.2.jar:1.7.2]
	at java.util.ArrayList.forEach(ArrayList.java:1259) ~[na:na]
	at org.junit.platform.engine.support.hierarchical.SameThreadHierarchicalTestExecutorService.invokeAll(SameThreadHierarchicalTestExecutorService.java:38) ~[junit-platform-engine-1.7.2.jar:1.7.2]
	at org.junit.platform.engine.support.hierarchical.NodeTestTask.lambda$executeRecursively$5(NodeTestTask.java:143) ~[junit-platform-engine-1.7.2.jar:1.7.2]
	at org.junit.platform.engine.support.hierarchical.ThrowableCollector.execute(ThrowableCollector.java:73) ~[junit-platform-engine-1.7.2.jar:1.7.2]
	at org.junit.platform.engine.support.hierarchical.NodeTestTask.lambda$executeRecursively$7(NodeTestTask.java:129) ~[junit-platform-engine-1.7.2.jar:1.7.2]
	at org.junit.platform.engine.support.hierarchical.Node.around(Node.java:137) ~[junit-platform-engine-1.7.2.jar:1.7.2]
	at org.junit.platform.engine.support.hierarchical.NodeTestTask.lambda$executeRecursively$8(NodeTestTask.java:127) ~[junit-platform-engine-1.7.2.jar:1.7.2]
	at org.junit.platform.engine.support.hierarchical.ThrowableCollector.execute(ThrowableCollector.java:73) ~[junit-platform-engine-1.7.2.jar:1.7.2]
	at org.junit.platform.engine.support.hierarchical.NodeTestTask.executeRecursively(NodeTestTask.java:126) ~[junit-platform-engine-1.7.2.jar:1.7.2]
	at org.junit.platform.engine.support.hierarchical.NodeTestTask.execute(NodeTestTask.java:84) ~[junit-platform-engine-1.7.2.jar:1.7.2]
	at org.junit.platform.engine.support.hierarchical.SameThreadHierarchicalTestExecutorService.submit(SameThreadHierarchicalTestExecutorService.java:32) ~[junit-platform-engine-1.7.2.jar:1.7.2]
	at org.junit.platform.engine.support.hierarchical.HierarchicalTestExecutor.execute(HierarchicalTestExecutor.java:57) ~[junit-platform-engine-1.7.2.jar:1.7.2]
	at org.junit.platform.engine.support.hierarchical.HierarchicalTestEngine.execute(HierarchicalTestEngine.java:51) ~[junit-platform-engine-1.7.2.jar:1.7.2]
	at org.junit.platform.launcher.core.DefaultLauncher.execute(DefaultLauncher.java:220) ~[junit-platform-launcher-1.3.1.jar:1.3.1]
	at org.junit.platform.launcher.core.DefaultLauncher.lambda$execute$6(DefaultLauncher.java:188) ~[junit-platform-launcher-1.3.1.jar:1.3.1]
	at org.junit.platform.launcher.core.DefaultLauncher.withInterceptedStreams(DefaultLauncher.java:202) ~[junit-platform-launcher-1.3.1.jar:1.3.1]
	at org.junit.platform.launcher.core.DefaultLauncher.execute(DefaultLauncher.java:181) ~[junit-platform-launcher-1.3.1.jar:1.3.1]
	at org.junit.platform.launcher.core.DefaultLauncher.execute(DefaultLauncher.java:128) ~[junit-platform-launcher-1.3.1.jar:1.3.1]
	at org.apache.maven.surefire.junitplatform.JUnitPlatformProvider.invokeAllTests(JUnitPlatformProvider.java:150) ~[surefire-junit-platform-2.22.2.jar:2.22.2]
	at org.apache.maven.surefire.junitplatform.JUnitPlatformProvider.invoke(JUnitPlatformProvider.java:124) ~[surefire-junit-platform-2.22.2.jar:2.22.2]
	at org.apache.maven.surefire.booter.ForkedBooter.invokeProviderInSameClassLoader(ForkedBooter.java:384) ~[surefire-booter-2.22.2.jar:2.22.2]
	at org.apache.maven.surefire.booter.ForkedBooter.runSuitesInProcess(ForkedBooter.java:345) ~[surefire-booter-2.22.2.jar:2.22.2]
	at org.apache.maven.surefire.booter.ForkedBooter.execute(ForkedBooter.java:126) ~[surefire-booter-2.22.2.jar:2.22.2]
	at org.apache.maven.surefire.booter.ForkedBooter.main(ForkedBooter.java:418) ~[surefire-booter-2.22.2.jar:2.22.2]
Caused by: org.springframework.beans.factory.BeanCreationException: Error creating bean with name 'dataSource' defined in class path resource [org/springframework/boot/autoconfigure/jdbc/DataSourceConfiguration$Hikari.class]: Bean instantiation via factory method failed; nested exception is org.springframework.beans.BeanInstantiationException: Failed to instantiate [com.zaxxer.hikari.HikariDataSource]: Factory method 'dataSource' threw exception; nested exception is org.springframework.boot.autoconfigure.jdbc.DataSourceProperties$DataSourceBeanCreationException: Failed to determine a suitable driver class
	at org.springframework.beans.factory.support.ConstructorResolver.instantiate(ConstructorResolver.java:658) ~[spring-beans-5.3.9.jar:5.3.9]
	at org.springframework.beans.factory.support.ConstructorResolver.instantiateUsingFactoryMethod(ConstructorResolver.java:638) ~[spring-beans-5.3.9.jar:5.3.9]
	at org.springframework.beans.factory.support.AbstractAutowireCapableBeanFactory.instantiateUsingFactoryMethod(AbstractAutowireCapableBeanFactory.java:1334) ~[spring-beans-5.3.9.jar:5.3.9]
	at org.springframework.beans.factory.support.AbstractAutowireCapableBeanFactory.createBeanInstance(AbstractAutowireCapableBeanFactory.java:1177) ~[spring-beans-5.3.9.jar:5.3.9]
	at org.springframework.beans.factory.support.AbstractAutowireCapableBeanFactory.doCreateBean(AbstractAutowireCapableBeanFactory.java:564) ~[spring-beans-5.3.9.jar:5.3.9]
	at org.springframework.beans.factory.support.AbstractAutowireCapableBeanFactory.createBean(AbstractAutowireCapableBeanFactory.java:524) ~[spring-beans-5.3.9.jar:5.3.9]
	at org.springframework.beans.factory.support.AbstractBeanFactory.lambda$doGetBean$0(AbstractBeanFactory.java:335) ~[spring-beans-5.3.9.jar:5.3.9]
	at org.springframework.beans.factory.support.DefaultSingletonBeanRegistry.getSingleton(DefaultSingletonBeanRegistry.java:234) ~[spring-beans-5.3.9.jar:5.3.9]
	at org.springframework.beans.factory.support.AbstractBeanFactory.doGetBean(AbstractBeanFactory.java:333) ~[spring-beans-5.3.9.jar:5.3.9]
	at org.springframework.beans.factory.support.AbstractBeanFactory.getBean(AbstractBeanFactory.java:208) ~[spring-beans-5.3.9.jar:5.3.9]
	at org.springframework.beans.factory.support.DefaultListableBeanFactory.preInstantiateSingletons(DefaultListableBeanFactory.java:944) ~[spring-beans-5.3.9.jar:5.3.9]
	at org.springframework.context.support.AbstractApplicationContext.finishBeanFactoryInitialization(AbstractApplicationContext.java:918) ~[spring-context-5.3.9.jar:5.3.9]
	at org.springframework.context.support.AbstractApplicationContext.refresh(AbstractApplicationContext.java:583) ~[spring-context-5.3.9.jar:5.3.9]
	at org.springframework.boot.SpringApplication.refresh(SpringApplication.java:754) ~[spring-boot-2.5.4.jar:2.5.4]
	at org.springframework.boot.SpringApplication.refreshContext(SpringApplication.java:434) ~[spring-boot-2.5.4.jar:2.5.4]
	at org.springframework.boot.SpringApplication.run(SpringApplication.java:338) ~[spring-boot-2.5.4.jar:2.5.4]
	at org.springframework.boot.test.context.SpringBootContextLoader.loadContext(SpringBootContextLoader.java:123) ~[spring-boot-test-2.5.4.jar:2.5.4]
	at org.springframework.test.context.cache.DefaultCacheAwareContextLoaderDelegate.loadContextInternal(DefaultCacheAwareContextLoaderDelegate.java:99) ~[spring-test-5.3.9.jar:5.3.9]
	at org.springframework.test.context.cache.DefaultCacheAwareContextLoaderDelegate.loadContext(DefaultCacheAwareContextLoaderDelegate.java:124) ~[spring-test-5.3.9.jar:5.3.9]
	... 67 common frames omitted
Caused by: org.springframework.beans.BeanInstantiationException: Failed to instantiate [com.zaxxer.hikari.HikariDataSource]: Factory method 'dataSource' threw exception; nested exception is org.springframework.boot.autoconfigure.jdbc.DataSourceProperties$DataSourceBeanCreationException: Failed to determine a suitable driver class
	at org.springframework.beans.factory.support.SimpleInstantiationStrategy.instantiate(SimpleInstantiationStrategy.java:185) ~[spring-beans-5.3.9.jar:5.3.9]
	at org.springframework.beans.factory.support.ConstructorResolver.instantiate(ConstructorResolver.java:653) ~[spring-beans-5.3.9.jar:5.3.9]
	... 85 common frames omitted
Caused by: org.springframework.boot.autoconfigure.jdbc.DataSourceProperties$DataSourceBeanCreationException: Failed to determine a suitable driver class
	at org.springframework.boot.autoconfigure.jdbc.DataSourceProperties.determineDriverClassName(DataSourceProperties.java:253) ~[spring-boot-autoconfigure-2.5.4.jar:2.5.4]
	at org.springframework.boot.autoconfigure.jdbc.DataSourceProperties.initializeDataSourceBuilder(DataSourceProperties.java:194) ~[spring-boot-autoconfigure-2.5.4.jar:2.5.4]
	at org.springframework.boot.autoconfigure.jdbc.DataSourceConfiguration.createDataSource(DataSourceConfiguration.java:48) ~[spring-boot-autoconfigure-2.5.4.jar:2.5.4]
	at org.springframework.boot.autoconfigure.jdbc.DataSourceConfiguration$Hikari.dataSource(DataSourceConfiguration.java:90) ~[spring-boot-autoconfigure-2.5.4.jar:2.5.4]
	at sun.reflect.NativeMethodAccessorImpl.invoke0(Native Method) ~[na:na]
	at sun.reflect.NativeMethodAccessorImpl.invoke(NativeMethodAccessorImpl.java:62) ~[na:na]
	at sun.reflect.DelegatingMethodAccessorImpl.invoke(DelegatingMethodAccessorImpl.java:43) ~[na:na]
	at java.lang.reflect.Method.invoke(Method.java:498) ~[na:na]
	at org.springframework.beans.factory.support.SimpleInstantiationStrategy.instantiate(SimpleInstantiationStrategy.java:154) ~[spring-beans-5.3.9.jar:5.3.9]
	... 86 common frames omitted

]]></system-out>
  </testcase>
</testsuite>